<?xml version="1.0" encoding="UTF-8"?>
<!-- Generated by org.testng.reporters.JUnitXMLReporter -->
<testsuite hostname="DS-000000006173" name="Chrome" tests="106" failures="20" timestamp="6 Aug 2015 16:39:56 GMT" time="4778.166" errors="0">
  <testcase name="Sprint5_US279_TC1173" time="21.555" classname="sprint5.US279_ViewAndEditRawItemInformationPage"/>
  <testcase name="Sprint5_US279_TC1174" time="71.09" classname="sprint5.US279_ViewAndEditRawItemInformationPage"/>
  <testcase name="Sprint5_US279_TC1175" time="33.872" classname="sprint5.US279_ViewAndEditRawItemInformationPage"/>
  <testcase name="Sprint5_US279_TC768" time="4.984" classname="sprint5.US279_ViewAndEditRawItemInformationPage"/>
  <testcase name="Sprint5_US279_TC769" time="14.788" classname="sprint5.US279_ViewAndEditRawItemInformationPage"/>
  <testcase name="Sprint7_US367_TC1746" time="20.034" classname="sprint7.US367_EnterRawWaste">
    <failure type="org.openqa.selenium.ElementNotVisibleException" message="element not visible
  (Session info: chrome=46.0.2471.2)
  (Driver info: chromedriver=2.10.267521,platform=Windows NT 6.1 SP1 x86_64) (WARNING: The server did not provide any stacktrace information)
Command duration or timeout: 280 milliseconds
Build info: version: &amp;apos;2.45.0&amp;apos;, revision: &amp;apos;32a636c&amp;apos;, time: &amp;apos;2015-03-05 22:01:35&amp;apos;
System info: host: &amp;apos;DS-000000006173&amp;apos;, ip: &amp;apos;10.112.78.73&amp;apos;, os.name: &amp;apos;Windows 7&amp;apos;, os.arch: &amp;apos;x86&amp;apos;, os.version: &amp;apos;6.1&amp;apos;, java.version: &amp;apos;1.7.0_60&amp;apos;
Session ID: 37633ccb529fbe40f06894eded92dc99
Driver info: org.openqa.selenium.chrome.ChromeDriver
Capabilities [{platform=XP, acceptSslCerts=true, javascriptEnabled=true, browserName=chrome, chrome={userDataDir=C:\Users\shyam_g\AppData\Local\Temp\scoped_dir6600_27377}, rotatable=false, locationContextEnabled=true, version=46.0.2471.2, takesHeapSnapshot=true, cssSelectorsEnabled=true, databaseEnabled=false, handlesAlerts=true, browserConnectionEnabled=false, webStorageEnabled=true, nativeEvents=true, applicationCacheEnabled=false, takesScreenshot=true}]">
      <![CDATA[org.openqa.selenium.ElementNotVisibleException: element not visible
  (Session info: chrome=46.0.2471.2)
  (Driver info: chromedriver=2.10.267521,platform=Windows NT 6.1 SP1 x86_64) (WARNING: The server did not provide any stacktrace information)
Command duration or timeout: 280 milliseconds
Build info: version: '2.45.0', revision: '32a636c', time: '2015-03-05 22:01:35'
System info: host: 'DS-000000006173', ip: '10.112.78.73', os.name: 'Windows 7', os.arch: 'x86', os.version: '6.1', java.version: '1.7.0_60'
Session ID: 37633ccb529fbe40f06894eded92dc99
Driver info: org.openqa.selenium.chrome.ChromeDriver
Capabilities [{platform=XP, acceptSslCerts=true, javascriptEnabled=true, browserName=chrome, chrome={userDataDir=C:\Users\shyam_g\AppData\Local\Temp\scoped_dir6600_27377}, rotatable=false, locationContextEnabled=true, version=46.0.2471.2, takesHeapSnapshot=true, cssSelectorsEnabled=true, databaseEnabled=false, handlesAlerts=true, browserConnectionEnabled=false, webStorageEnabled=true, nativeEvents=true, applicationCacheEnabled=false, takesScreenshot=true}]
	at org.openqa.selenium.remote.ErrorHandler.createThrowable(ErrorHandler.java:204)
	at org.openqa.selenium.remote.ErrorHandler.throwIfResponseFailed(ErrorHandler.java:156)
	at org.openqa.selenium.remote.RemoteWebDriver.execute(RemoteWebDriver.java:599)
	at org.openqa.selenium.remote.RemoteWebElement.execute(RemoteWebElement.java:268)
	at org.openqa.selenium.remote.RemoteWebElement.click(RemoteWebElement.java:79)
	at eInventoryPageClasses.RawItemWastePage.enterCurrentDateAndTimeInRawWasteOccurredAtField(RawItemWastePage.java:120)
	at eInventoryPageClasses.RawItemWastePage.addARawItem(RawItemWastePage.java:139)
	at sprint7.US367_EnterRawWaste.Sprint7_US367_TC1746(US367_EnterRawWaste.java:55)
... Removed 28 stack frames]]>
    </failure>
  </testcase> <!-- Sprint7_US367_TC1746 -->
  <testcase name="Sprint7_US367_TC1748" time="17.099" classname="sprint7.US367_EnterRawWaste">
    <failure type="org.openqa.selenium.ElementNotVisibleException" message="element not visible
  (Session info: chrome=46.0.2471.2)
  (Driver info: chromedriver=2.10.267521,platform=Windows NT 6.1 SP1 x86_64) (WARNING: The server did not provide any stacktrace information)
Command duration or timeout: 330 milliseconds
Build info: version: &amp;apos;2.45.0&amp;apos;, revision: &amp;apos;32a636c&amp;apos;, time: &amp;apos;2015-03-05 22:01:35&amp;apos;
System info: host: &amp;apos;DS-000000006173&amp;apos;, ip: &amp;apos;10.112.78.73&amp;apos;, os.name: &amp;apos;Windows 7&amp;apos;, os.arch: &amp;apos;x86&amp;apos;, os.version: &amp;apos;6.1&amp;apos;, java.version: &amp;apos;1.7.0_60&amp;apos;
Session ID: 8962c853e3f2fb4e859c05b345160bb4
Driver info: org.openqa.selenium.chrome.ChromeDriver
Capabilities [{platform=XP, acceptSslCerts=true, javascriptEnabled=true, browserName=chrome, chrome={userDataDir=C:\Users\shyam_g\AppData\Local\Temp\scoped_dir7080_28913}, rotatable=false, locationContextEnabled=true, version=46.0.2471.2, takesHeapSnapshot=true, cssSelectorsEnabled=true, databaseEnabled=false, handlesAlerts=true, browserConnectionEnabled=false, webStorageEnabled=true, nativeEvents=true, applicationCacheEnabled=false, takesScreenshot=true}]">
      <![CDATA[org.openqa.selenium.ElementNotVisibleException: element not visible
  (Session info: chrome=46.0.2471.2)
  (Driver info: chromedriver=2.10.267521,platform=Windows NT 6.1 SP1 x86_64) (WARNING: The server did not provide any stacktrace information)
Command duration or timeout: 330 milliseconds
Build info: version: '2.45.0', revision: '32a636c', time: '2015-03-05 22:01:35'
System info: host: 'DS-000000006173', ip: '10.112.78.73', os.name: 'Windows 7', os.arch: 'x86', os.version: '6.1', java.version: '1.7.0_60'
Session ID: 8962c853e3f2fb4e859c05b345160bb4
Driver info: org.openqa.selenium.chrome.ChromeDriver
Capabilities [{platform=XP, acceptSslCerts=true, javascriptEnabled=true, browserName=chrome, chrome={userDataDir=C:\Users\shyam_g\AppData\Local\Temp\scoped_dir7080_28913}, rotatable=false, locationContextEnabled=true, version=46.0.2471.2, takesHeapSnapshot=true, cssSelectorsEnabled=true, databaseEnabled=false, handlesAlerts=true, browserConnectionEnabled=false, webStorageEnabled=true, nativeEvents=true, applicationCacheEnabled=false, takesScreenshot=true}]
	at org.openqa.selenium.remote.ErrorHandler.createThrowable(ErrorHandler.java:204)
	at org.openqa.selenium.remote.ErrorHandler.throwIfResponseFailed(ErrorHandler.java:156)
	at org.openqa.selenium.remote.RemoteWebDriver.execute(RemoteWebDriver.java:599)
	at org.openqa.selenium.remote.RemoteWebElement.execute(RemoteWebElement.java:268)
	at org.openqa.selenium.remote.RemoteWebElement.click(RemoteWebElement.java:79)
	at eInventoryPageClasses.RawItemWastePage.enterCurrentDateAndTimeInRawWasteOccurredAtField(RawItemWastePage.java:120)
	at eInventoryPageClasses.RawItemWastePage.addARawItem(RawItemWastePage.java:139)
	at sprint7.US367_EnterRawWaste.Sprint7_US367_TC1748(US367_EnterRawWaste.java:104)
... Removed 28 stack frames]]>
    </failure>
  </testcase> <!-- Sprint7_US367_TC1748 -->
  <testcase name="Sprint7_US367_TC1750" time="25.845" classname="sprint7.US367_EnterRawWaste">
    <failure type="org.openqa.selenium.ElementNotVisibleException" message="element not visible
  (Session info: chrome=46.0.2471.2)
  (Driver info: chromedriver=2.10.267521,platform=Windows NT 6.1 SP1 x86_64) (WARNING: The server did not provide any stacktrace information)
Command duration or timeout: 329 milliseconds
Build info: version: &amp;apos;2.45.0&amp;apos;, revision: &amp;apos;32a636c&amp;apos;, time: &amp;apos;2015-03-05 22:01:35&amp;apos;
System info: host: &amp;apos;DS-000000006173&amp;apos;, ip: &amp;apos;10.112.78.73&amp;apos;, os.name: &amp;apos;Windows 7&amp;apos;, os.arch: &amp;apos;x86&amp;apos;, os.version: &amp;apos;6.1&amp;apos;, java.version: &amp;apos;1.7.0_60&amp;apos;
Session ID: d6b944f12c7918d044e57a1b52b2f1f3
Driver info: org.openqa.selenium.chrome.ChromeDriver
Capabilities [{platform=XP, acceptSslCerts=true, javascriptEnabled=true, browserName=chrome, chrome={userDataDir=C:\Users\shyam_g\AppData\Local\Temp\scoped_dir4616_24904}, rotatable=false, locationContextEnabled=true, version=46.0.2471.2, takesHeapSnapshot=true, cssSelectorsEnabled=true, databaseEnabled=false, handlesAlerts=true, browserConnectionEnabled=false, webStorageEnabled=true, nativeEvents=true, applicationCacheEnabled=false, takesScreenshot=true}]">
      <![CDATA[org.openqa.selenium.ElementNotVisibleException: element not visible
  (Session info: chrome=46.0.2471.2)
  (Driver info: chromedriver=2.10.267521,platform=Windows NT 6.1 SP1 x86_64) (WARNING: The server did not provide any stacktrace information)
Command duration or timeout: 329 milliseconds
Build info: version: '2.45.0', revision: '32a636c', time: '2015-03-05 22:01:35'
System info: host: 'DS-000000006173', ip: '10.112.78.73', os.name: 'Windows 7', os.arch: 'x86', os.version: '6.1', java.version: '1.7.0_60'
Session ID: d6b944f12c7918d044e57a1b52b2f1f3
Driver info: org.openqa.selenium.chrome.ChromeDriver
Capabilities [{platform=XP, acceptSslCerts=true, javascriptEnabled=true, browserName=chrome, chrome={userDataDir=C:\Users\shyam_g\AppData\Local\Temp\scoped_dir4616_24904}, rotatable=false, locationContextEnabled=true, version=46.0.2471.2, takesHeapSnapshot=true, cssSelectorsEnabled=true, databaseEnabled=false, handlesAlerts=true, browserConnectionEnabled=false, webStorageEnabled=true, nativeEvents=true, applicationCacheEnabled=false, takesScreenshot=true}]
	at org.openqa.selenium.remote.ErrorHandler.createThrowable(ErrorHandler.java:204)
	at org.openqa.selenium.remote.ErrorHandler.throwIfResponseFailed(ErrorHandler.java:156)
	at org.openqa.selenium.remote.RemoteWebDriver.execute(RemoteWebDriver.java:599)
	at org.openqa.selenium.remote.RemoteWebElement.execute(RemoteWebElement.java:268)
	at org.openqa.selenium.remote.RemoteWebElement.click(RemoteWebElement.java:79)
	at eInventoryPageClasses.RawItemWastePage.enterCurrentDateAndTimeInRawWasteOccurredAtField(RawItemWastePage.java:120)
	at eInventoryPageClasses.RawItemWastePage.addARawItem(RawItemWastePage.java:139)
	at sprint7.US367_EnterRawWaste.Sprint7_US367_TC1750(US367_EnterRawWaste.java:164)
... Removed 28 stack frames]]>
    </failure>
  </testcase> <!-- Sprint7_US367_TC1750 -->
  <testcase name="Sprint6_US405_TC1210" time="19.64" classname="sprint6.US405_EditRawItemInformationAndManualPurchaseRawItems"/>
  <testcase name="Sprint6_US405_TC1249" time="20.599" classname="sprint6.US405_EditRawItemInformationAndManualPurchaseRawItems"/>
  <testcase name="Sprint6_US405_TC1250" time="13.95" classname="sprint6.US405_EditRawItemInformationAndManualPurchaseRawItems"/>
  <testcase name="Sprint6_US405_TC1251" time="18.536" classname="sprint6.US405_EditRawItemInformationAndManualPurchaseRawItems"/>
  <testcase name="Sprint6_US405_TC1314" time="22.062" classname="sprint6.US405_EditRawItemInformationAndManualPurchaseRawItems"/>
  <testcase name="Sprint2_US178_TC393" time="11.533" classname="sprint2.US178_EnterAManualPurachase"/>
  <testcase name="Sprint2_US178_TC397" time="22.558" classname="sprint2.US178_EnterAManualPurachase"/>
  <testcase name="Sprint2_US178_TC398" time="24.643" classname="sprint2.US178_EnterAManualPurachase"/>
  <testcase name="Sprint2_US178_TC399" time="22.972" classname="sprint2.US178_EnterAManualPurachase"/>
  <testcase name="Sprint2_US178_TC400" time="14.971" classname="sprint2.US178_EnterAManualPurachase"/>
  <testcase name="Sprint2_US178_TC401" time="27.655" classname="sprint2.US178_EnterAManualPurachase"/>
  <testcase name="Sprint2_US178_TC402" time="47.58" classname="sprint2.US178_EnterAManualPurachase"/>
  <testcase name="Sprint2_US178_TC403" time="21.599" classname="sprint2.US178_EnterAManualPurachase"/>
  <testcase name="Sprint5_US290_TC859" time="7.628" classname="sprint5.US290_RawItemDetailPage"/>
  <testcase name="Sprint5_US290_TC861" time="11.911" classname="sprint5.US290_RawItemDetailPage"/>
  <testcase name="Sprint5_US290_TC862" time="14.052" classname="sprint5.US290_RawItemDetailPage"/>
  <testcase name="Sprint5_US290_TC863" time="15.84" classname="sprint5.US290_RawItemDetailPage"/>
  <testcase name="Sprint2_US374_TC1752" time="16.805" classname="sprint7.US374_EnterRawPromo">
    <failure type="org.openqa.selenium.ElementNotVisibleException" message="element not visible
  (Session info: chrome=46.0.2471.2)
  (Driver info: chromedriver=2.10.267521,platform=Windows NT 6.1 SP1 x86_64) (WARNING: The server did not provide any stacktrace information)
Command duration or timeout: 303 milliseconds
Build info: version: &amp;apos;2.45.0&amp;apos;, revision: &amp;apos;32a636c&amp;apos;, time: &amp;apos;2015-03-05 22:01:35&amp;apos;
System info: host: &amp;apos;DS-000000006173&amp;apos;, ip: &amp;apos;10.112.78.73&amp;apos;, os.name: &amp;apos;Windows 7&amp;apos;, os.arch: &amp;apos;x86&amp;apos;, os.version: &amp;apos;6.1&amp;apos;, java.version: &amp;apos;1.7.0_60&amp;apos;
Session ID: cf970b4d789e9667f55ab3c3e8896197
Driver info: org.openqa.selenium.chrome.ChromeDriver
Capabilities [{platform=XP, acceptSslCerts=true, javascriptEnabled=true, browserName=chrome, chrome={userDataDir=C:\Users\shyam_g\AppData\Local\Temp\scoped_dir4136_5070}, rotatable=false, locationContextEnabled=true, version=46.0.2471.2, takesHeapSnapshot=true, cssSelectorsEnabled=true, databaseEnabled=false, handlesAlerts=true, browserConnectionEnabled=false, webStorageEnabled=true, nativeEvents=true, applicationCacheEnabled=false, takesScreenshot=true}]">
      <![CDATA[org.openqa.selenium.ElementNotVisibleException: element not visible
  (Session info: chrome=46.0.2471.2)
  (Driver info: chromedriver=2.10.267521,platform=Windows NT 6.1 SP1 x86_64) (WARNING: The server did not provide any stacktrace information)
Command duration or timeout: 303 milliseconds
Build info: version: '2.45.0', revision: '32a636c', time: '2015-03-05 22:01:35'
System info: host: 'DS-000000006173', ip: '10.112.78.73', os.name: 'Windows 7', os.arch: 'x86', os.version: '6.1', java.version: '1.7.0_60'
Session ID: cf970b4d789e9667f55ab3c3e8896197
Driver info: org.openqa.selenium.chrome.ChromeDriver
Capabilities [{platform=XP, acceptSslCerts=true, javascriptEnabled=true, browserName=chrome, chrome={userDataDir=C:\Users\shyam_g\AppData\Local\Temp\scoped_dir4136_5070}, rotatable=false, locationContextEnabled=true, version=46.0.2471.2, takesHeapSnapshot=true, cssSelectorsEnabled=true, databaseEnabled=false, handlesAlerts=true, browserConnectionEnabled=false, webStorageEnabled=true, nativeEvents=true, applicationCacheEnabled=false, takesScreenshot=true}]
	at org.openqa.selenium.remote.ErrorHandler.createThrowable(ErrorHandler.java:204)
	at org.openqa.selenium.remote.ErrorHandler.throwIfResponseFailed(ErrorHandler.java:156)
	at org.openqa.selenium.remote.RemoteWebDriver.execute(RemoteWebDriver.java:599)
	at org.openqa.selenium.remote.RemoteWebElement.execute(RemoteWebElement.java:268)
	at org.openqa.selenium.remote.RemoteWebElement.click(RemoteWebElement.java:79)
	at eInventoryPageClasses.RawItemPromoPage.enterCurrentDateAndTimeInRawWasteOccurredAtField(RawItemPromoPage.java:130)
	at eInventoryPageClasses.RawItemPromoPage.addARawPromoItem(RawItemPromoPage.java:137)
	at sprint7.US374_EnterRawPromo.Sprint2_US374_TC1752(US374_EnterRawPromo.java:230)
... Removed 28 stack frames]]>
    </failure>
  </testcase> <!-- Sprint2_US374_TC1752 -->
  <testcase name="Sprint2_US374_TC1754" time="22.878" classname="sprint7.US374_EnterRawPromo">
    <failure type="org.openqa.selenium.ElementNotVisibleException" message="element not visible
  (Session info: chrome=46.0.2471.2)
  (Driver info: chromedriver=2.10.267521,platform=Windows NT 6.1 SP1 x86_64) (WARNING: The server did not provide any stacktrace information)
Command duration or timeout: 21 milliseconds
Build info: version: &amp;apos;2.45.0&amp;apos;, revision: &amp;apos;32a636c&amp;apos;, time: &amp;apos;2015-03-05 22:01:35&amp;apos;
System info: host: &amp;apos;DS-000000006173&amp;apos;, ip: &amp;apos;10.112.78.73&amp;apos;, os.name: &amp;apos;Windows 7&amp;apos;, os.arch: &amp;apos;x86&amp;apos;, os.version: &amp;apos;6.1&amp;apos;, java.version: &amp;apos;1.7.0_60&amp;apos;
Session ID: b5b2426b5e121373e1cb15cc3ea9500d
Driver info: org.openqa.selenium.chrome.ChromeDriver
Capabilities [{platform=XP, acceptSslCerts=true, javascriptEnabled=true, browserName=chrome, chrome={userDataDir=C:\Users\shyam_g\AppData\Local\Temp\scoped_dir6192_24278}, rotatable=false, locationContextEnabled=true, version=46.0.2471.2, takesHeapSnapshot=true, cssSelectorsEnabled=true, databaseEnabled=false, handlesAlerts=true, browserConnectionEnabled=false, webStorageEnabled=true, nativeEvents=true, applicationCacheEnabled=false, takesScreenshot=true}]">
      <![CDATA[org.openqa.selenium.ElementNotVisibleException: element not visible
  (Session info: chrome=46.0.2471.2)
  (Driver info: chromedriver=2.10.267521,platform=Windows NT 6.1 SP1 x86_64) (WARNING: The server did not provide any stacktrace information)
Command duration or timeout: 21 milliseconds
Build info: version: '2.45.0', revision: '32a636c', time: '2015-03-05 22:01:35'
System info: host: 'DS-000000006173', ip: '10.112.78.73', os.name: 'Windows 7', os.arch: 'x86', os.version: '6.1', java.version: '1.7.0_60'
Session ID: b5b2426b5e121373e1cb15cc3ea9500d
Driver info: org.openqa.selenium.chrome.ChromeDriver
Capabilities [{platform=XP, acceptSslCerts=true, javascriptEnabled=true, browserName=chrome, chrome={userDataDir=C:\Users\shyam_g\AppData\Local\Temp\scoped_dir6192_24278}, rotatable=false, locationContextEnabled=true, version=46.0.2471.2, takesHeapSnapshot=true, cssSelectorsEnabled=true, databaseEnabled=false, handlesAlerts=true, browserConnectionEnabled=false, webStorageEnabled=true, nativeEvents=true, applicationCacheEnabled=false, takesScreenshot=true}]
	at org.openqa.selenium.remote.ErrorHandler.createThrowable(ErrorHandler.java:204)
	at org.openqa.selenium.remote.ErrorHandler.throwIfResponseFailed(ErrorHandler.java:156)
	at org.openqa.selenium.remote.RemoteWebDriver.execute(RemoteWebDriver.java:599)
	at org.openqa.selenium.remote.RemoteWebElement.execute(RemoteWebElement.java:268)
	at org.openqa.selenium.remote.RemoteWebElement.click(RemoteWebElement.java:79)
	at eInventoryPageClasses.RawItemPromoPage.enterCurrentDateAndTimeInRawWasteOccurredAtField(RawItemPromoPage.java:130)
	at eInventoryPageClasses.RawItemPromoPage.addARawPromoItem(RawItemPromoPage.java:137)
	at sprint7.US374_EnterRawPromo.Sprint2_US374_TC1754(US374_EnterRawPromo.java:286)
... Removed 28 stack frames]]>
    </failure>
  </testcase> <!-- Sprint2_US374_TC1754 -->
  <testcase name="Sprint7_US374_TC1751" time="19.946" classname="sprint7.US374_EnterRawPromo">
    <failure type="org.openqa.selenium.ElementNotVisibleException" message="element not visible
  (Session info: chrome=46.0.2471.2)
  (Driver info: chromedriver=2.10.267521,platform=Windows NT 6.1 SP1 x86_64) (WARNING: The server did not provide any stacktrace information)
Command duration or timeout: 291 milliseconds
Build info: version: &amp;apos;2.45.0&amp;apos;, revision: &amp;apos;32a636c&amp;apos;, time: &amp;apos;2015-03-05 22:01:35&amp;apos;
System info: host: &amp;apos;DS-000000006173&amp;apos;, ip: &amp;apos;10.112.78.73&amp;apos;, os.name: &amp;apos;Windows 7&amp;apos;, os.arch: &amp;apos;x86&amp;apos;, os.version: &amp;apos;6.1&amp;apos;, java.version: &amp;apos;1.7.0_60&amp;apos;
Session ID: 7c6fa3420fd1198acb9090f651fa08ed
Driver info: org.openqa.selenium.chrome.ChromeDriver
Capabilities [{platform=XP, acceptSslCerts=true, javascriptEnabled=true, browserName=chrome, chrome={userDataDir=C:\Users\shyam_g\AppData\Local\Temp\scoped_dir6328_13914}, rotatable=false, locationContextEnabled=true, version=46.0.2471.2, takesHeapSnapshot=true, cssSelectorsEnabled=true, databaseEnabled=false, handlesAlerts=true, browserConnectionEnabled=false, webStorageEnabled=true, nativeEvents=true, applicationCacheEnabled=false, takesScreenshot=true}]">
      <![CDATA[org.openqa.selenium.ElementNotVisibleException: element not visible
  (Session info: chrome=46.0.2471.2)
  (Driver info: chromedriver=2.10.267521,platform=Windows NT 6.1 SP1 x86_64) (WARNING: The server did not provide any stacktrace information)
Command duration or timeout: 291 milliseconds
Build info: version: '2.45.0', revision: '32a636c', time: '2015-03-05 22:01:35'
System info: host: 'DS-000000006173', ip: '10.112.78.73', os.name: 'Windows 7', os.arch: 'x86', os.version: '6.1', java.version: '1.7.0_60'
Session ID: 7c6fa3420fd1198acb9090f651fa08ed
Driver info: org.openqa.selenium.chrome.ChromeDriver
Capabilities [{platform=XP, acceptSslCerts=true, javascriptEnabled=true, browserName=chrome, chrome={userDataDir=C:\Users\shyam_g\AppData\Local\Temp\scoped_dir6328_13914}, rotatable=false, locationContextEnabled=true, version=46.0.2471.2, takesHeapSnapshot=true, cssSelectorsEnabled=true, databaseEnabled=false, handlesAlerts=true, browserConnectionEnabled=false, webStorageEnabled=true, nativeEvents=true, applicationCacheEnabled=false, takesScreenshot=true}]
	at org.openqa.selenium.remote.ErrorHandler.createThrowable(ErrorHandler.java:204)
	at org.openqa.selenium.remote.ErrorHandler.throwIfResponseFailed(ErrorHandler.java:156)
	at org.openqa.selenium.remote.RemoteWebDriver.execute(RemoteWebDriver.java:599)
	at org.openqa.selenium.remote.RemoteWebElement.execute(RemoteWebElement.java:268)
	at org.openqa.selenium.remote.RemoteWebElement.click(RemoteWebElement.java:79)
	at eInventoryPageClasses.RawItemPromoPage.enterCurrentDateAndTimeInRawWasteOccurredAtField(RawItemPromoPage.java:130)
	at eInventoryPageClasses.RawItemPromoPage.addARawPromoItem(RawItemPromoPage.java:137)
	at sprint7.US374_EnterRawPromo.Sprint7_US374_TC1751(US374_EnterRawPromo.java:183)
... Removed 28 stack frames]]>
    </failure>
  </testcase> <!-- Sprint7_US374_TC1751 -->
  <testcase name="Sprint6_US457_TC1226" time="61.246" classname="sprint6.US457_GroupWRINsByTemperatureZoneOnThePhysicalInventoryPageAndPrintableInventorySheet">
    <failure type="org.openqa.selenium.NoSuchElementException" message="no such element
  (Session info: chrome=46.0.2471.2)
  (Driver info: chromedriver=2.10.267521,platform=Windows NT 6.1 SP1 x86_64) (WARNING: The server did not provide any stacktrace information)
Command duration or timeout: 15.05 seconds
For documentation on this error, please visit: http://seleniumhq.org/exceptions/no_such_element.html
Build info: version: &amp;apos;2.45.0&amp;apos;, revision: &amp;apos;32a636c&amp;apos;, time: &amp;apos;2015-03-05 22:01:35&amp;apos;
System info: host: &amp;apos;DS-000000006173&amp;apos;, ip: &amp;apos;10.112.78.73&amp;apos;, os.name: &amp;apos;Windows 7&amp;apos;, os.arch: &amp;apos;x86&amp;apos;, os.version: &amp;apos;6.1&amp;apos;, java.version: &amp;apos;1.7.0_60&amp;apos;
*** Element info: {Using=xpath, value=//table[@id=&amp;apos;inventory_table&amp;apos;]/tbody/tr[1]/td/span}
Session ID: cddf41b81152450becd8724bd54ed8f6
Driver info: org.openqa.selenium.chrome.ChromeDriver
Capabilities [{platform=XP, acceptSslCerts=true, javascriptEnabled=true, browserName=chrome, chrome={userDataDir=C:\Users\shyam_g\AppData\Local\Temp\scoped_dir760_2229}, rotatable=false, locationContextEnabled=true, version=46.0.2471.2, takesHeapSnapshot=true, cssSelectorsEnabled=true, databaseEnabled=false, handlesAlerts=true, browserConnectionEnabled=false, webStorageEnabled=true, nativeEvents=true, applicationCacheEnabled=false, takesScreenshot=true}]">
      <![CDATA[org.openqa.selenium.NoSuchElementException: no such element
  (Session info: chrome=46.0.2471.2)
  (Driver info: chromedriver=2.10.267521,platform=Windows NT 6.1 SP1 x86_64) (WARNING: The server did not provide any stacktrace information)
Command duration or timeout: 15.05 seconds
For documentation on this error, please visit: http://seleniumhq.org/exceptions/no_such_element.html
Build info: version: '2.45.0', revision: '32a636c', time: '2015-03-05 22:01:35'
System info: host: 'DS-000000006173', ip: '10.112.78.73', os.name: 'Windows 7', os.arch: 'x86', os.version: '6.1', java.version: '1.7.0_60'
*** Element info: {Using=xpath, value=//table[@id='inventory_table']/tbody/tr[1]/td/span}
Session ID: cddf41b81152450becd8724bd54ed8f6
Driver info: org.openqa.selenium.chrome.ChromeDriver
Capabilities [{platform=XP, acceptSslCerts=true, javascriptEnabled=true, browserName=chrome, chrome={userDataDir=C:\Users\shyam_g\AppData\Local\Temp\scoped_dir760_2229}, rotatable=false, locationContextEnabled=true, version=46.0.2471.2, takesHeapSnapshot=true, cssSelectorsEnabled=true, databaseEnabled=false, handlesAlerts=true, browserConnectionEnabled=false, webStorageEnabled=true, nativeEvents=true, applicationCacheEnabled=false, takesScreenshot=true}]
	at org.openqa.selenium.remote.ErrorHandler.createThrowable(ErrorHandler.java:204)
	at org.openqa.selenium.remote.ErrorHandler.throwIfResponseFailed(ErrorHandler.java:156)
	at org.openqa.selenium.remote.RemoteWebDriver.execute(RemoteWebDriver.java:599)
	at org.openqa.selenium.remote.RemoteWebDriver.findElement(RemoteWebDriver.java:352)
	at org.openqa.selenium.remote.RemoteWebDriver.findElementByXPath(RemoteWebDriver.java:449)
	at org.openqa.selenium.By$ByXPath.findElement(By.java:357)
	at org.openqa.selenium.remote.RemoteWebDriver.findElement(RemoteWebDriver.java:344)
	at sprint6.US457_GroupWRINsByTemperatureZoneOnThePhysicalInventoryPageAndPrintableInventorySheet.Sprint6_US457_TC1226(US457_GroupWRINsByTemperatureZoneOnThePhysicalInventoryPageAndPrintableInventorySheet.java:199)
... Removed 28 stack frames]]>
    </failure>
  </testcase> <!-- Sprint6_US457_TC1226 -->
  <testcase name="Sprint6_US457_TC1228" time="19.622" classname="sprint6.US457_GroupWRINsByTemperatureZoneOnThePhysicalInventoryPageAndPrintableInventorySheet">
    <failure type="java.lang.IndexOutOfBoundsException" message="Index: 1, Size: 1">
      <![CDATA[java.lang.IndexOutOfBoundsException: Index: 1, Size: 1
	at java.util.ArrayList.rangeCheck(Unknown Source)
	at java.util.ArrayList.get(Unknown Source)
	at sprint6.US457_GroupWRINsByTemperatureZoneOnThePhysicalInventoryPageAndPrintableInventorySheet.Sprint6_US457_TC1228(US457_GroupWRINsByTemperatureZoneOnThePhysicalInventoryPageAndPrintableInventorySheet.java:45)
... Removed 24 stack frames]]>
    </failure>
  </testcase> <!-- Sprint6_US457_TC1228 -->
  <testcase name="Sprint2_US179_TC452" time="28.821" classname="sprint2.US179_PostAManualPurchase"/>
  <testcase name="Sprint2_US179_TC453" time="65.597" classname="sprint2.US179_PostAManualPurchase"/>
  <testcase name="Sprint2_US179_TC530" time="27.18" classname="sprint2.US179_PostAManualPurchase"/>
  <testcase name="Sprint7_US425_TC1737" time="16.488" classname="sprint7.US425_WastePromoLandingPage">
    <failure type="org.openqa.selenium.ElementNotVisibleException" message="element not visible
  (Session info: chrome=46.0.2471.2)
  (Driver info: chromedriver=2.10.267521,platform=Windows NT 6.1 SP1 x86_64) (WARNING: The server did not provide any stacktrace information)
Command duration or timeout: 321 milliseconds
Build info: version: &amp;apos;2.45.0&amp;apos;, revision: &amp;apos;32a636c&amp;apos;, time: &amp;apos;2015-03-05 22:01:35&amp;apos;
System info: host: &amp;apos;DS-000000006173&amp;apos;, ip: &amp;apos;10.112.78.73&amp;apos;, os.name: &amp;apos;Windows 7&amp;apos;, os.arch: &amp;apos;x86&amp;apos;, os.version: &amp;apos;6.1&amp;apos;, java.version: &amp;apos;1.7.0_60&amp;apos;
Session ID: de6fc49f009d1eb9ba90718c457ac206
Driver info: org.openqa.selenium.chrome.ChromeDriver
Capabilities [{platform=XP, acceptSslCerts=true, javascriptEnabled=true, browserName=chrome, chrome={userDataDir=C:\Users\shyam_g\AppData\Local\Temp\scoped_dir2308_28030}, rotatable=false, locationContextEnabled=true, version=46.0.2471.2, takesHeapSnapshot=true, cssSelectorsEnabled=true, databaseEnabled=false, handlesAlerts=true, browserConnectionEnabled=false, webStorageEnabled=true, nativeEvents=true, applicationCacheEnabled=false, takesScreenshot=true}]">
      <![CDATA[org.openqa.selenium.ElementNotVisibleException: element not visible
  (Session info: chrome=46.0.2471.2)
  (Driver info: chromedriver=2.10.267521,platform=Windows NT 6.1 SP1 x86_64) (WARNING: The server did not provide any stacktrace information)
Command duration or timeout: 321 milliseconds
Build info: version: '2.45.0', revision: '32a636c', time: '2015-03-05 22:01:35'
System info: host: 'DS-000000006173', ip: '10.112.78.73', os.name: 'Windows 7', os.arch: 'x86', os.version: '6.1', java.version: '1.7.0_60'
Session ID: de6fc49f009d1eb9ba90718c457ac206
Driver info: org.openqa.selenium.chrome.ChromeDriver
Capabilities [{platform=XP, acceptSslCerts=true, javascriptEnabled=true, browserName=chrome, chrome={userDataDir=C:\Users\shyam_g\AppData\Local\Temp\scoped_dir2308_28030}, rotatable=false, locationContextEnabled=true, version=46.0.2471.2, takesHeapSnapshot=true, cssSelectorsEnabled=true, databaseEnabled=false, handlesAlerts=true, browserConnectionEnabled=false, webStorageEnabled=true, nativeEvents=true, applicationCacheEnabled=false, takesScreenshot=true}]
	at org.openqa.selenium.remote.ErrorHandler.createThrowable(ErrorHandler.java:204)
	at org.openqa.selenium.remote.ErrorHandler.throwIfResponseFailed(ErrorHandler.java:156)
	at org.openqa.selenium.remote.RemoteWebDriver.execute(RemoteWebDriver.java:599)
	at org.openqa.selenium.remote.RemoteWebElement.execute(RemoteWebElement.java:268)
	at org.openqa.selenium.remote.RemoteWebElement.click(RemoteWebElement.java:79)
	at eInventoryPageClasses.RawItemWastePage.enterCurrentDateAndTimeInRawWasteOccurredAtField(RawItemWastePage.java:120)
	at eInventoryPageClasses.RawItemWastePage.addARawItem(RawItemWastePage.java:139)
	at sprint7.US425_WastePromoLandingPage.Sprint7_US425_TC1737(US425_WastePromoLandingPage.java:38)
... Removed 28 stack frames]]>
    </failure>
  </testcase> <!-- Sprint7_US425_TC1737 -->
  <testcase name="Sprint7_US425_TC1738" time="16.362" classname="sprint7.US425_WastePromoLandingPage">
    <failure type="org.openqa.selenium.ElementNotVisibleException" message="element not visible
  (Session info: chrome=46.0.2471.2)
  (Driver info: chromedriver=2.10.267521,platform=Windows NT 6.1 SP1 x86_64) (WARNING: The server did not provide any stacktrace information)
Command duration or timeout: 378 milliseconds
Build info: version: &amp;apos;2.45.0&amp;apos;, revision: &amp;apos;32a636c&amp;apos;, time: &amp;apos;2015-03-05 22:01:35&amp;apos;
System info: host: &amp;apos;DS-000000006173&amp;apos;, ip: &amp;apos;10.112.78.73&amp;apos;, os.name: &amp;apos;Windows 7&amp;apos;, os.arch: &amp;apos;x86&amp;apos;, os.version: &amp;apos;6.1&amp;apos;, java.version: &amp;apos;1.7.0_60&amp;apos;
Session ID: 453b0d5b5b37ce00a9450b2f892f4fcd
Driver info: org.openqa.selenium.chrome.ChromeDriver
Capabilities [{platform=XP, acceptSslCerts=true, javascriptEnabled=true, browserName=chrome, chrome={userDataDir=C:\Users\shyam_g\AppData\Local\Temp\scoped_dir4952_9933}, rotatable=false, locationContextEnabled=true, version=46.0.2471.2, takesHeapSnapshot=true, cssSelectorsEnabled=true, databaseEnabled=false, handlesAlerts=true, browserConnectionEnabled=false, webStorageEnabled=true, nativeEvents=true, applicationCacheEnabled=false, takesScreenshot=true}]">
      <![CDATA[org.openqa.selenium.ElementNotVisibleException: element not visible
  (Session info: chrome=46.0.2471.2)
  (Driver info: chromedriver=2.10.267521,platform=Windows NT 6.1 SP1 x86_64) (WARNING: The server did not provide any stacktrace information)
Command duration or timeout: 378 milliseconds
Build info: version: '2.45.0', revision: '32a636c', time: '2015-03-05 22:01:35'
System info: host: 'DS-000000006173', ip: '10.112.78.73', os.name: 'Windows 7', os.arch: 'x86', os.version: '6.1', java.version: '1.7.0_60'
Session ID: 453b0d5b5b37ce00a9450b2f892f4fcd
Driver info: org.openqa.selenium.chrome.ChromeDriver
Capabilities [{platform=XP, acceptSslCerts=true, javascriptEnabled=true, browserName=chrome, chrome={userDataDir=C:\Users\shyam_g\AppData\Local\Temp\scoped_dir4952_9933}, rotatable=false, locationContextEnabled=true, version=46.0.2471.2, takesHeapSnapshot=true, cssSelectorsEnabled=true, databaseEnabled=false, handlesAlerts=true, browserConnectionEnabled=false, webStorageEnabled=true, nativeEvents=true, applicationCacheEnabled=false, takesScreenshot=true}]
	at org.openqa.selenium.remote.ErrorHandler.createThrowable(ErrorHandler.java:204)
	at org.openqa.selenium.remote.ErrorHandler.throwIfResponseFailed(ErrorHandler.java:156)
	at org.openqa.selenium.remote.RemoteWebDriver.execute(RemoteWebDriver.java:599)
	at org.openqa.selenium.remote.RemoteWebElement.execute(RemoteWebElement.java:268)
	at org.openqa.selenium.remote.RemoteWebElement.click(RemoteWebElement.java:79)
	at eInventoryPageClasses.RawItemWastePage.enterCurrentDateAndTimeInRawWasteOccurredAtField(RawItemWastePage.java:120)
	at eInventoryPageClasses.RawItemWastePage.addARawItem(RawItemWastePage.java:139)
	at sprint7.US425_WastePromoLandingPage.Sprint7_US425_TC1738(US425_WastePromoLandingPage.java:76)
... Removed 28 stack frames]]>
    </failure>
  </testcase> <!-- Sprint7_US425_TC1738 -->
  <testcase name="Sprint7_US425_TC1739" time="10.253" classname="sprint7.US425_WastePromoLandingPage"/>
  <testcase name="Sprint7_US425_TC1741" time="24.901" classname="sprint7.US425_WastePromoLandingPage"/>
  <testcase name="Sprint7_US425_TC1743" time="94.317" classname="sprint7.US425_WastePromoLandingPage">
    <failure type="org.openqa.selenium.TimeoutException" message="Timed out after 60 seconds waiting for visibility of Proxy element for: org.openqa.selenium.support.pagefactory.DefaultElementLocator@13f9c6b
Build info: version: &amp;apos;2.45.0&amp;apos;, revision: &amp;apos;32a636c&amp;apos;, time: &amp;apos;2015-03-05 22:01:35&amp;apos;
System info: host: &amp;apos;DS-000000006173&amp;apos;, ip: &amp;apos;10.112.78.73&amp;apos;, os.name: &amp;apos;Windows 7&amp;apos;, os.arch: &amp;apos;x86&amp;apos;, os.version: &amp;apos;6.1&amp;apos;, java.version: &amp;apos;1.7.0_60&amp;apos;
Session ID: fc1d7fb13672e36a55dc59e04e8bb413
Driver info: org.openqa.selenium.chrome.ChromeDriver
Capabilities [{platform=XP, acceptSslCerts=true, javascriptEnabled=true, browserName=chrome, chrome={userDataDir=C:\Users\shyam_g\AppData\Local\Temp\scoped_dir5712_26814}, rotatable=false, locationContextEnabled=true, version=46.0.2471.2, takesHeapSnapshot=true, cssSelectorsEnabled=true, databaseEnabled=false, handlesAlerts=true, browserConnectionEnabled=false, webStorageEnabled=true, nativeEvents=true, applicationCacheEnabled=false, takesScreenshot=true}]">
      <![CDATA[org.openqa.selenium.TimeoutException: Timed out after 60 seconds waiting for visibility of Proxy element for: org.openqa.selenium.support.pagefactory.DefaultElementLocator@13f9c6b
Build info: version: '2.45.0', revision: '32a636c', time: '2015-03-05 22:01:35'
System info: host: 'DS-000000006173', ip: '10.112.78.73', os.name: 'Windows 7', os.arch: 'x86', os.version: '6.1', java.version: '1.7.0_60'
Session ID: fc1d7fb13672e36a55dc59e04e8bb413
Driver info: org.openqa.selenium.chrome.ChromeDriver
Capabilities [{platform=XP, acceptSslCerts=true, javascriptEnabled=true, browserName=chrome, chrome={userDataDir=C:\Users\shyam_g\AppData\Local\Temp\scoped_dir5712_26814}, rotatable=false, locationContextEnabled=true, version=46.0.2471.2, takesHeapSnapshot=true, cssSelectorsEnabled=true, databaseEnabled=false, handlesAlerts=true, browserConnectionEnabled=false, webStorageEnabled=true, nativeEvents=true, applicationCacheEnabled=false, takesScreenshot=true}]
	at org.openqa.selenium.support.ui.WebDriverWait.timeoutException(WebDriverWait.java:79)
	at org.openqa.selenium.support.ui.FluentWait.until(FluentWait.java:228)
	at sprint7.US425_WastePromoLandingPage.Sprint7_US425_TC1743(US425_WastePromoLandingPage.java:214)
Caused by: org.openqa.selenium.NoSuchElementException: no such element
  (Session info: chrome=46.0.2471.2)
  (Driver info: chromedriver=2.10.267521,platform=Windows NT 6.1 SP1 x86_64) (WARNING: The server did not provide any stacktrace information)
Command duration or timeout: 15.04 seconds
For documentation on this error, please visit: http://seleniumhq.org/exceptions/no_such_element.html
Build info: version: '2.45.0', revision: '32a636c', time: '2015-03-05 22:01:35'
System info: host: 'DS-000000006173', ip: '10.112.78.73', os.name: 'Windows 7', os.arch: 'x86', os.version: '6.1', java.version: '1.7.0_60'
*** Element info: {Using=xpath, value=//th[text()='WRIN']}
Session ID: fc1d7fb13672e36a55dc59e04e8bb413
Driver info: org.openqa.selenium.chrome.ChromeDriver
Capabilities [{platform=XP, acceptSslCerts=true, javascriptEnabled=true, browserName=chrome, chrome={userDataDir=C:\Users\shyam_g\AppData\Local\Temp\scoped_dir5712_26814}, rotatable=false, locationContextEnabled=true, version=46.0.2471.2, takesHeapSnapshot=true, cssSelectorsEnabled=true, databaseEnabled=false, handlesAlerts=true, browserConnectionEnabled=false, webStorageEnabled=true, nativeEvents=true, applicationCacheEnabled=false, takesScreenshot=true}]
	at org.openqa.selenium.remote.ErrorHandler.createThrowable(ErrorHandler.java:204)
	at org.openqa.selenium.remote.ErrorHandler.throwIfResponseFailed(ErrorHandler.java:156)
	at org.openqa.selenium.remote.RemoteWebDriver.execute(RemoteWebDriver.java:599)
	at org.openqa.selenium.remote.RemoteWebDriver.findElement(RemoteWebDriver.java:352)
	at org.openqa.selenium.remote.RemoteWebDriver.findElementByXPath(RemoteWebDriver.java:449)
	at org.openqa.selenium.By$ByXPath.findElement(By.java:357)
	at org.openqa.selenium.remote.RemoteWebDriver.findElement(RemoteWebDriver.java:344)
	at org.openqa.selenium.support.pagefactory.DefaultElementLocator.findElement(DefaultElementLocator.java:59)
	at org.openqa.selenium.support.pagefactory.internal.LocatingElementHandler.invoke(LocatingElementHandler.java:37)
	at com.sun.proxy.$Proxy13.isDisplayed(Unknown Source)
	at org.openqa.selenium.support.ui.ExpectedConditions.elementIfVisible(ExpectedConditions.java:227)
	at org.openqa.selenium.support.ui.ExpectedConditions.access$1(ExpectedConditions.java:226)
	at org.openqa.selenium.support.ui.ExpectedConditions$7.apply(ExpectedConditions.java:213)
	at org.openqa.selenium.support.ui.ExpectedConditions$7.apply(ExpectedConditions.java:1)
	at org.openqa.selenium.support.ui.FluentWait.until(FluentWait.java:208)
	... 25 more
... Removed 28 stack frames]]>
    </failure>
  </testcase> <!-- Sprint7_US425_TC1743 -->
  <testcase name="Sprint6_US458_TC1230" time="19.203" classname="sprint6.US458_GroupWRINsByAssemblyItemOnThePhysicalInventoryPageAndPrintableInventorySheet">
    <failure type="java.lang.IndexOutOfBoundsException" message="Index: 1, Size: 1">
      <![CDATA[java.lang.IndexOutOfBoundsException: Index: 1, Size: 1
	at java.util.ArrayList.rangeCheck(Unknown Source)
	at java.util.ArrayList.get(Unknown Source)
	at sprint6.US458_GroupWRINsByAssemblyItemOnThePhysicalInventoryPageAndPrintableInventorySheet.Sprint6_US458_TC1230(US458_GroupWRINsByAssemblyItemOnThePhysicalInventoryPageAndPrintableInventorySheet.java:45)
... Removed 24 stack frames]]>
    </failure>
  </testcase> <!-- Sprint6_US458_TC1230 -->
  <testcase name="Sprint5_US529_TC798" time="11.001" classname="sprint5.US529_TransferLandingPage"/>
  <testcase name="Sprint5_US529_TC799" time="8.739" classname="sprint5.US529_TransferLandingPage"/>
  <testcase name="Sprint5_US529_TC876" time="15.778" classname="sprint5.US529_TransferLandingPage"/>
  <testcase name="Sprint5_US529_TC877" time="0.001" classname="sprint5.US529_TransferLandingPage">
    <failure type="java.lang.NullPointerException">
      <![CDATA[java.lang.NullPointerException
	at common.ReadTestData.getRowNumber(ReadTestData.java:110)
	at common.ReadTestData.getPageObjectSheet(ReadTestData.java:86)
	at common.ReadTestData.getTestDataSheet(ReadTestData.java:34)
	at sprint5.US529_TransferLandingPage.Sprint5_US529_TC877(US529_TransferLandingPage.java:179)
... Removed 24 stack frames]]>
    </failure>
  </testcase> <!-- Sprint5_US529_TC877 -->
  <testcase name="Sprint2_US186_TC1540" time="36.637" classname="sprint2.US186_EditManualPurchase"/>
  <testcase name="Sprint2_US186_TC1541" time="49.92" classname="sprint2.US186_EditManualPurchase"/>
  <testcase name="Sprint2_US186_TC1542" time="36.245" classname="sprint2.US186_EditManualPurchase"/>
  <testcase name="Sprint2_US186_TC1543" time="39.776" classname="sprint2.US186_EditManualPurchase"/>
  <testcase name="Sprint2_US186_TC1544" time="42.023" classname="sprint2.US186_EditManualPurchase"/>
  <testcase name="Sprint2_US186_TC1545" time="41.022" classname="sprint2.US186_EditManualPurchase"/>
  <testcase name="Sprint2_US186_TC1546" time="69.037" classname="sprint2.US186_EditManualPurchase"/>
  <testcase name="Sprint2_US186_TC1547" time="62.052" classname="sprint2.US186_EditManualPurchase"/>
  <testcase name="Sprint2_US186_TC411" time="8.464" classname="sprint2.US186_EditManualPurchase"/>
  <testcase name="Sprint6_US459_TC1245" time="40.527" classname="sprint6.US459_GroupWRINsByWRINPrefixOnThePhysicalInventoryPageAndPrintableInventorySheet"/>
  <testcase name="Sprint6_US459_TC1247" time="20.121" classname="sprint6.US459_GroupWRINsByWRINPrefixOnThePhysicalInventoryPageAndPrintableInventorySheet">
    <failure type="java.lang.IndexOutOfBoundsException" message="Index: 1, Size: 1">
      <![CDATA[java.lang.IndexOutOfBoundsException: Index: 1, Size: 1
	at java.util.ArrayList.rangeCheck(Unknown Source)
	at java.util.ArrayList.get(Unknown Source)
	at sprint6.US459_GroupWRINsByWRINPrefixOnThePhysicalInventoryPageAndPrintableInventorySheet.Sprint6_US459_TC1247(US459_GroupWRINsByWRINPrefixOnThePhysicalInventoryPageAndPrintableInventorySheet.java:38)
... Removed 24 stack frames]]>
    </failure>
  </testcase> <!-- Sprint6_US459_TC1247 -->
  <testcase name="Sprint5_US553_TC778" time="35.295" classname="sprint5.US553_InitiateAndSubmitTransfer"/>
  <testcase name="Sprint5_US553_TC781" time="17.655" classname="sprint5.US553_InitiateAndSubmitTransfer"/>
  <testcase name="Sprint5_US553_TC794" time="27.882" classname="sprint5.US553_InitiateAndSubmitTransfer"/>
  <testcase name="Sprint5_US553_TC795" time="21.959" classname="sprint5.US553_InitiateAndSubmitTransfer"/>
  <testcase name="Sprint5_US553_TC874" time="8.692" classname="sprint5.US553_InitiateAndSubmitTransfer"/>
  <testcase name="Sprint2_US602_TC1349" time="14.269" classname="sprint7.US602_ViewMenuItemInformation"/>
  <testcase name="Sprint2_US602_TC1350" time="18.545" classname="sprint7.US602_ViewMenuItemInformation"/>
  <testcase name="Sprint2_US602_TC1351" time="15.274" classname="sprint7.US602_ViewMenuItemInformation"/>
  <testcase name="Sprint2_US602_TC1373" time="46.787" classname="sprint7.US602_ViewMenuItemInformation"/>
  <testcase name="Sprint2_US189_TC469" time="35.876" classname="sprint2.US189_PurchasesLandingPage"/>
  <testcase name="Sprint2_US189_TC471" time="31.682" classname="sprint2.US189_PurchasesLandingPage"/>
  <testcase name="Sprint2_US189_TC473" time="13.063" classname="sprint2.US189_PurchasesLandingPage"/>
  <testcase name="Sprint2_US189_TC474" time="31.519" classname="sprint2.US189_PurchasesLandingPage"/>
  <testcase name="Sprint2_US189_TC475" time="78.962" classname="sprint2.US189_PurchasesLandingPage"/>
  <testcase name="Sprint6_US460_TC1252" time="18.253" classname="sprint6.US460_SearchOnThePhysicalInventoryPageToShowSearchResultsForTheEntireListOfWRINs"/>
  <testcase name="Sprint6_US460_TC1253" time="31.815" classname="sprint6.US460_SearchOnThePhysicalInventoryPageToShowSearchResultsForTheEntireListOfWRINs">
    <failure type="org.openqa.selenium.WebDriverException" message="unknown error: Element is not clickable at point (320, 132). Other element would receive the click: &amp;lt;div class=&amp;quot;modal-backdrop fade in&amp;quot; style=&amp;quot;height: 671px;&amp;quot;&amp;gt;&amp;lt;/div&amp;gt;
  (Session info: chrome=46.0.2471.2)
  (Driver info: chromedriver=2.10.267521,platform=Windows NT 6.1 SP1 x86_64) (WARNING: The server did not provide any stacktrace information)
Command duration or timeout: 76 milliseconds
Build info: version: &amp;apos;2.45.0&amp;apos;, revision: &amp;apos;32a636c&amp;apos;, time: &amp;apos;2015-03-05 22:01:35&amp;apos;
System info: host: &amp;apos;DS-000000006173&amp;apos;, ip: &amp;apos;10.112.78.73&amp;apos;, os.name: &amp;apos;Windows 7&amp;apos;, os.arch: &amp;apos;x86&amp;apos;, os.version: &amp;apos;6.1&amp;apos;, java.version: &amp;apos;1.7.0_60&amp;apos;
Session ID: a0dd9eb6a4d1814edcb558826c6cdc41
Driver info: org.openqa.selenium.chrome.ChromeDriver
Capabilities [{platform=XP, acceptSslCerts=true, javascriptEnabled=true, browserName=chrome, chrome={userDataDir=C:\Users\shyam_g\AppData\Local\Temp\scoped_dir5492_1071}, rotatable=false, locationContextEnabled=true, version=46.0.2471.2, takesHeapSnapshot=true, cssSelectorsEnabled=true, databaseEnabled=false, handlesAlerts=true, browserConnectionEnabled=false, webStorageEnabled=true, nativeEvents=true, applicationCacheEnabled=false, takesScreenshot=true}]">
      <![CDATA[org.openqa.selenium.WebDriverException: unknown error: Element is not clickable at point (320, 132). Other element would receive the click: <div class="modal-backdrop fade in" style="height: 671px;"></div>
  (Session info: chrome=46.0.2471.2)
  (Driver info: chromedriver=2.10.267521,platform=Windows NT 6.1 SP1 x86_64) (WARNING: The server did not provide any stacktrace information)
Command duration or timeout: 76 milliseconds
Build info: version: '2.45.0', revision: '32a636c', time: '2015-03-05 22:01:35'
System info: host: 'DS-000000006173', ip: '10.112.78.73', os.name: 'Windows 7', os.arch: 'x86', os.version: '6.1', java.version: '1.7.0_60'
Session ID: a0dd9eb6a4d1814edcb558826c6cdc41
Driver info: org.openqa.selenium.chrome.ChromeDriver
Capabilities [{platform=XP, acceptSslCerts=true, javascriptEnabled=true, browserName=chrome, chrome={userDataDir=C:\Users\shyam_g\AppData\Local\Temp\scoped_dir5492_1071}, rotatable=false, locationContextEnabled=true, version=46.0.2471.2, takesHeapSnapshot=true, cssSelectorsEnabled=true, databaseEnabled=false, handlesAlerts=true, browserConnectionEnabled=false, webStorageEnabled=true, nativeEvents=true, applicationCacheEnabled=false, takesScreenshot=true}]
	at org.openqa.selenium.remote.ErrorHandler.createThrowable(ErrorHandler.java:204)
	at org.openqa.selenium.remote.ErrorHandler.throwIfResponseFailed(ErrorHandler.java:156)
	at org.openqa.selenium.remote.RemoteWebDriver.execute(RemoteWebDriver.java:599)
	at org.openqa.selenium.remote.RemoteWebElement.execute(RemoteWebElement.java:268)
	at org.openqa.selenium.remote.RemoteWebElement.click(RemoteWebElement.java:79)
	at org.openqa.selenium.support.pagefactory.internal.LocatingElementHandler.invoke(LocatingElementHandler.java:50)
	at com.sun.proxy.$Proxy13.click(Unknown Source)
	at sprint6.US460_SearchOnThePhysicalInventoryPageToShowSearchResultsForTheEntireListOfWRINs.Sprint6_US460_TC1253(US460_SearchOnThePhysicalInventoryPageToShowSearchResultsForTheEntireListOfWRINs.java:93)
... Removed 31 stack frames]]>
    </failure>
  </testcase> <!-- Sprint6_US460_TC1253 -->
  <testcase name="Sprint5_US610_TC772" time="7.55" classname="sprint5.US610_MaintainenceLandingPage"/>
  <testcase name="Sprint5_US610_TC773" time="9.252" classname="sprint5.US610_MaintainenceLandingPage"/>
  <testcase name="Sprint7_US671_TC1450" time="11.236" classname="sprint7.US671_MenuItemMaintenanceDropdownOptions"/>
  <testcase name="Sprint7_US671_TC1451" time="10.043" classname="sprint7.US671_MenuItemMaintenanceDropdownOptions"/>
  <testcase name="Sprint2_US345_TC532" time="9.584" classname="sprint2.US345_GenerateMonthlyBillLedgerSpreadsheet"/>
  <testcase name="Sprint2_US345_TC533" time="39.188" classname="sprint2.US345_GenerateMonthlyBillLedgerSpreadsheet"/>
  <testcase name="Sprint2_US345_TC534" time="14.554" classname="sprint2.US345_GenerateMonthlyBillLedgerSpreadsheet"/>
  <testcase name="Sprint2_US345_TC535" time="29.509" classname="sprint2.US345_GenerateMonthlyBillLedgerSpreadsheet"/>
  <testcase name="Sprint6_US461_TC1269" time="27.496" classname="sprint6.US461_ShowProductCategoryDollerAmountsOnAnElectronicInvoiceAndOnManualPurchaseDetailPage"/>
  <testcase name="Sprint6_US461_TC1271" time="76.369" classname="sprint6.US461_ShowProductCategoryDollerAmountsOnAnElectronicInvoiceAndOnManualPurchaseDetailPage"/>
  <testcase name="Sprint5_US611_TC840" time="74.393" classname="sprint5.US611_ListOfRawItemsOnTransferPage">
    <failure type="org.openqa.selenium.TimeoutException" message="Timed out after 60 seconds waiting for visibility of element located by By.xpath:  //h3[text()=&amp;apos;Add Transfer Items&amp;apos;]
Build info: version: &amp;apos;2.45.0&amp;apos;, revision: &amp;apos;32a636c&amp;apos;, time: &amp;apos;2015-03-05 22:01:35&amp;apos;
System info: host: &amp;apos;DS-000000006173&amp;apos;, ip: &amp;apos;10.112.78.73&amp;apos;, os.name: &amp;apos;Windows 7&amp;apos;, os.arch: &amp;apos;x86&amp;apos;, os.version: &amp;apos;6.1&amp;apos;, java.version: &amp;apos;1.7.0_60&amp;apos;
Session ID: cc22c4b5565af758a417a6611a8bdceb
Driver info: org.openqa.selenium.chrome.ChromeDriver
Capabilities [{platform=XP, acceptSslCerts=true, javascriptEnabled=true, browserName=chrome, chrome={userDataDir=C:\Users\shyam_g\AppData\Local\Temp\scoped_dir7716_20519}, rotatable=false, locationContextEnabled=true, version=46.0.2471.2, takesHeapSnapshot=true, cssSelectorsEnabled=true, databaseEnabled=false, handlesAlerts=true, browserConnectionEnabled=false, webStorageEnabled=true, nativeEvents=true, applicationCacheEnabled=false, takesScreenshot=true}]">
      <![CDATA[org.openqa.selenium.TimeoutException: Timed out after 60 seconds waiting for visibility of element located by By.xpath:  //h3[text()='Add Transfer Items']
Build info: version: '2.45.0', revision: '32a636c', time: '2015-03-05 22:01:35'
System info: host: 'DS-000000006173', ip: '10.112.78.73', os.name: 'Windows 7', os.arch: 'x86', os.version: '6.1', java.version: '1.7.0_60'
Session ID: cc22c4b5565af758a417a6611a8bdceb
Driver info: org.openqa.selenium.chrome.ChromeDriver
Capabilities [{platform=XP, acceptSslCerts=true, javascriptEnabled=true, browserName=chrome, chrome={userDataDir=C:\Users\shyam_g\AppData\Local\Temp\scoped_dir7716_20519}, rotatable=false, locationContextEnabled=true, version=46.0.2471.2, takesHeapSnapshot=true, cssSelectorsEnabled=true, databaseEnabled=false, handlesAlerts=true, browserConnectionEnabled=false, webStorageEnabled=true, nativeEvents=true, applicationCacheEnabled=false, takesScreenshot=true}]
	at org.openqa.selenium.support.ui.WebDriverWait.timeoutException(WebDriverWait.java:79)
	at org.openqa.selenium.support.ui.FluentWait.until(FluentWait.java:228)
	at sprint5.US611_ListOfRawItemsOnTransferPage.Sprint5_US611_TC840(US611_ListOfRawItemsOnTransferPage.java:49)
... Removed 24 stack frames]]>
    </failure>
  </testcase> <!-- Sprint5_US611_TC840 -->
  <testcase name="Sprint7_US758_TC1356" time="29.975" classname="sprint7.US758_ManualPurchasePart3"/>
  <testcase name="Sprint7_US758_TC1367" time="22.519" classname="sprint7.US758_ManualPurchasePart3">
    <failure type="org.openqa.selenium.StaleElementReferenceException" message="stale element reference: element is not attached to the page document
  (Session info: chrome=46.0.2471.2)
  (Driver info: chromedriver=2.10.267521,platform=Windows NT 6.1 SP1 x86_64) (WARNING: The server did not provide any stacktrace information)
Command duration or timeout: 18 milliseconds
For documentation on this error, please visit: http://seleniumhq.org/exceptions/stale_element_reference.html
Build info: version: &amp;apos;2.45.0&amp;apos;, revision: &amp;apos;32a636c&amp;apos;, time: &amp;apos;2015-03-05 22:01:35&amp;apos;
System info: host: &amp;apos;DS-000000006173&amp;apos;, ip: &amp;apos;10.112.78.73&amp;apos;, os.name: &amp;apos;Windows 7&amp;apos;, os.arch: &amp;apos;x86&amp;apos;, os.version: &amp;apos;6.1&amp;apos;, java.version: &amp;apos;1.7.0_60&amp;apos;
Session ID: 1ad4b72a37b88637dd09b3bd398bf813
Driver info: org.openqa.selenium.chrome.ChromeDriver
Capabilities [{platform=XP, acceptSslCerts=true, javascriptEnabled=true, browserName=chrome, chrome={userDataDir=C:\Users\shyam_g\AppData\Local\Temp\scoped_dir4992_28304}, rotatable=false, locationContextEnabled=true, version=46.0.2471.2, takesHeapSnapshot=true, cssSelectorsEnabled=true, databaseEnabled=false, handlesAlerts=true, browserConnectionEnabled=false, webStorageEnabled=true, nativeEvents=true, applicationCacheEnabled=false, takesScreenshot=true}]">
      <![CDATA[org.openqa.selenium.StaleElementReferenceException: stale element reference: element is not attached to the page document
  (Session info: chrome=46.0.2471.2)
  (Driver info: chromedriver=2.10.267521,platform=Windows NT 6.1 SP1 x86_64) (WARNING: The server did not provide any stacktrace information)
Command duration or timeout: 18 milliseconds
For documentation on this error, please visit: http://seleniumhq.org/exceptions/stale_element_reference.html
Build info: version: '2.45.0', revision: '32a636c', time: '2015-03-05 22:01:35'
System info: host: 'DS-000000006173', ip: '10.112.78.73', os.name: 'Windows 7', os.arch: 'x86', os.version: '6.1', java.version: '1.7.0_60'
Session ID: 1ad4b72a37b88637dd09b3bd398bf813
Driver info: org.openqa.selenium.chrome.ChromeDriver
Capabilities [{platform=XP, acceptSslCerts=true, javascriptEnabled=true, browserName=chrome, chrome={userDataDir=C:\Users\shyam_g\AppData\Local\Temp\scoped_dir4992_28304}, rotatable=false, locationContextEnabled=true, version=46.0.2471.2, takesHeapSnapshot=true, cssSelectorsEnabled=true, databaseEnabled=false, handlesAlerts=true, browserConnectionEnabled=false, webStorageEnabled=true, nativeEvents=true, applicationCacheEnabled=false, takesScreenshot=true}]
	at org.openqa.selenium.remote.ErrorHandler.createThrowable(ErrorHandler.java:204)
	at org.openqa.selenium.remote.ErrorHandler.throwIfResponseFailed(ErrorHandler.java:156)
	at org.openqa.selenium.remote.RemoteWebDriver.execute(RemoteWebDriver.java:599)
	at org.openqa.selenium.remote.RemoteWebElement.execute(RemoteWebElement.java:268)
	at org.openqa.selenium.remote.RemoteWebElement.getAttribute(RemoteWebElement.java:123)
	at org.openqa.selenium.support.pagefactory.internal.LocatingElementHandler.invoke(LocatingElementHandler.java:50)
	at com.sun.proxy.$Proxy13.getAttribute(Unknown Source)
	at sprint7.US758_ManualPurchasePart3.Sprint7_US758_TC1367(US758_ManualPurchasePart3.java:133)
... Removed 31 stack frames]]>
    </failure>
  </testcase> <!-- Sprint7_US758_TC1367 -->
  <testcase name="Sprint7_US758_TC1369" time="28.303" classname="sprint7.US758_ManualPurchasePart3"/>
  <testcase name="Sprint7_US758_TC1370" time="26.383" classname="sprint7.US758_ManualPurchasePart3">
    <failure type="org.openqa.selenium.WebDriverException" message="unknown error: Element is not clickable at point (365, 54). Other element would receive the click: &amp;lt;div class=&amp;quot;modal-backdrop fade in&amp;quot; style=&amp;quot;height: 671px;&amp;quot;&amp;gt;&amp;lt;/div&amp;gt;
  (Session info: chrome=46.0.2471.2)
  (Driver info: chromedriver=2.10.267521,platform=Windows NT 6.1 SP1 x86_64) (WARNING: The server did not provide any stacktrace information)
Command duration or timeout: 40 milliseconds
Build info: version: &amp;apos;2.45.0&amp;apos;, revision: &amp;apos;32a636c&amp;apos;, time: &amp;apos;2015-03-05 22:01:35&amp;apos;
System info: host: &amp;apos;DS-000000006173&amp;apos;, ip: &amp;apos;10.112.78.73&amp;apos;, os.name: &amp;apos;Windows 7&amp;apos;, os.arch: &amp;apos;x86&amp;apos;, os.version: &amp;apos;6.1&amp;apos;, java.version: &amp;apos;1.7.0_60&amp;apos;
Session ID: b79abf14a348154c45fe3a3306527248
Driver info: org.openqa.selenium.chrome.ChromeDriver
Capabilities [{platform=XP, acceptSslCerts=true, javascriptEnabled=true, browserName=chrome, chrome={userDataDir=C:\Users\shyam_g\AppData\Local\Temp\scoped_dir7640_12695}, rotatable=false, locationContextEnabled=true, version=46.0.2471.2, takesHeapSnapshot=true, cssSelectorsEnabled=true, databaseEnabled=false, handlesAlerts=true, browserConnectionEnabled=false, webStorageEnabled=true, nativeEvents=true, applicationCacheEnabled=false, takesScreenshot=true}]">
      <![CDATA[org.openqa.selenium.WebDriverException: unknown error: Element is not clickable at point (365, 54). Other element would receive the click: <div class="modal-backdrop fade in" style="height: 671px;"></div>
  (Session info: chrome=46.0.2471.2)
  (Driver info: chromedriver=2.10.267521,platform=Windows NT 6.1 SP1 x86_64) (WARNING: The server did not provide any stacktrace information)
Command duration or timeout: 40 milliseconds
Build info: version: '2.45.0', revision: '32a636c', time: '2015-03-05 22:01:35'
System info: host: 'DS-000000006173', ip: '10.112.78.73', os.name: 'Windows 7', os.arch: 'x86', os.version: '6.1', java.version: '1.7.0_60'
Session ID: b79abf14a348154c45fe3a3306527248
Driver info: org.openqa.selenium.chrome.ChromeDriver
Capabilities [{platform=XP, acceptSslCerts=true, javascriptEnabled=true, browserName=chrome, chrome={userDataDir=C:\Users\shyam_g\AppData\Local\Temp\scoped_dir7640_12695}, rotatable=false, locationContextEnabled=true, version=46.0.2471.2, takesHeapSnapshot=true, cssSelectorsEnabled=true, databaseEnabled=false, handlesAlerts=true, browserConnectionEnabled=false, webStorageEnabled=true, nativeEvents=true, applicationCacheEnabled=false, takesScreenshot=true}]
	at org.openqa.selenium.remote.ErrorHandler.createThrowable(ErrorHandler.java:204)
	at org.openqa.selenium.remote.ErrorHandler.throwIfResponseFailed(ErrorHandler.java:156)
	at org.openqa.selenium.remote.RemoteWebDriver.execute(RemoteWebDriver.java:599)
	at org.openqa.selenium.remote.RemoteWebElement.execute(RemoteWebElement.java:268)
	at org.openqa.selenium.remote.RemoteWebElement.click(RemoteWebElement.java:79)
	at org.openqa.selenium.support.pagefactory.internal.LocatingElementHandler.invoke(LocatingElementHandler.java:50)
	at com.sun.proxy.$Proxy13.click(Unknown Source)
	at eInventoryPageClasses.AbstractPage.goToPurchaseLandingPage(AbstractPage.java:32)
	at sprint7.US758_ManualPurchasePart3.Sprint7_US758_TC1370(US758_ManualPurchasePart3.java:165)
... Removed 31 stack frames]]>
    </failure>
  </testcase> <!-- Sprint7_US758_TC1370 -->
  <testcase name="Sprint7_US758_TC1483" time="37.636" classname="sprint7.US758_ManualPurchasePart3"/>
  <testcase name="Sprint6_US477_TC1214" time="64.684" classname="sprint6.US477_Part2ManualPurchase"/>
  <testcase name="Sprint6_US477_TC1262" time="16.511" classname="sprint6.US477_Part2ManualPurchase"/>
  <testcase name="Sprint6_US477_TC1264" time="17.773" classname="sprint6.US477_Part2ManualPurchase"/>
  <testcase name="Sprint6_US477_TC1266" time="16.762" classname="sprint6.US477_Part2ManualPurchase">
    <failure type="org.openqa.selenium.ElementNotVisibleException" message="element not visible
  (Session info: chrome=46.0.2471.2)
  (Driver info: chromedriver=2.10.267521,platform=Windows NT 6.1 SP1 x86_64) (WARNING: The server did not provide any stacktrace information)
Command duration or timeout: 167 milliseconds
Build info: version: &amp;apos;2.45.0&amp;apos;, revision: &amp;apos;32a636c&amp;apos;, time: &amp;apos;2015-03-05 22:01:35&amp;apos;
System info: host: &amp;apos;DS-000000006173&amp;apos;, ip: &amp;apos;10.112.78.73&amp;apos;, os.name: &amp;apos;Windows 7&amp;apos;, os.arch: &amp;apos;x86&amp;apos;, os.version: &amp;apos;6.1&amp;apos;, java.version: &amp;apos;1.7.0_60&amp;apos;
Session ID: 81e4e3577c2be7f928385db167b326a1
Driver info: org.openqa.selenium.chrome.ChromeDriver
Capabilities [{platform=XP, acceptSslCerts=true, javascriptEnabled=true, browserName=chrome, chrome={userDataDir=C:\Users\shyam_g\AppData\Local\Temp\scoped_dir6156_10214}, rotatable=false, locationContextEnabled=true, version=46.0.2471.2, takesHeapSnapshot=true, cssSelectorsEnabled=true, databaseEnabled=false, handlesAlerts=true, browserConnectionEnabled=false, webStorageEnabled=true, nativeEvents=true, applicationCacheEnabled=false, takesScreenshot=true}]">
      <![CDATA[org.openqa.selenium.ElementNotVisibleException: element not visible
  (Session info: chrome=46.0.2471.2)
  (Driver info: chromedriver=2.10.267521,platform=Windows NT 6.1 SP1 x86_64) (WARNING: The server did not provide any stacktrace information)
Command duration or timeout: 167 milliseconds
Build info: version: '2.45.0', revision: '32a636c', time: '2015-03-05 22:01:35'
System info: host: 'DS-000000006173', ip: '10.112.78.73', os.name: 'Windows 7', os.arch: 'x86', os.version: '6.1', java.version: '1.7.0_60'
Session ID: 81e4e3577c2be7f928385db167b326a1
Driver info: org.openqa.selenium.chrome.ChromeDriver
Capabilities [{platform=XP, acceptSslCerts=true, javascriptEnabled=true, browserName=chrome, chrome={userDataDir=C:\Users\shyam_g\AppData\Local\Temp\scoped_dir6156_10214}, rotatable=false, locationContextEnabled=true, version=46.0.2471.2, takesHeapSnapshot=true, cssSelectorsEnabled=true, databaseEnabled=false, handlesAlerts=true, browserConnectionEnabled=false, webStorageEnabled=true, nativeEvents=true, applicationCacheEnabled=false, takesScreenshot=true}]
	at org.openqa.selenium.remote.ErrorHandler.createThrowable(ErrorHandler.java:204)
	at org.openqa.selenium.remote.ErrorHandler.throwIfResponseFailed(ErrorHandler.java:156)
	at org.openqa.selenium.remote.RemoteWebDriver.execute(RemoteWebDriver.java:599)
	at org.openqa.selenium.remote.RemoteWebElement.execute(RemoteWebElement.java:268)
	at org.openqa.selenium.remote.RemoteWebElement.click(RemoteWebElement.java:79)
	at org.openqa.selenium.support.pagefactory.internal.LocatingElementHandler.invoke(LocatingElementHandler.java:50)
	at com.sun.proxy.$Proxy13.click(Unknown Source)
	at sprint6.US477_Part2ManualPurchase.Sprint6_US477_TC1266(US477_Part2ManualPurchase.java:238)
... Removed 31 stack frames]]>
    </failure>
  </testcase> <!-- Sprint6_US477_TC1266 -->
  <testcase name="Sprint6_US477_TC1312" time="26.436" classname="sprint6.US477_Part2ManualPurchase"/>
  <testcase name="Sprint6_US477_TC1331" time="107.84" classname="sprint6.US477_Part2ManualPurchase">
    <failure type="org.openqa.selenium.TimeoutException" message="Timed out after 60 seconds waiting for visibility of Proxy element for: org.openqa.selenium.support.pagefactory.DefaultElementLocator@1fa996
Build info: version: &amp;apos;2.45.0&amp;apos;, revision: &amp;apos;32a636c&amp;apos;, time: &amp;apos;2015-03-05 22:01:35&amp;apos;
System info: host: &amp;apos;DS-000000006173&amp;apos;, ip: &amp;apos;10.112.78.73&amp;apos;, os.name: &amp;apos;Windows 7&amp;apos;, os.arch: &amp;apos;x86&amp;apos;, os.version: &amp;apos;6.1&amp;apos;, java.version: &amp;apos;1.7.0_60&amp;apos;
Session ID: 0fe8848d421c43e5dada09b46d7f414c
Driver info: org.openqa.selenium.chrome.ChromeDriver
Capabilities [{platform=XP, acceptSslCerts=true, javascriptEnabled=true, browserName=chrome, chrome={userDataDir=C:\Users\shyam_g\AppData\Local\Temp\scoped_dir324_7632}, rotatable=false, locationContextEnabled=true, version=46.0.2471.2, takesHeapSnapshot=true, cssSelectorsEnabled=true, databaseEnabled=false, handlesAlerts=true, browserConnectionEnabled=false, webStorageEnabled=true, nativeEvents=true, applicationCacheEnabled=false, takesScreenshot=true}]">
      <![CDATA[org.openqa.selenium.TimeoutException: Timed out after 60 seconds waiting for visibility of Proxy element for: org.openqa.selenium.support.pagefactory.DefaultElementLocator@1fa996
Build info: version: '2.45.0', revision: '32a636c', time: '2015-03-05 22:01:35'
System info: host: 'DS-000000006173', ip: '10.112.78.73', os.name: 'Windows 7', os.arch: 'x86', os.version: '6.1', java.version: '1.7.0_60'
Session ID: 0fe8848d421c43e5dada09b46d7f414c
Driver info: org.openqa.selenium.chrome.ChromeDriver
Capabilities [{platform=XP, acceptSslCerts=true, javascriptEnabled=true, browserName=chrome, chrome={userDataDir=C:\Users\shyam_g\AppData\Local\Temp\scoped_dir324_7632}, rotatable=false, locationContextEnabled=true, version=46.0.2471.2, takesHeapSnapshot=true, cssSelectorsEnabled=true, databaseEnabled=false, handlesAlerts=true, browserConnectionEnabled=false, webStorageEnabled=true, nativeEvents=true, applicationCacheEnabled=false, takesScreenshot=true}]
	at org.openqa.selenium.support.ui.WebDriverWait.timeoutException(WebDriverWait.java:79)
	at org.openqa.selenium.support.ui.FluentWait.until(FluentWait.java:228)
	at eInventoryPageClasses.ManualInvoiceNewPage.clickOnSaveButton(ManualInvoiceNewPage.java:241)
	at eInventoryPageClasses.ManualInvoiceNewPage.createAManualPurchaseForWrinID(ManualInvoiceNewPage.java:340)
	at sprint6.US477_Part2ManualPurchase.Sprint6_US477_TC1331(US477_Part2ManualPurchase.java:143)
Caused by: org.openqa.selenium.NoSuchElementException: no such element
  (Session info: chrome=46.0.2471.2)
  (Driver info: chromedriver=2.10.267521,platform=Windows NT 6.1 SP1 x86_64) (WARNING: The server did not provide any stacktrace information)
Command duration or timeout: 15.05 seconds
For documentation on this error, please visit: http://seleniumhq.org/exceptions/no_such_element.html
Build info: version: '2.45.0', revision: '32a636c', time: '2015-03-05 22:01:35'
System info: host: 'DS-000000006173', ip: '10.112.78.73', os.name: 'Windows 7', os.arch: 'x86', os.version: '6.1', java.version: '1.7.0_60'
*** Element info: {Using=xpath, value=//div[@class='toast-message' and contains(.,'Your invoice has been saved')]}
Session ID: 0fe8848d421c43e5dada09b46d7f414c
Driver info: org.openqa.selenium.chrome.ChromeDriver
Capabilities [{platform=XP, acceptSslCerts=true, javascriptEnabled=true, browserName=chrome, chrome={userDataDir=C:\Users\shyam_g\AppData\Local\Temp\scoped_dir324_7632}, rotatable=false, locationContextEnabled=true, version=46.0.2471.2, takesHeapSnapshot=true, cssSelectorsEnabled=true, databaseEnabled=false, handlesAlerts=true, browserConnectionEnabled=false, webStorageEnabled=true, nativeEvents=true, applicationCacheEnabled=false, takesScreenshot=true}]
	at org.openqa.selenium.remote.ErrorHandler.createThrowable(ErrorHandler.java:204)
	at org.openqa.selenium.remote.ErrorHandler.throwIfResponseFailed(ErrorHandler.java:156)
	at org.openqa.selenium.remote.RemoteWebDriver.execute(RemoteWebDriver.java:599)
	at org.openqa.selenium.remote.RemoteWebDriver.findElement(RemoteWebDriver.java:352)
	at org.openqa.selenium.remote.RemoteWebDriver.findElementByXPath(RemoteWebDriver.java:449)
	at org.openqa.selenium.By$ByXPath.findElement(By.java:357)
	at org.openqa.selenium.remote.RemoteWebDriver.findElement(RemoteWebDriver.java:344)
	at org.openqa.selenium.support.pagefactory.DefaultElementLocator.findElement(DefaultElementLocator.java:59)
	at org.openqa.selenium.support.pagefactory.internal.LocatingElementHandler.invoke(LocatingElementHandler.java:37)
	at com.sun.proxy.$Proxy13.isDisplayed(Unknown Source)
	at org.openqa.selenium.support.ui.ExpectedConditions.elementIfVisible(ExpectedConditions.java:227)
	at org.openqa.selenium.support.ui.ExpectedConditions.access$1(ExpectedConditions.java:226)
	at org.openqa.selenium.support.ui.ExpectedConditions$7.apply(ExpectedConditions.java:213)
	at org.openqa.selenium.support.ui.ExpectedConditions$7.apply(ExpectedConditions.java:1)
	at org.openqa.selenium.support.ui.FluentWait.until(FluentWait.java:208)
	... 27 more
... Removed 28 stack frames]]>
    </failure>
  </testcase> <!-- Sprint6_US477_TC1331 -->
  <testcase name="Sprint7_US759_TC1549" time="50.474" classname="sprint7.US759_StoreLedgerPart3"/>
  <testcase name="Sprint6_US478_TC1274" time="38.426" classname="sprint6.US478_Part2BillLedger"/>
  <testcase name="Sprint7_US764_TC1417" time="39.307" classname="sprint7.US764_AbilityToInitiateAndSubmitTransferForOffice"/>
  <testcase name="Sprint2_US400_TC518" time="20.769" classname="sprint2.US400_ListOfRawItemsOnTheManualPurchasePage"/>
  <testcase name="Sprint2_US400_TC519" time="31.932" classname="sprint2.US400_ListOfRawItemsOnTheManualPurchasePage"/>
  <testcase name="Sprint6_US579_TC1243" time="22.156" classname="sprint6.US579_UpdateCasePriceForManualPurchaseRawItemsOnTheManualPurchasePage"/>
  <testcase name="Sprint6_US579_TC1279" time="31.343" classname="sprint6.US579_UpdateCasePriceForManualPurchaseRawItemsOnTheManualPurchasePage"/>
  <testcase name="Sprint6_US579_TC1309" time="22.612" classname="sprint6.US579_UpdateCasePriceForManualPurchaseRawItemsOnTheManualPurchasePage"/>
  <testcase name="Sprint6_US672_TC1212" time="8.8" classname="sprint6.US672_AbilityToCreateManualPurchaseVendors"/>
  <testcase name="Sprint6_US672_TC1220" time="17.634" classname="sprint6.US672_AbilityToCreateManualPurchaseVendors"/>
  <testcase name="Sprint6_US672_TC1282" time="25.47" classname="sprint6.US672_AbilityToCreateManualPurchaseVendors"/>
  <testcase name="Sprint6_US672_TC1292" time="20.156" classname="sprint6.US672_AbilityToCreateManualPurchaseVendors"/>
  <testcase name="Sprint6_US672_TC1295" time="16.588" classname="sprint6.US672_AbilityToCreateManualPurchaseVendors"/>
  <testcase name="Sprint6_US672_TC1297" time="40.652" classname="sprint6.US672_AbilityToCreateManualPurchaseVendors"/>
</testsuite> <!-- Chrome -->
