<html>
<head>
<title>TestNG:  Chrome</title>
<link href="../testng.css" rel="stylesheet" type="text/css" />
<link href="../my-testng.css" rel="stylesheet" type="text/css" />

<style type="text/css">
.log { display: none;} 
.stack-trace { display: none;} 
</style>
<script type="text/javascript">
<!--
function flip(e) {
  current = e.style.display;
  if (current == 'block') {
    e.style.display = 'none';
    return 0;
  }
  else {
    e.style.display = 'block';
    return 1;
  }
}

function toggleBox(szDivId, elem, msg1, msg2)
{
  var res = -1;  if (document.getElementById) {
    res = flip(document.getElementById(szDivId));
  }
  else if (document.all) {
    // this is the way old msie versions work
    res = flip(document.all[szDivId]);
  }
  if(elem) {
    if(res == 0) elem.innerHTML = msg1; else elem.innerHTML = msg2;
  }

}

function toggleAllBoxes() {
  if (document.getElementsByTagName) {
    d = document.getElementsByTagName('div');
    for (i = 0; i < d.length; i++) {
      if (d[i].className == 'log') {
        flip(d[i]);
      }
    }
  }
}

// -->
</script>

</head>
<body>
<h2 align='center'>Chrome</h2><table border='1' align="center">
<tr>
<td>Tests passed/Failed/Skipped:</td><td>86/20/0</td>
</tr><tr>
<td>Started on:</td><td>Thu Aug 06 20:50:18 IST 2015</td>
</tr>
<tr><td>Total time:</td><td>4778 seconds (4778166 ms)</td>
</tr><tr>
<td>Included groups:</td><td></td>
</tr><tr>
<td>Excluded groups:</td><td></td>
</tr>
</table><p/>
<small><i>(Hover the method name to see the test class name)</i></small><p/>
<table width='100%' border='1' class='invocation-failed'>
<tr><td colspan='4' align='center'><b>FAILED TESTS</b></td></tr>
<tr><td><b>Test method</b></td>
<td width="30%"><b>Exception</b></td>
<td width="10%"><b>Time (seconds)</b></td>
<td><b>Instance</b></td>
</tr>
<tr>
<td title='sprint7.US374_EnterRawPromo.Sprint2_US374_TC1752()'><b>Sprint2_US374_TC1752</b><br>Test class: sprint7.US374_EnterRawPromo</td>
<td><div><pre>org.openqa.selenium.ElementNotVisibleException: element not visible
  (Session info: chrome=46.0.2471.2)
  (Driver info: chromedriver=2.10.267521,platform=Windows NT 6.1 SP1 x86_64) (WARNING: The server did not provide any stacktrace information)
Command duration or timeout: 303 milliseconds
Build info: version: &apos;2.45.0&apos;, revision: &apos;32a636c&apos;, time: &apos;2015-03-05 22:01:35&apos;
System info: host: &apos;DS-000000006173&apos;, ip: &apos;10.112.78.73&apos;, os.name: &apos;Windows 7&apos;, os.arch: &apos;x86&apos;, os.version: &apos;6.1&apos;, java.version: &apos;1.7.0_60&apos;
Session ID: cf970b4d789e9667f55ab3c3e8896197
Driver info: org.openqa.selenium.chrome.ChromeDriver
Capabilities [{platform=XP, acceptSslCerts=true, javascriptEnabled=true, browserName=chrome, chrome={userDataDir=C:\Users\shyam_g\AppData\Local\Temp\scoped_dir4136_5070}, rotatable=false, locationContextEnabled=true, version=46.0.2471.2, takesHeapSnapshot=true, cssSelectorsEnabled=true, databaseEnabled=false, handlesAlerts=true, browserConnectionEnabled=false, webStorageEnabled=true, nativeEvents=true, applicationCacheEnabled=false, takesScreenshot=true}]
	at org.openqa.selenium.remote.ErrorHandler.createThrowable(ErrorHandler.java:204)
	at org.openqa.selenium.remote.ErrorHandler.throwIfResponseFailed(ErrorHandler.java:156)
	at org.openqa.selenium.remote.RemoteWebDriver.execute(RemoteWebDriver.java:599)
	at org.openqa.selenium.remote.RemoteWebElement.execute(RemoteWebElement.java:268)
	at org.openqa.selenium.remote.RemoteWebElement.click(RemoteWebElement.java:79)
	at eInventoryPageClasses.RawItemPromoPage.enterCurrentDateAndTimeInRawWasteOccurredAtField(RawItemPromoPage.java:130)
	at eInventoryPageClasses.RawItemPromoPage.addARawPromoItem(RawItemPromoPage.java:137)
	at sprint7.US374_EnterRawPromo.Sprint2_US374_TC1752(US374_EnterRawPromo.java:230)
... Removed 28 stack frames</pre></div><a href='#' onClick='toggleBox("stack-trace27190310", this, "Click to show all stack frames", "Click to hide stack frames")'>Click to show all stack frames</a>
<div class='stack-trace' id='stack-trace27190310'><pre>org.openqa.selenium.ElementNotVisibleException: element not visible
  (Session info: chrome=46.0.2471.2)
  (Driver info: chromedriver=2.10.267521,platform=Windows NT 6.1 SP1 x86_64) (WARNING: The server did not provide any stacktrace information)
Command duration or timeout: 303 milliseconds
Build info: version: &apos;2.45.0&apos;, revision: &apos;32a636c&apos;, time: &apos;2015-03-05 22:01:35&apos;
System info: host: &apos;DS-000000006173&apos;, ip: &apos;10.112.78.73&apos;, os.name: &apos;Windows 7&apos;, os.arch: &apos;x86&apos;, os.version: &apos;6.1&apos;, java.version: &apos;1.7.0_60&apos;
Session ID: cf970b4d789e9667f55ab3c3e8896197
Driver info: org.openqa.selenium.chrome.ChromeDriver
Capabilities [{platform=XP, acceptSslCerts=true, javascriptEnabled=true, browserName=chrome, chrome={userDataDir=C:\Users\shyam_g\AppData\Local\Temp\scoped_dir4136_5070}, rotatable=false, locationContextEnabled=true, version=46.0.2471.2, takesHeapSnapshot=true, cssSelectorsEnabled=true, databaseEnabled=false, handlesAlerts=true, browserConnectionEnabled=false, webStorageEnabled=true, nativeEvents=true, applicationCacheEnabled=false, takesScreenshot=true}]
	at sun.reflect.NativeConstructorAccessorImpl.newInstance0(Native Method)
	at sun.reflect.NativeConstructorAccessorImpl.newInstance(Unknown Source)
	at sun.reflect.DelegatingConstructorAccessorImpl.newInstance(Unknown Source)
	at java.lang.reflect.Constructor.newInstance(Unknown Source)
	at org.openqa.selenium.remote.ErrorHandler.createThrowable(ErrorHandler.java:204)
	at org.openqa.selenium.remote.ErrorHandler.throwIfResponseFailed(ErrorHandler.java:156)
	at org.openqa.selenium.remote.RemoteWebDriver.execute(RemoteWebDriver.java:599)
	at org.openqa.selenium.remote.RemoteWebElement.execute(RemoteWebElement.java:268)
	at org.openqa.selenium.remote.RemoteWebElement.click(RemoteWebElement.java:79)
	at eInventoryPageClasses.RawItemPromoPage.enterCurrentDateAndTimeInRawWasteOccurredAtField(RawItemPromoPage.java:130)
	at eInventoryPageClasses.RawItemPromoPage.addARawPromoItem(RawItemPromoPage.java:137)
	at sprint7.US374_EnterRawPromo.Sprint2_US374_TC1752(US374_EnterRawPromo.java:230)
	at sun.reflect.NativeMethodAccessorImpl.invoke0(Native Method)
	at sun.reflect.NativeMethodAccessorImpl.invoke(Unknown Source)
	at sun.reflect.DelegatingMethodAccessorImpl.invoke(Unknown Source)
	at java.lang.reflect.Method.invoke(Unknown Source)
	at org.testng.internal.MethodInvocationHelper.invokeMethod(MethodInvocationHelper.java:84)
	at org.testng.internal.Invoker.invokeMethod(Invoker.java:714)
	at org.testng.internal.Invoker.invokeTestMethod(Invoker.java:901)
	at org.testng.internal.Invoker.invokeTestMethods(Invoker.java:1231)
	at org.testng.internal.TestMethodWorker.invokeTestMethods(TestMethodWorker.java:127)
	at org.testng.internal.TestMethodWorker.run(TestMethodWorker.java:111)
	at org.testng.TestRunner.privateRun(TestRunner.java:767)
	at org.testng.TestRunner.run(TestRunner.java:617)
	at org.testng.SuiteRunner.runTest(SuiteRunner.java:334)
	at org.testng.SuiteRunner.runSequentially(SuiteRunner.java:329)
	at org.testng.SuiteRunner.privateRun(SuiteRunner.java:291)
	at org.testng.SuiteRunner.run(SuiteRunner.java:240)
	at org.testng.SuiteRunnerWorker.runSuite(SuiteRunnerWorker.java:52)
	at org.testng.SuiteRunnerWorker.run(SuiteRunnerWorker.java:86)
	at org.testng.TestNG.runSuitesSequentially(TestNG.java:1224)
	at org.testng.TestNG.runSuitesLocally(TestNG.java:1149)
	at org.testng.TestNG.run(TestNG.java:1057)
	at org.testng.remote.RemoteTestNG.run(RemoteTestNG.java:111)
	at org.testng.remote.RemoteTestNG.initAndRun(RemoteTestNG.java:204)
	at org.testng.remote.RemoteTestNG.main(RemoteTestNG.java:175)
</pre></div></td>
<td>16</td>
<td>sprint7.US374_EnterRawPromo@1d60b6a</td></tr>
<tr>
<td title='sprint7.US374_EnterRawPromo.Sprint2_US374_TC1754()'><b>Sprint2_US374_TC1754</b><br>Test class: sprint7.US374_EnterRawPromo</td>
<td><div><pre>org.openqa.selenium.ElementNotVisibleException: element not visible
  (Session info: chrome=46.0.2471.2)
  (Driver info: chromedriver=2.10.267521,platform=Windows NT 6.1 SP1 x86_64) (WARNING: The server did not provide any stacktrace information)
Command duration or timeout: 21 milliseconds
Build info: version: &apos;2.45.0&apos;, revision: &apos;32a636c&apos;, time: &apos;2015-03-05 22:01:35&apos;
System info: host: &apos;DS-000000006173&apos;, ip: &apos;10.112.78.73&apos;, os.name: &apos;Windows 7&apos;, os.arch: &apos;x86&apos;, os.version: &apos;6.1&apos;, java.version: &apos;1.7.0_60&apos;
Session ID: b5b2426b5e121373e1cb15cc3ea9500d
Driver info: org.openqa.selenium.chrome.ChromeDriver
Capabilities [{platform=XP, acceptSslCerts=true, javascriptEnabled=true, browserName=chrome, chrome={userDataDir=C:\Users\shyam_g\AppData\Local\Temp\scoped_dir6192_24278}, rotatable=false, locationContextEnabled=true, version=46.0.2471.2, takesHeapSnapshot=true, cssSelectorsEnabled=true, databaseEnabled=false, handlesAlerts=true, browserConnectionEnabled=false, webStorageEnabled=true, nativeEvents=true, applicationCacheEnabled=false, takesScreenshot=true}]
	at org.openqa.selenium.remote.ErrorHandler.createThrowable(ErrorHandler.java:204)
	at org.openqa.selenium.remote.ErrorHandler.throwIfResponseFailed(ErrorHandler.java:156)
	at org.openqa.selenium.remote.RemoteWebDriver.execute(RemoteWebDriver.java:599)
	at org.openqa.selenium.remote.RemoteWebElement.execute(RemoteWebElement.java:268)
	at org.openqa.selenium.remote.RemoteWebElement.click(RemoteWebElement.java:79)
	at eInventoryPageClasses.RawItemPromoPage.enterCurrentDateAndTimeInRawWasteOccurredAtField(RawItemPromoPage.java:130)
	at eInventoryPageClasses.RawItemPromoPage.addARawPromoItem(RawItemPromoPage.java:137)
	at sprint7.US374_EnterRawPromo.Sprint2_US374_TC1754(US374_EnterRawPromo.java:286)
... Removed 28 stack frames</pre></div><a href='#' onClick='toggleBox("stack-trace19365605", this, "Click to show all stack frames", "Click to hide stack frames")'>Click to show all stack frames</a>
<div class='stack-trace' id='stack-trace19365605'><pre>org.openqa.selenium.ElementNotVisibleException: element not visible
  (Session info: chrome=46.0.2471.2)
  (Driver info: chromedriver=2.10.267521,platform=Windows NT 6.1 SP1 x86_64) (WARNING: The server did not provide any stacktrace information)
Command duration or timeout: 21 milliseconds
Build info: version: &apos;2.45.0&apos;, revision: &apos;32a636c&apos;, time: &apos;2015-03-05 22:01:35&apos;
System info: host: &apos;DS-000000006173&apos;, ip: &apos;10.112.78.73&apos;, os.name: &apos;Windows 7&apos;, os.arch: &apos;x86&apos;, os.version: &apos;6.1&apos;, java.version: &apos;1.7.0_60&apos;
Session ID: b5b2426b5e121373e1cb15cc3ea9500d
Driver info: org.openqa.selenium.chrome.ChromeDriver
Capabilities [{platform=XP, acceptSslCerts=true, javascriptEnabled=true, browserName=chrome, chrome={userDataDir=C:\Users\shyam_g\AppData\Local\Temp\scoped_dir6192_24278}, rotatable=false, locationContextEnabled=true, version=46.0.2471.2, takesHeapSnapshot=true, cssSelectorsEnabled=true, databaseEnabled=false, handlesAlerts=true, browserConnectionEnabled=false, webStorageEnabled=true, nativeEvents=true, applicationCacheEnabled=false, takesScreenshot=true}]
	at sun.reflect.NativeConstructorAccessorImpl.newInstance0(Native Method)
	at sun.reflect.NativeConstructorAccessorImpl.newInstance(Unknown Source)
	at sun.reflect.DelegatingConstructorAccessorImpl.newInstance(Unknown Source)
	at java.lang.reflect.Constructor.newInstance(Unknown Source)
	at org.openqa.selenium.remote.ErrorHandler.createThrowable(ErrorHandler.java:204)
	at org.openqa.selenium.remote.ErrorHandler.throwIfResponseFailed(ErrorHandler.java:156)
	at org.openqa.selenium.remote.RemoteWebDriver.execute(RemoteWebDriver.java:599)
	at org.openqa.selenium.remote.RemoteWebElement.execute(RemoteWebElement.java:268)
	at org.openqa.selenium.remote.RemoteWebElement.click(RemoteWebElement.java:79)
	at eInventoryPageClasses.RawItemPromoPage.enterCurrentDateAndTimeInRawWasteOccurredAtField(RawItemPromoPage.java:130)
	at eInventoryPageClasses.RawItemPromoPage.addARawPromoItem(RawItemPromoPage.java:137)
	at sprint7.US374_EnterRawPromo.Sprint2_US374_TC1754(US374_EnterRawPromo.java:286)
	at sun.reflect.NativeMethodAccessorImpl.invoke0(Native Method)
	at sun.reflect.NativeMethodAccessorImpl.invoke(Unknown Source)
	at sun.reflect.DelegatingMethodAccessorImpl.invoke(Unknown Source)
	at java.lang.reflect.Method.invoke(Unknown Source)
	at org.testng.internal.MethodInvocationHelper.invokeMethod(MethodInvocationHelper.java:84)
	at org.testng.internal.Invoker.invokeMethod(Invoker.java:714)
	at org.testng.internal.Invoker.invokeTestMethod(Invoker.java:901)
	at org.testng.internal.Invoker.invokeTestMethods(Invoker.java:1231)
	at org.testng.internal.TestMethodWorker.invokeTestMethods(TestMethodWorker.java:127)
	at org.testng.internal.TestMethodWorker.run(TestMethodWorker.java:111)
	at org.testng.TestRunner.privateRun(TestRunner.java:767)
	at org.testng.TestRunner.run(TestRunner.java:617)
	at org.testng.SuiteRunner.runTest(SuiteRunner.java:334)
	at org.testng.SuiteRunner.runSequentially(SuiteRunner.java:329)
	at org.testng.SuiteRunner.privateRun(SuiteRunner.java:291)
	at org.testng.SuiteRunner.run(SuiteRunner.java:240)
	at org.testng.SuiteRunnerWorker.runSuite(SuiteRunnerWorker.java:52)
	at org.testng.SuiteRunnerWorker.run(SuiteRunnerWorker.java:86)
	at org.testng.TestNG.runSuitesSequentially(TestNG.java:1224)
	at org.testng.TestNG.runSuitesLocally(TestNG.java:1149)
	at org.testng.TestNG.run(TestNG.java:1057)
	at org.testng.remote.RemoteTestNG.run(RemoteTestNG.java:111)
	at org.testng.remote.RemoteTestNG.initAndRun(RemoteTestNG.java:204)
	at org.testng.remote.RemoteTestNG.main(RemoteTestNG.java:175)
</pre></div></td>
<td>22</td>
<td>sprint7.US374_EnterRawPromo@1d60b6a</td></tr>
<tr>
<td title='sprint5.US529_TransferLandingPage.Sprint5_US529_TC877()'><b>Sprint5_US529_TC877</b><br>Test class: sprint5.US529_TransferLandingPage</td>
<td><div><pre>java.lang.NullPointerException
	at common.ReadTestData.getRowNumber(ReadTestData.java:110)
	at common.ReadTestData.getPageObjectSheet(ReadTestData.java:86)
	at common.ReadTestData.getTestDataSheet(ReadTestData.java:34)
	at sprint5.US529_TransferLandingPage.Sprint5_US529_TC877(US529_TransferLandingPage.java:179)
... Removed 24 stack frames</pre></div><a href='#' onClick='toggleBox("stack-trace30252697", this, "Click to show all stack frames", "Click to hide stack frames")'>Click to show all stack frames</a>
<div class='stack-trace' id='stack-trace30252697'><pre>java.lang.NullPointerException
	at common.ReadTestData.getRowNumber(ReadTestData.java:110)
	at common.ReadTestData.getPageObjectSheet(ReadTestData.java:86)
	at common.ReadTestData.getTestDataSheet(ReadTestData.java:34)
	at sprint5.US529_TransferLandingPage.Sprint5_US529_TC877(US529_TransferLandingPage.java:179)
	at sun.reflect.NativeMethodAccessorImpl.invoke0(Native Method)
	at sun.reflect.NativeMethodAccessorImpl.invoke(Unknown Source)
	at sun.reflect.DelegatingMethodAccessorImpl.invoke(Unknown Source)
	at java.lang.reflect.Method.invoke(Unknown Source)
	at org.testng.internal.MethodInvocationHelper.invokeMethod(MethodInvocationHelper.java:84)
	at org.testng.internal.Invoker.invokeMethod(Invoker.java:714)
	at org.testng.internal.Invoker.invokeTestMethod(Invoker.java:901)
	at org.testng.internal.Invoker.invokeTestMethods(Invoker.java:1231)
	at org.testng.internal.TestMethodWorker.invokeTestMethods(TestMethodWorker.java:127)
	at org.testng.internal.TestMethodWorker.run(TestMethodWorker.java:111)
	at org.testng.TestRunner.privateRun(TestRunner.java:767)
	at org.testng.TestRunner.run(TestRunner.java:617)
	at org.testng.SuiteRunner.runTest(SuiteRunner.java:334)
	at org.testng.SuiteRunner.runSequentially(SuiteRunner.java:329)
	at org.testng.SuiteRunner.privateRun(SuiteRunner.java:291)
	at org.testng.SuiteRunner.run(SuiteRunner.java:240)
	at org.testng.SuiteRunnerWorker.runSuite(SuiteRunnerWorker.java:52)
	at org.testng.SuiteRunnerWorker.run(SuiteRunnerWorker.java:86)
	at org.testng.TestNG.runSuitesSequentially(TestNG.java:1224)
	at org.testng.TestNG.runSuitesLocally(TestNG.java:1149)
	at org.testng.TestNG.run(TestNG.java:1057)
	at org.testng.remote.RemoteTestNG.run(RemoteTestNG.java:111)
	at org.testng.remote.RemoteTestNG.initAndRun(RemoteTestNG.java:204)
	at org.testng.remote.RemoteTestNG.main(RemoteTestNG.java:175)
</pre></div></td>
<td>0</td>
<td>sprint5.US529_TransferLandingPage@1d6c8b9</td></tr>
<tr>
<td title='sprint5.US611_ListOfRawItemsOnTransferPage.Sprint5_US611_TC840()'><b>Sprint5_US611_TC840</b><br>Test class: sprint5.US611_ListOfRawItemsOnTransferPage</td>
<td><div><pre>org.openqa.selenium.TimeoutException: Timed out after 60 seconds waiting for visibility of element located by By.xpath:  //h3[text()=&apos;Add Transfer Items&apos;]
Build info: version: &apos;2.45.0&apos;, revision: &apos;32a636c&apos;, time: &apos;2015-03-05 22:01:35&apos;
System info: host: &apos;DS-000000006173&apos;, ip: &apos;10.112.78.73&apos;, os.name: &apos;Windows 7&apos;, os.arch: &apos;x86&apos;, os.version: &apos;6.1&apos;, java.version: &apos;1.7.0_60&apos;
Session ID: cc22c4b5565af758a417a6611a8bdceb
Driver info: org.openqa.selenium.chrome.ChromeDriver
Capabilities [{platform=XP, acceptSslCerts=true, javascriptEnabled=true, browserName=chrome, chrome={userDataDir=C:\Users\shyam_g\AppData\Local\Temp\scoped_dir7716_20519}, rotatable=false, locationContextEnabled=true, version=46.0.2471.2, takesHeapSnapshot=true, cssSelectorsEnabled=true, databaseEnabled=false, handlesAlerts=true, browserConnectionEnabled=false, webStorageEnabled=true, nativeEvents=true, applicationCacheEnabled=false, takesScreenshot=true}]
	at org.openqa.selenium.support.ui.WebDriverWait.timeoutException(WebDriverWait.java:79)
	at org.openqa.selenium.support.ui.FluentWait.until(FluentWait.java:228)
	at sprint5.US611_ListOfRawItemsOnTransferPage.Sprint5_US611_TC840(US611_ListOfRawItemsOnTransferPage.java:49)
... Removed 24 stack frames</pre></div><a href='#' onClick='toggleBox("stack-trace28839628", this, "Click to show all stack frames", "Click to hide stack frames")'>Click to show all stack frames</a>
<div class='stack-trace' id='stack-trace28839628'><pre>org.openqa.selenium.TimeoutException: Timed out after 60 seconds waiting for visibility of element located by By.xpath:  //h3[text()=&apos;Add Transfer Items&apos;]
Build info: version: &apos;2.45.0&apos;, revision: &apos;32a636c&apos;, time: &apos;2015-03-05 22:01:35&apos;
System info: host: &apos;DS-000000006173&apos;, ip: &apos;10.112.78.73&apos;, os.name: &apos;Windows 7&apos;, os.arch: &apos;x86&apos;, os.version: &apos;6.1&apos;, java.version: &apos;1.7.0_60&apos;
Session ID: cc22c4b5565af758a417a6611a8bdceb
Driver info: org.openqa.selenium.chrome.ChromeDriver
Capabilities [{platform=XP, acceptSslCerts=true, javascriptEnabled=true, browserName=chrome, chrome={userDataDir=C:\Users\shyam_g\AppData\Local\Temp\scoped_dir7716_20519}, rotatable=false, locationContextEnabled=true, version=46.0.2471.2, takesHeapSnapshot=true, cssSelectorsEnabled=true, databaseEnabled=false, handlesAlerts=true, browserConnectionEnabled=false, webStorageEnabled=true, nativeEvents=true, applicationCacheEnabled=false, takesScreenshot=true}]
	at org.openqa.selenium.support.ui.WebDriverWait.timeoutException(WebDriverWait.java:79)
	at org.openqa.selenium.support.ui.FluentWait.until(FluentWait.java:228)
	at sprint5.US611_ListOfRawItemsOnTransferPage.Sprint5_US611_TC840(US611_ListOfRawItemsOnTransferPage.java:49)
	at sun.reflect.NativeMethodAccessorImpl.invoke0(Native Method)
	at sun.reflect.NativeMethodAccessorImpl.invoke(Unknown Source)
	at sun.reflect.DelegatingMethodAccessorImpl.invoke(Unknown Source)
	at java.lang.reflect.Method.invoke(Unknown Source)
	at org.testng.internal.MethodInvocationHelper.invokeMethod(MethodInvocationHelper.java:84)
	at org.testng.internal.Invoker.invokeMethod(Invoker.java:714)
	at org.testng.internal.Invoker.invokeTestMethod(Invoker.java:901)
	at org.testng.internal.Invoker.invokeTestMethods(Invoker.java:1231)
	at org.testng.internal.TestMethodWorker.invokeTestMethods(TestMethodWorker.java:127)
	at org.testng.internal.TestMethodWorker.run(TestMethodWorker.java:111)
	at org.testng.TestRunner.privateRun(TestRunner.java:767)
	at org.testng.TestRunner.run(TestRunner.java:617)
	at org.testng.SuiteRunner.runTest(SuiteRunner.java:334)
	at org.testng.SuiteRunner.runSequentially(SuiteRunner.java:329)
	at org.testng.SuiteRunner.privateRun(SuiteRunner.java:291)
	at org.testng.SuiteRunner.run(SuiteRunner.java:240)
	at org.testng.SuiteRunnerWorker.runSuite(SuiteRunnerWorker.java:52)
	at org.testng.SuiteRunnerWorker.run(SuiteRunnerWorker.java:86)
	at org.testng.TestNG.runSuitesSequentially(TestNG.java:1224)
	at org.testng.TestNG.runSuitesLocally(TestNG.java:1149)
	at org.testng.TestNG.run(TestNG.java:1057)
	at org.testng.remote.RemoteTestNG.run(RemoteTestNG.java:111)
	at org.testng.remote.RemoteTestNG.initAndRun(RemoteTestNG.java:204)
	at org.testng.remote.RemoteTestNG.main(RemoteTestNG.java:175)
</pre></div></td>
<td>74</td>
<td>sprint5.US611_ListOfRawItemsOnTransferPage@a01a10</td></tr>
<tr>
<td title='sprint6.US457_GroupWRINsByTemperatureZoneOnThePhysicalInventoryPageAndPrintableInventorySheet.Sprint6_US457_TC1226()'><b>Sprint6_US457_TC1226</b><br>Test class: sprint6.US457_GroupWRINsByTemperatureZoneOnThePhysicalInventoryPageAndPrintableInventorySheet</td>
<td><div><pre>org.openqa.selenium.NoSuchElementException: no such element
  (Session info: chrome=46.0.2471.2)
  (Driver info: chromedriver=2.10.267521,platform=Windows NT 6.1 SP1 x86_64) (WARNING: The server did not provide any stacktrace information)
Command duration or timeout: 15.05 seconds
For documentation on this error, please visit: http://seleniumhq.org/exceptions/no_such_element.html
Build info: version: &apos;2.45.0&apos;, revision: &apos;32a636c&apos;, time: &apos;2015-03-05 22:01:35&apos;
System info: host: &apos;DS-000000006173&apos;, ip: &apos;10.112.78.73&apos;, os.name: &apos;Windows 7&apos;, os.arch: &apos;x86&apos;, os.version: &apos;6.1&apos;, java.version: &apos;1.7.0_60&apos;
*** Element info: {Using=xpath, value=//table[@id=&apos;inventory_table&apos;]/tbody/tr[1]/td/span}
Session ID: cddf41b81152450becd8724bd54ed8f6
Driver info: org.openqa.selenium.chrome.ChromeDriver
Capabilities [{platform=XP, acceptSslCerts=true, javascriptEnabled=true, browserName=chrome, chrome={userDataDir=C:\Users\shyam_g\AppData\Local\Temp\scoped_dir760_2229}, rotatable=false, locationContextEnabled=true, version=46.0.2471.2, takesHeapSnapshot=true, cssSelectorsEnabled=true, databaseEnabled=false, handlesAlerts=true, browserConnectionEnabled=false, webStorageEnabled=true, nativeEvents=true, applicationCacheEnabled=false, takesScreenshot=true}]
	at org.openqa.selenium.remote.ErrorHandler.createThrowable(ErrorHandler.java:204)
	at org.openqa.selenium.remote.ErrorHandler.throwIfResponseFailed(ErrorHandler.java:156)
	at org.openqa.selenium.remote.RemoteWebDriver.execute(RemoteWebDriver.java:599)
	at org.openqa.selenium.remote.RemoteWebDriver.findElement(RemoteWebDriver.java:352)
	at org.openqa.selenium.remote.RemoteWebDriver.findElementByXPath(RemoteWebDriver.java:449)
	at org.openqa.selenium.By$ByXPath.findElement(By.java:357)
	at org.openqa.selenium.remote.RemoteWebDriver.findElement(RemoteWebDriver.java:344)
	at sprint6.US457_GroupWRINsByTemperatureZoneOnThePhysicalInventoryPageAndPrintableInventorySheet.Sprint6_US457_TC1226(US457_GroupWRINsByTemperatureZoneOnThePhysicalInventoryPageAndPrintableInventorySheet.java:199)
... Removed 28 stack frames</pre></div><a href='#' onClick='toggleBox("stack-trace14119201", this, "Click to show all stack frames", "Click to hide stack frames")'>Click to show all stack frames</a>
<div class='stack-trace' id='stack-trace14119201'><pre>org.openqa.selenium.NoSuchElementException: no such element
  (Session info: chrome=46.0.2471.2)
  (Driver info: chromedriver=2.10.267521,platform=Windows NT 6.1 SP1 x86_64) (WARNING: The server did not provide any stacktrace information)
Command duration or timeout: 15.05 seconds
For documentation on this error, please visit: http://seleniumhq.org/exceptions/no_such_element.html
Build info: version: &apos;2.45.0&apos;, revision: &apos;32a636c&apos;, time: &apos;2015-03-05 22:01:35&apos;
System info: host: &apos;DS-000000006173&apos;, ip: &apos;10.112.78.73&apos;, os.name: &apos;Windows 7&apos;, os.arch: &apos;x86&apos;, os.version: &apos;6.1&apos;, java.version: &apos;1.7.0_60&apos;
*** Element info: {Using=xpath, value=//table[@id=&apos;inventory_table&apos;]/tbody/tr[1]/td/span}
Session ID: cddf41b81152450becd8724bd54ed8f6
Driver info: org.openqa.selenium.chrome.ChromeDriver
Capabilities [{platform=XP, acceptSslCerts=true, javascriptEnabled=true, browserName=chrome, chrome={userDataDir=C:\Users\shyam_g\AppData\Local\Temp\scoped_dir760_2229}, rotatable=false, locationContextEnabled=true, version=46.0.2471.2, takesHeapSnapshot=true, cssSelectorsEnabled=true, databaseEnabled=false, handlesAlerts=true, browserConnectionEnabled=false, webStorageEnabled=true, nativeEvents=true, applicationCacheEnabled=false, takesScreenshot=true}]
	at sun.reflect.NativeConstructorAccessorImpl.newInstance0(Native Method)
	at sun.reflect.NativeConstructorAccessorImpl.newInstance(Unknown Source)
	at sun.reflect.DelegatingConstructorAccessorImpl.newInstance(Unknown Source)
	at java.lang.reflect.Constructor.newInstance(Unknown Source)
	at org.openqa.selenium.remote.ErrorHandler.createThrowable(ErrorHandler.java:204)
	at org.openqa.selenium.remote.ErrorHandler.throwIfResponseFailed(ErrorHandler.java:156)
	at org.openqa.selenium.remote.RemoteWebDriver.execute(RemoteWebDriver.java:599)
	at org.openqa.selenium.remote.RemoteWebDriver.findElement(RemoteWebDriver.java:352)
	at org.openqa.selenium.remote.RemoteWebDriver.findElementByXPath(RemoteWebDriver.java:449)
	at org.openqa.selenium.By$ByXPath.findElement(By.java:357)
	at org.openqa.selenium.remote.RemoteWebDriver.findElement(RemoteWebDriver.java:344)
	at sprint6.US457_GroupWRINsByTemperatureZoneOnThePhysicalInventoryPageAndPrintableInventorySheet.Sprint6_US457_TC1226(US457_GroupWRINsByTemperatureZoneOnThePhysicalInventoryPageAndPrintableInventorySheet.java:199)
	at sun.reflect.NativeMethodAccessorImpl.invoke0(Native Method)
	at sun.reflect.NativeMethodAccessorImpl.invoke(Unknown Source)
	at sun.reflect.DelegatingMethodAccessorImpl.invoke(Unknown Source)
	at java.lang.reflect.Method.invoke(Unknown Source)
	at org.testng.internal.MethodInvocationHelper.invokeMethod(MethodInvocationHelper.java:84)
	at org.testng.internal.Invoker.invokeMethod(Invoker.java:714)
	at org.testng.internal.Invoker.invokeTestMethod(Invoker.java:901)
	at org.testng.internal.Invoker.invokeTestMethods(Invoker.java:1231)
	at org.testng.internal.TestMethodWorker.invokeTestMethods(TestMethodWorker.java:127)
	at org.testng.internal.TestMethodWorker.run(TestMethodWorker.java:111)
	at org.testng.TestRunner.privateRun(TestRunner.java:767)
	at org.testng.TestRunner.run(TestRunner.java:617)
	at org.testng.SuiteRunner.runTest(SuiteRunner.java:334)
	at org.testng.SuiteRunner.runSequentially(SuiteRunner.java:329)
	at org.testng.SuiteRunner.privateRun(SuiteRunner.java:291)
	at org.testng.SuiteRunner.run(SuiteRunner.java:240)
	at org.testng.SuiteRunnerWorker.runSuite(SuiteRunnerWorker.java:52)
	at org.testng.SuiteRunnerWorker.run(SuiteRunnerWorker.java:86)
	at org.testng.TestNG.runSuitesSequentially(TestNG.java:1224)
	at org.testng.TestNG.runSuitesLocally(TestNG.java:1149)
	at org.testng.TestNG.run(TestNG.java:1057)
	at org.testng.remote.RemoteTestNG.run(RemoteTestNG.java:111)
	at org.testng.remote.RemoteTestNG.initAndRun(RemoteTestNG.java:204)
	at org.testng.remote.RemoteTestNG.main(RemoteTestNG.java:175)
</pre></div></td>
<td>61</td>
<td>sprint6.US457_GroupWRINsByTemperatureZoneOnThePhysicalInventoryPageAndPrintableInventorySheet@9a5a48</td></tr>
<tr>
<td title='sprint6.US457_GroupWRINsByTemperatureZoneOnThePhysicalInventoryPageAndPrintableInventorySheet.Sprint6_US457_TC1228()'><b>Sprint6_US457_TC1228</b><br>Test class: sprint6.US457_GroupWRINsByTemperatureZoneOnThePhysicalInventoryPageAndPrintableInventorySheet</td>
<td><div><pre>java.lang.IndexOutOfBoundsException: Index: 1, Size: 1
	at java.util.ArrayList.rangeCheck(Unknown Source)
	at java.util.ArrayList.get(Unknown Source)
	at sprint6.US457_GroupWRINsByTemperatureZoneOnThePhysicalInventoryPageAndPrintableInventorySheet.Sprint6_US457_TC1228(US457_GroupWRINsByTemperatureZoneOnThePhysicalInventoryPageAndPrintableInventorySheet.java:45)
... Removed 24 stack frames</pre></div><a href='#' onClick='toggleBox("stack-trace24932923", this, "Click to show all stack frames", "Click to hide stack frames")'>Click to show all stack frames</a>
<div class='stack-trace' id='stack-trace24932923'><pre>java.lang.IndexOutOfBoundsException: Index: 1, Size: 1
	at java.util.ArrayList.rangeCheck(Unknown Source)
	at java.util.ArrayList.get(Unknown Source)
	at sprint6.US457_GroupWRINsByTemperatureZoneOnThePhysicalInventoryPageAndPrintableInventorySheet.Sprint6_US457_TC1228(US457_GroupWRINsByTemperatureZoneOnThePhysicalInventoryPageAndPrintableInventorySheet.java:45)
	at sun.reflect.NativeMethodAccessorImpl.invoke0(Native Method)
	at sun.reflect.NativeMethodAccessorImpl.invoke(Unknown Source)
	at sun.reflect.DelegatingMethodAccessorImpl.invoke(Unknown Source)
	at java.lang.reflect.Method.invoke(Unknown Source)
	at org.testng.internal.MethodInvocationHelper.invokeMethod(MethodInvocationHelper.java:84)
	at org.testng.internal.Invoker.invokeMethod(Invoker.java:714)
	at org.testng.internal.Invoker.invokeTestMethod(Invoker.java:901)
	at org.testng.internal.Invoker.invokeTestMethods(Invoker.java:1231)
	at org.testng.internal.TestMethodWorker.invokeTestMethods(TestMethodWorker.java:127)
	at org.testng.internal.TestMethodWorker.run(TestMethodWorker.java:111)
	at org.testng.TestRunner.privateRun(TestRunner.java:767)
	at org.testng.TestRunner.run(TestRunner.java:617)
	at org.testng.SuiteRunner.runTest(SuiteRunner.java:334)
	at org.testng.SuiteRunner.runSequentially(SuiteRunner.java:329)
	at org.testng.SuiteRunner.privateRun(SuiteRunner.java:291)
	at org.testng.SuiteRunner.run(SuiteRunner.java:240)
	at org.testng.SuiteRunnerWorker.runSuite(SuiteRunnerWorker.java:52)
	at org.testng.SuiteRunnerWorker.run(SuiteRunnerWorker.java:86)
	at org.testng.TestNG.runSuitesSequentially(TestNG.java:1224)
	at org.testng.TestNG.runSuitesLocally(TestNG.java:1149)
	at org.testng.TestNG.run(TestNG.java:1057)
	at org.testng.remote.RemoteTestNG.run(RemoteTestNG.java:111)
	at org.testng.remote.RemoteTestNG.initAndRun(RemoteTestNG.java:204)
	at org.testng.remote.RemoteTestNG.main(RemoteTestNG.java:175)
</pre></div></td>
<td>19</td>
<td>sprint6.US457_GroupWRINsByTemperatureZoneOnThePhysicalInventoryPageAndPrintableInventorySheet@9a5a48</td></tr>
<tr>
<td title='sprint6.US458_GroupWRINsByAssemblyItemOnThePhysicalInventoryPageAndPrintableInventorySheet.Sprint6_US458_TC1230()'><b>Sprint6_US458_TC1230</b><br>Test class: sprint6.US458_GroupWRINsByAssemblyItemOnThePhysicalInventoryPageAndPrintableInventorySheet</td>
<td><div><pre>java.lang.IndexOutOfBoundsException: Index: 1, Size: 1
	at java.util.ArrayList.rangeCheck(Unknown Source)
	at java.util.ArrayList.get(Unknown Source)
	at sprint6.US458_GroupWRINsByAssemblyItemOnThePhysicalInventoryPageAndPrintableInventorySheet.Sprint6_US458_TC1230(US458_GroupWRINsByAssemblyItemOnThePhysicalInventoryPageAndPrintableInventorySheet.java:45)
... Removed 24 stack frames</pre></div><a href='#' onClick='toggleBox("stack-trace14964343", this, "Click to show all stack frames", "Click to hide stack frames")'>Click to show all stack frames</a>
<div class='stack-trace' id='stack-trace14964343'><pre>java.lang.IndexOutOfBoundsException: Index: 1, Size: 1
	at java.util.ArrayList.rangeCheck(Unknown Source)
	at java.util.ArrayList.get(Unknown Source)
	at sprint6.US458_GroupWRINsByAssemblyItemOnThePhysicalInventoryPageAndPrintableInventorySheet.Sprint6_US458_TC1230(US458_GroupWRINsByAssemblyItemOnThePhysicalInventoryPageAndPrintableInventorySheet.java:45)
	at sun.reflect.NativeMethodAccessorImpl.invoke0(Native Method)
	at sun.reflect.NativeMethodAccessorImpl.invoke(Unknown Source)
	at sun.reflect.DelegatingMethodAccessorImpl.invoke(Unknown Source)
	at java.lang.reflect.Method.invoke(Unknown Source)
	at org.testng.internal.MethodInvocationHelper.invokeMethod(MethodInvocationHelper.java:84)
	at org.testng.internal.Invoker.invokeMethod(Invoker.java:714)
	at org.testng.internal.Invoker.invokeTestMethod(Invoker.java:901)
	at org.testng.internal.Invoker.invokeTestMethods(Invoker.java:1231)
	at org.testng.internal.TestMethodWorker.invokeTestMethods(TestMethodWorker.java:127)
	at org.testng.internal.TestMethodWorker.run(TestMethodWorker.java:111)
	at org.testng.TestRunner.privateRun(TestRunner.java:767)
	at org.testng.TestRunner.run(TestRunner.java:617)
	at org.testng.SuiteRunner.runTest(SuiteRunner.java:334)
	at org.testng.SuiteRunner.runSequentially(SuiteRunner.java:329)
	at org.testng.SuiteRunner.privateRun(SuiteRunner.java:291)
	at org.testng.SuiteRunner.run(SuiteRunner.java:240)
	at org.testng.SuiteRunnerWorker.runSuite(SuiteRunnerWorker.java:52)
	at org.testng.SuiteRunnerWorker.run(SuiteRunnerWorker.java:86)
	at org.testng.TestNG.runSuitesSequentially(TestNG.java:1224)
	at org.testng.TestNG.runSuitesLocally(TestNG.java:1149)
	at org.testng.TestNG.run(TestNG.java:1057)
	at org.testng.remote.RemoteTestNG.run(RemoteTestNG.java:111)
	at org.testng.remote.RemoteTestNG.initAndRun(RemoteTestNG.java:204)
	at org.testng.remote.RemoteTestNG.main(RemoteTestNG.java:175)
</pre></div></td>
<td>19</td>
<td>sprint6.US458_GroupWRINsByAssemblyItemOnThePhysicalInventoryPageAndPrintableInventorySheet@1cad977</td></tr>
<tr>
<td title='sprint6.US459_GroupWRINsByWRINPrefixOnThePhysicalInventoryPageAndPrintableInventorySheet.Sprint6_US459_TC1247()'><b>Sprint6_US459_TC1247</b><br>Test class: sprint6.US459_GroupWRINsByWRINPrefixOnThePhysicalInventoryPageAndPrintableInventorySheet</td>
<td><div><pre>java.lang.IndexOutOfBoundsException: Index: 1, Size: 1
	at java.util.ArrayList.rangeCheck(Unknown Source)
	at java.util.ArrayList.get(Unknown Source)
	at sprint6.US459_GroupWRINsByWRINPrefixOnThePhysicalInventoryPageAndPrintableInventorySheet.Sprint6_US459_TC1247(US459_GroupWRINsByWRINPrefixOnThePhysicalInventoryPageAndPrintableInventorySheet.java:38)
... Removed 24 stack frames</pre></div><a href='#' onClick='toggleBox("stack-trace10101225", this, "Click to show all stack frames", "Click to hide stack frames")'>Click to show all stack frames</a>
<div class='stack-trace' id='stack-trace10101225'><pre>java.lang.IndexOutOfBoundsException: Index: 1, Size: 1
	at java.util.ArrayList.rangeCheck(Unknown Source)
	at java.util.ArrayList.get(Unknown Source)
	at sprint6.US459_GroupWRINsByWRINPrefixOnThePhysicalInventoryPageAndPrintableInventorySheet.Sprint6_US459_TC1247(US459_GroupWRINsByWRINPrefixOnThePhysicalInventoryPageAndPrintableInventorySheet.java:38)
	at sun.reflect.NativeMethodAccessorImpl.invoke0(Native Method)
	at sun.reflect.NativeMethodAccessorImpl.invoke(Unknown Source)
	at sun.reflect.DelegatingMethodAccessorImpl.invoke(Unknown Source)
	at java.lang.reflect.Method.invoke(Unknown Source)
	at org.testng.internal.MethodInvocationHelper.invokeMethod(MethodInvocationHelper.java:84)
	at org.testng.internal.Invoker.invokeMethod(Invoker.java:714)
	at org.testng.internal.Invoker.invokeTestMethod(Invoker.java:901)
	at org.testng.internal.Invoker.invokeTestMethods(Invoker.java:1231)
	at org.testng.internal.TestMethodWorker.invokeTestMethods(TestMethodWorker.java:127)
	at org.testng.internal.TestMethodWorker.run(TestMethodWorker.java:111)
	at org.testng.TestRunner.privateRun(TestRunner.java:767)
	at org.testng.TestRunner.run(TestRunner.java:617)
	at org.testng.SuiteRunner.runTest(SuiteRunner.java:334)
	at org.testng.SuiteRunner.runSequentially(SuiteRunner.java:329)
	at org.testng.SuiteRunner.privateRun(SuiteRunner.java:291)
	at org.testng.SuiteRunner.run(SuiteRunner.java:240)
	at org.testng.SuiteRunnerWorker.runSuite(SuiteRunnerWorker.java:52)
	at org.testng.SuiteRunnerWorker.run(SuiteRunnerWorker.java:86)
	at org.testng.TestNG.runSuitesSequentially(TestNG.java:1224)
	at org.testng.TestNG.runSuitesLocally(TestNG.java:1149)
	at org.testng.TestNG.run(TestNG.java:1057)
	at org.testng.remote.RemoteTestNG.run(RemoteTestNG.java:111)
	at org.testng.remote.RemoteTestNG.initAndRun(RemoteTestNG.java:204)
	at org.testng.remote.RemoteTestNG.main(RemoteTestNG.java:175)
</pre></div></td>
<td>20</td>
<td>sprint6.US459_GroupWRINsByWRINPrefixOnThePhysicalInventoryPageAndPrintableInventorySheet@17bc0ac</td></tr>
<tr>
<td title='sprint6.US460_SearchOnThePhysicalInventoryPageToShowSearchResultsForTheEntireListOfWRINs.Sprint6_US460_TC1253()'><b>Sprint6_US460_TC1253</b><br>Test class: sprint6.US460_SearchOnThePhysicalInventoryPageToShowSearchResultsForTheEntireListOfWRINs</td>
<td><div><pre>org.openqa.selenium.WebDriverException: unknown error: Element is not clickable at point (320, 132). Other element would receive the click: &lt;div class=&quot;modal-backdrop fade in&quot; style=&quot;height: 671px;&quot;&gt;&lt;/div&gt;
  (Session info: chrome=46.0.2471.2)
  (Driver info: chromedriver=2.10.267521,platform=Windows NT 6.1 SP1 x86_64) (WARNING: The server did not provide any stacktrace information)
Command duration or timeout: 76 milliseconds
Build info: version: &apos;2.45.0&apos;, revision: &apos;32a636c&apos;, time: &apos;2015-03-05 22:01:35&apos;
System info: host: &apos;DS-000000006173&apos;, ip: &apos;10.112.78.73&apos;, os.name: &apos;Windows 7&apos;, os.arch: &apos;x86&apos;, os.version: &apos;6.1&apos;, java.version: &apos;1.7.0_60&apos;
Session ID: a0dd9eb6a4d1814edcb558826c6cdc41
Driver info: org.openqa.selenium.chrome.ChromeDriver
Capabilities [{platform=XP, acceptSslCerts=true, javascriptEnabled=true, browserName=chrome, chrome={userDataDir=C:\Users\shyam_g\AppData\Local\Temp\scoped_dir5492_1071}, rotatable=false, locationContextEnabled=true, version=46.0.2471.2, takesHeapSnapshot=true, cssSelectorsEnabled=true, databaseEnabled=false, handlesAlerts=true, browserConnectionEnabled=false, webStorageEnabled=true, nativeEvents=true, applicationCacheEnabled=false, takesScreenshot=true}]
	at org.openqa.selenium.remote.ErrorHandler.createThrowable(ErrorHandler.java:204)
	at org.openqa.selenium.remote.ErrorHandler.throwIfResponseFailed(ErrorHandler.java:156)
	at org.openqa.selenium.remote.RemoteWebDriver.execute(RemoteWebDriver.java:599)
	at org.openqa.selenium.remote.RemoteWebElement.execute(RemoteWebElement.java:268)
	at org.openqa.selenium.remote.RemoteWebElement.click(RemoteWebElement.java:79)
	at org.openqa.selenium.support.pagefactory.internal.LocatingElementHandler.invoke(LocatingElementHandler.java:50)
	at com.sun.proxy.$Proxy13.click(Unknown Source)
	at sprint6.US460_SearchOnThePhysicalInventoryPageToShowSearchResultsForTheEntireListOfWRINs.Sprint6_US460_TC1253(US460_SearchOnThePhysicalInventoryPageToShowSearchResultsForTheEntireListOfWRINs.java:93)
... Removed 31 stack frames</pre></div><a href='#' onClick='toggleBox("stack-trace27500626", this, "Click to show all stack frames", "Click to hide stack frames")'>Click to show all stack frames</a>
<div class='stack-trace' id='stack-trace27500626'><pre>org.openqa.selenium.WebDriverException: unknown error: Element is not clickable at point (320, 132). Other element would receive the click: &lt;div class=&quot;modal-backdrop fade in&quot; style=&quot;height: 671px;&quot;&gt;&lt;/div&gt;
  (Session info: chrome=46.0.2471.2)
  (Driver info: chromedriver=2.10.267521,platform=Windows NT 6.1 SP1 x86_64) (WARNING: The server did not provide any stacktrace information)
Command duration or timeout: 76 milliseconds
Build info: version: &apos;2.45.0&apos;, revision: &apos;32a636c&apos;, time: &apos;2015-03-05 22:01:35&apos;
System info: host: &apos;DS-000000006173&apos;, ip: &apos;10.112.78.73&apos;, os.name: &apos;Windows 7&apos;, os.arch: &apos;x86&apos;, os.version: &apos;6.1&apos;, java.version: &apos;1.7.0_60&apos;
Session ID: a0dd9eb6a4d1814edcb558826c6cdc41
Driver info: org.openqa.selenium.chrome.ChromeDriver
Capabilities [{platform=XP, acceptSslCerts=true, javascriptEnabled=true, browserName=chrome, chrome={userDataDir=C:\Users\shyam_g\AppData\Local\Temp\scoped_dir5492_1071}, rotatable=false, locationContextEnabled=true, version=46.0.2471.2, takesHeapSnapshot=true, cssSelectorsEnabled=true, databaseEnabled=false, handlesAlerts=true, browserConnectionEnabled=false, webStorageEnabled=true, nativeEvents=true, applicationCacheEnabled=false, takesScreenshot=true}]
	at sun.reflect.NativeConstructorAccessorImpl.newInstance0(Native Method)
	at sun.reflect.NativeConstructorAccessorImpl.newInstance(Unknown Source)
	at sun.reflect.DelegatingConstructorAccessorImpl.newInstance(Unknown Source)
	at java.lang.reflect.Constructor.newInstance(Unknown Source)
	at org.openqa.selenium.remote.ErrorHandler.createThrowable(ErrorHandler.java:204)
	at org.openqa.selenium.remote.ErrorHandler.throwIfResponseFailed(ErrorHandler.java:156)
	at org.openqa.selenium.remote.RemoteWebDriver.execute(RemoteWebDriver.java:599)
	at org.openqa.selenium.remote.RemoteWebElement.execute(RemoteWebElement.java:268)
	at org.openqa.selenium.remote.RemoteWebElement.click(RemoteWebElement.java:79)
	at sun.reflect.GeneratedMethodAccessor10.invoke(Unknown Source)
	at sun.reflect.DelegatingMethodAccessorImpl.invoke(Unknown Source)
	at java.lang.reflect.Method.invoke(Unknown Source)
	at org.openqa.selenium.support.pagefactory.internal.LocatingElementHandler.invoke(LocatingElementHandler.java:50)
	at com.sun.proxy.$Proxy13.click(Unknown Source)
	at sprint6.US460_SearchOnThePhysicalInventoryPageToShowSearchResultsForTheEntireListOfWRINs.Sprint6_US460_TC1253(US460_SearchOnThePhysicalInventoryPageToShowSearchResultsForTheEntireListOfWRINs.java:93)
	at sun.reflect.NativeMethodAccessorImpl.invoke0(Native Method)
	at sun.reflect.NativeMethodAccessorImpl.invoke(Unknown Source)
	at sun.reflect.DelegatingMethodAccessorImpl.invoke(Unknown Source)
	at java.lang.reflect.Method.invoke(Unknown Source)
	at org.testng.internal.MethodInvocationHelper.invokeMethod(MethodInvocationHelper.java:84)
	at org.testng.internal.Invoker.invokeMethod(Invoker.java:714)
	at org.testng.internal.Invoker.invokeTestMethod(Invoker.java:901)
	at org.testng.internal.Invoker.invokeTestMethods(Invoker.java:1231)
	at org.testng.internal.TestMethodWorker.invokeTestMethods(TestMethodWorker.java:127)
	at org.testng.internal.TestMethodWorker.run(TestMethodWorker.java:111)
	at org.testng.TestRunner.privateRun(TestRunner.java:767)
	at org.testng.TestRunner.run(TestRunner.java:617)
	at org.testng.SuiteRunner.runTest(SuiteRunner.java:334)
	at org.testng.SuiteRunner.runSequentially(SuiteRunner.java:329)
	at org.testng.SuiteRunner.privateRun(SuiteRunner.java:291)
	at org.testng.SuiteRunner.run(SuiteRunner.java:240)
	at org.testng.SuiteRunnerWorker.runSuite(SuiteRunnerWorker.java:52)
	at org.testng.SuiteRunnerWorker.run(SuiteRunnerWorker.java:86)
	at org.testng.TestNG.runSuitesSequentially(TestNG.java:1224)
	at org.testng.TestNG.runSuitesLocally(TestNG.java:1149)
	at org.testng.TestNG.run(TestNG.java:1057)
	at org.testng.remote.RemoteTestNG.run(RemoteTestNG.java:111)
	at org.testng.remote.RemoteTestNG.initAndRun(RemoteTestNG.java:204)
	at org.testng.remote.RemoteTestNG.main(RemoteTestNG.java:175)
</pre></div></td>
<td>31</td>
<td>sprint6.US460_SearchOnThePhysicalInventoryPageToShowSearchResultsForTheEntireListOfWRINs@14fab65</td></tr>
<tr>
<td title='sprint6.US477_Part2ManualPurchase.Sprint6_US477_TC1266()'><b>Sprint6_US477_TC1266</b><br>Test class: sprint6.US477_Part2ManualPurchase</td>
<td><div><pre>org.openqa.selenium.ElementNotVisibleException: element not visible
  (Session info: chrome=46.0.2471.2)
  (Driver info: chromedriver=2.10.267521,platform=Windows NT 6.1 SP1 x86_64) (WARNING: The server did not provide any stacktrace information)
Command duration or timeout: 167 milliseconds
Build info: version: &apos;2.45.0&apos;, revision: &apos;32a636c&apos;, time: &apos;2015-03-05 22:01:35&apos;
System info: host: &apos;DS-000000006173&apos;, ip: &apos;10.112.78.73&apos;, os.name: &apos;Windows 7&apos;, os.arch: &apos;x86&apos;, os.version: &apos;6.1&apos;, java.version: &apos;1.7.0_60&apos;
Session ID: 81e4e3577c2be7f928385db167b326a1
Driver info: org.openqa.selenium.chrome.ChromeDriver
Capabilities [{platform=XP, acceptSslCerts=true, javascriptEnabled=true, browserName=chrome, chrome={userDataDir=C:\Users\shyam_g\AppData\Local\Temp\scoped_dir6156_10214}, rotatable=false, locationContextEnabled=true, version=46.0.2471.2, takesHeapSnapshot=true, cssSelectorsEnabled=true, databaseEnabled=false, handlesAlerts=true, browserConnectionEnabled=false, webStorageEnabled=true, nativeEvents=true, applicationCacheEnabled=false, takesScreenshot=true}]
	at org.openqa.selenium.remote.ErrorHandler.createThrowable(ErrorHandler.java:204)
	at org.openqa.selenium.remote.ErrorHandler.throwIfResponseFailed(ErrorHandler.java:156)
	at org.openqa.selenium.remote.RemoteWebDriver.execute(RemoteWebDriver.java:599)
	at org.openqa.selenium.remote.RemoteWebElement.execute(RemoteWebElement.java:268)
	at org.openqa.selenium.remote.RemoteWebElement.click(RemoteWebElement.java:79)
	at org.openqa.selenium.support.pagefactory.internal.LocatingElementHandler.invoke(LocatingElementHandler.java:50)
	at com.sun.proxy.$Proxy13.click(Unknown Source)
	at sprint6.US477_Part2ManualPurchase.Sprint6_US477_TC1266(US477_Part2ManualPurchase.java:238)
... Removed 31 stack frames</pre></div><a href='#' onClick='toggleBox("stack-trace12693126", this, "Click to show all stack frames", "Click to hide stack frames")'>Click to show all stack frames</a>
<div class='stack-trace' id='stack-trace12693126'><pre>org.openqa.selenium.ElementNotVisibleException: element not visible
  (Session info: chrome=46.0.2471.2)
  (Driver info: chromedriver=2.10.267521,platform=Windows NT 6.1 SP1 x86_64) (WARNING: The server did not provide any stacktrace information)
Command duration or timeout: 167 milliseconds
Build info: version: &apos;2.45.0&apos;, revision: &apos;32a636c&apos;, time: &apos;2015-03-05 22:01:35&apos;
System info: host: &apos;DS-000000006173&apos;, ip: &apos;10.112.78.73&apos;, os.name: &apos;Windows 7&apos;, os.arch: &apos;x86&apos;, os.version: &apos;6.1&apos;, java.version: &apos;1.7.0_60&apos;
Session ID: 81e4e3577c2be7f928385db167b326a1
Driver info: org.openqa.selenium.chrome.ChromeDriver
Capabilities [{platform=XP, acceptSslCerts=true, javascriptEnabled=true, browserName=chrome, chrome={userDataDir=C:\Users\shyam_g\AppData\Local\Temp\scoped_dir6156_10214}, rotatable=false, locationContextEnabled=true, version=46.0.2471.2, takesHeapSnapshot=true, cssSelectorsEnabled=true, databaseEnabled=false, handlesAlerts=true, browserConnectionEnabled=false, webStorageEnabled=true, nativeEvents=true, applicationCacheEnabled=false, takesScreenshot=true}]
	at sun.reflect.NativeConstructorAccessorImpl.newInstance0(Native Method)
	at sun.reflect.NativeConstructorAccessorImpl.newInstance(Unknown Source)
	at sun.reflect.DelegatingConstructorAccessorImpl.newInstance(Unknown Source)
	at java.lang.reflect.Constructor.newInstance(Unknown Source)
	at org.openqa.selenium.remote.ErrorHandler.createThrowable(ErrorHandler.java:204)
	at org.openqa.selenium.remote.ErrorHandler.throwIfResponseFailed(ErrorHandler.java:156)
	at org.openqa.selenium.remote.RemoteWebDriver.execute(RemoteWebDriver.java:599)
	at org.openqa.selenium.remote.RemoteWebElement.execute(RemoteWebElement.java:268)
	at org.openqa.selenium.remote.RemoteWebElement.click(RemoteWebElement.java:79)
	at sun.reflect.GeneratedMethodAccessor10.invoke(Unknown Source)
	at sun.reflect.DelegatingMethodAccessorImpl.invoke(Unknown Source)
	at java.lang.reflect.Method.invoke(Unknown Source)
	at org.openqa.selenium.support.pagefactory.internal.LocatingElementHandler.invoke(LocatingElementHandler.java:50)
	at com.sun.proxy.$Proxy13.click(Unknown Source)
	at sprint6.US477_Part2ManualPurchase.Sprint6_US477_TC1266(US477_Part2ManualPurchase.java:238)
	at sun.reflect.NativeMethodAccessorImpl.invoke0(Native Method)
	at sun.reflect.NativeMethodAccessorImpl.invoke(Unknown Source)
	at sun.reflect.DelegatingMethodAccessorImpl.invoke(Unknown Source)
	at java.lang.reflect.Method.invoke(Unknown Source)
	at org.testng.internal.MethodInvocationHelper.invokeMethod(MethodInvocationHelper.java:84)
	at org.testng.internal.Invoker.invokeMethod(Invoker.java:714)
	at org.testng.internal.Invoker.invokeTestMethod(Invoker.java:901)
	at org.testng.internal.Invoker.invokeTestMethods(Invoker.java:1231)
	at org.testng.internal.TestMethodWorker.invokeTestMethods(TestMethodWorker.java:127)
	at org.testng.internal.TestMethodWorker.run(TestMethodWorker.java:111)
	at org.testng.TestRunner.privateRun(TestRunner.java:767)
	at org.testng.TestRunner.run(TestRunner.java:617)
	at org.testng.SuiteRunner.runTest(SuiteRunner.java:334)
	at org.testng.SuiteRunner.runSequentially(SuiteRunner.java:329)
	at org.testng.SuiteRunner.privateRun(SuiteRunner.java:291)
	at org.testng.SuiteRunner.run(SuiteRunner.java:240)
	at org.testng.SuiteRunnerWorker.runSuite(SuiteRunnerWorker.java:52)
	at org.testng.SuiteRunnerWorker.run(SuiteRunnerWorker.java:86)
	at org.testng.TestNG.runSuitesSequentially(TestNG.java:1224)
	at org.testng.TestNG.runSuitesLocally(TestNG.java:1149)
	at org.testng.TestNG.run(TestNG.java:1057)
	at org.testng.remote.RemoteTestNG.run(RemoteTestNG.java:111)
	at org.testng.remote.RemoteTestNG.initAndRun(RemoteTestNG.java:204)
	at org.testng.remote.RemoteTestNG.main(RemoteTestNG.java:175)
</pre></div></td>
<td>16</td>
<td>sprint6.US477_Part2ManualPurchase@7ca7f0</td></tr>
<tr>
<td title='sprint6.US477_Part2ManualPurchase.Sprint6_US477_TC1331()'><b>Sprint6_US477_TC1331</b><br>Test class: sprint6.US477_Part2ManualPurchase</td>
<td><div><pre>org.openqa.selenium.TimeoutException: Timed out after 60 seconds waiting for visibility of Proxy element for: org.openqa.selenium.support.pagefactory.DefaultElementLocator@1fa996
Build info: version: &apos;2.45.0&apos;, revision: &apos;32a636c&apos;, time: &apos;2015-03-05 22:01:35&apos;
System info: host: &apos;DS-000000006173&apos;, ip: &apos;10.112.78.73&apos;, os.name: &apos;Windows 7&apos;, os.arch: &apos;x86&apos;, os.version: &apos;6.1&apos;, java.version: &apos;1.7.0_60&apos;
Session ID: 0fe8848d421c43e5dada09b46d7f414c
Driver info: org.openqa.selenium.chrome.ChromeDriver
Capabilities [{platform=XP, acceptSslCerts=true, javascriptEnabled=true, browserName=chrome, chrome={userDataDir=C:\Users\shyam_g\AppData\Local\Temp\scoped_dir324_7632}, rotatable=false, locationContextEnabled=true, version=46.0.2471.2, takesHeapSnapshot=true, cssSelectorsEnabled=true, databaseEnabled=false, handlesAlerts=true, browserConnectionEnabled=false, webStorageEnabled=true, nativeEvents=true, applicationCacheEnabled=false, takesScreenshot=true}]
	at org.openqa.selenium.support.ui.WebDriverWait.timeoutException(WebDriverWait.java:79)
	at org.openqa.selenium.support.ui.FluentWait.until(FluentWait.java:228)
	at eInventoryPageClasses.ManualInvoiceNewPage.clickOnSaveButton(ManualInvoiceNewPage.java:241)
	at eInventoryPageClasses.ManualInvoiceNewPage.createAManualPurchaseForWrinID(ManualInvoiceNewPage.java:340)
	at sprint6.US477_Part2ManualPurchase.Sprint6_US477_TC1331(US477_Part2ManualPurchase.java:143)
Caused by: org.openqa.selenium.NoSuchElementException: no such element
  (Session info: chrome=46.0.2471.2)
  (Driver info: chromedriver=2.10.267521,platform=Windows NT 6.1 SP1 x86_64) (WARNING: The server did not provide any stacktrace information)
Command duration or timeout: 15.05 seconds
For documentation on this error, please visit: http://seleniumhq.org/exceptions/no_such_element.html
Build info: version: &apos;2.45.0&apos;, revision: &apos;32a636c&apos;, time: &apos;2015-03-05 22:01:35&apos;
System info: host: &apos;DS-000000006173&apos;, ip: &apos;10.112.78.73&apos;, os.name: &apos;Windows 7&apos;, os.arch: &apos;x86&apos;, os.version: &apos;6.1&apos;, java.version: &apos;1.7.0_60&apos;
*** Element info: {Using=xpath, value=//div[@class=&apos;toast-message&apos; and contains(.,&apos;Your invoice has been saved&apos;)]}
Session ID: 0fe8848d421c43e5dada09b46d7f414c
Driver info: org.openqa.selenium.chrome.ChromeDriver
Capabilities [{platform=XP, acceptSslCerts=true, javascriptEnabled=true, browserName=chrome, chrome={userDataDir=C:\Users\shyam_g\AppData\Local\Temp\scoped_dir324_7632}, rotatable=false, locationContextEnabled=true, version=46.0.2471.2, takesHeapSnapshot=true, cssSelectorsEnabled=true, databaseEnabled=false, handlesAlerts=true, browserConnectionEnabled=false, webStorageEnabled=true, nativeEvents=true, applicationCacheEnabled=false, takesScreenshot=true}]
	at org.openqa.selenium.remote.ErrorHandler.createThrowable(ErrorHandler.java:204)
	at org.openqa.selenium.remote.ErrorHandler.throwIfResponseFailed(ErrorHandler.java:156)
	at org.openqa.selenium.remote.RemoteWebDriver.execute(RemoteWebDriver.java:599)
	at org.openqa.selenium.remote.RemoteWebDriver.findElement(RemoteWebDriver.java:352)
	at org.openqa.selenium.remote.RemoteWebDriver.findElementByXPath(RemoteWebDriver.java:449)
	at org.openqa.selenium.By$ByXPath.findElement(By.java:357)
	at org.openqa.selenium.remote.RemoteWebDriver.findElement(RemoteWebDriver.java:344)
	at org.openqa.selenium.support.pagefactory.DefaultElementLocator.findElement(DefaultElementLocator.java:59)
	at org.openqa.selenium.support.pagefactory.internal.LocatingElementHandler.invoke(LocatingElementHandler.java:37)
	at com.sun.proxy.$Proxy13.isDisplayed(Unknown Source)
	at org.openqa.selenium.support.ui.ExpectedConditions.elementIfVisible(ExpectedConditions.java:227)
	at org.openqa.selenium.support.ui.ExpectedConditions.access$1(ExpectedConditions.java:226)
	at org.openqa.selenium.support.ui.ExpectedConditions$7.apply(ExpectedConditions.java:213)
	at org.openqa.selenium.support.ui.ExpectedConditions$7.apply(ExpectedConditions.java:1)
	at org.openqa.selenium.support.ui.FluentWait.until(FluentWait.java:208)
	... 27 more
... Removed 28 stack frames</pre></div><a href='#' onClick='toggleBox("stack-trace22261307", this, "Click to show all stack frames", "Click to hide stack frames")'>Click to show all stack frames</a>
<div class='stack-trace' id='stack-trace22261307'><pre>org.openqa.selenium.TimeoutException: Timed out after 60 seconds waiting for visibility of Proxy element for: org.openqa.selenium.support.pagefactory.DefaultElementLocator@1fa996
Build info: version: &apos;2.45.0&apos;, revision: &apos;32a636c&apos;, time: &apos;2015-03-05 22:01:35&apos;
System info: host: &apos;DS-000000006173&apos;, ip: &apos;10.112.78.73&apos;, os.name: &apos;Windows 7&apos;, os.arch: &apos;x86&apos;, os.version: &apos;6.1&apos;, java.version: &apos;1.7.0_60&apos;
Session ID: 0fe8848d421c43e5dada09b46d7f414c
Driver info: org.openqa.selenium.chrome.ChromeDriver
Capabilities [{platform=XP, acceptSslCerts=true, javascriptEnabled=true, browserName=chrome, chrome={userDataDir=C:\Users\shyam_g\AppData\Local\Temp\scoped_dir324_7632}, rotatable=false, locationContextEnabled=true, version=46.0.2471.2, takesHeapSnapshot=true, cssSelectorsEnabled=true, databaseEnabled=false, handlesAlerts=true, browserConnectionEnabled=false, webStorageEnabled=true, nativeEvents=true, applicationCacheEnabled=false, takesScreenshot=true}]
	at org.openqa.selenium.support.ui.WebDriverWait.timeoutException(WebDriverWait.java:79)
	at org.openqa.selenium.support.ui.FluentWait.until(FluentWait.java:228)
	at eInventoryPageClasses.ManualInvoiceNewPage.clickOnSaveButton(ManualInvoiceNewPage.java:241)
	at eInventoryPageClasses.ManualInvoiceNewPage.createAManualPurchaseForWrinID(ManualInvoiceNewPage.java:340)
	at sprint6.US477_Part2ManualPurchase.Sprint6_US477_TC1331(US477_Part2ManualPurchase.java:143)
	at sun.reflect.NativeMethodAccessorImpl.invoke0(Native Method)
	at sun.reflect.NativeMethodAccessorImpl.invoke(Unknown Source)
	at sun.reflect.DelegatingMethodAccessorImpl.invoke(Unknown Source)
	at java.lang.reflect.Method.invoke(Unknown Source)
	at org.testng.internal.MethodInvocationHelper.invokeMethod(MethodInvocationHelper.java:84)
	at org.testng.internal.Invoker.invokeMethod(Invoker.java:714)
	at org.testng.internal.Invoker.invokeTestMethod(Invoker.java:901)
	at org.testng.internal.Invoker.invokeTestMethods(Invoker.java:1231)
	at org.testng.internal.TestMethodWorker.invokeTestMethods(TestMethodWorker.java:127)
	at org.testng.internal.TestMethodWorker.run(TestMethodWorker.java:111)
	at org.testng.TestRunner.privateRun(TestRunner.java:767)
	at org.testng.TestRunner.run(TestRunner.java:617)
	at org.testng.SuiteRunner.runTest(SuiteRunner.java:334)
	at org.testng.SuiteRunner.runSequentially(SuiteRunner.java:329)
	at org.testng.SuiteRunner.privateRun(SuiteRunner.java:291)
	at org.testng.SuiteRunner.run(SuiteRunner.java:240)
	at org.testng.SuiteRunnerWorker.runSuite(SuiteRunnerWorker.java:52)
	at org.testng.SuiteRunnerWorker.run(SuiteRunnerWorker.java:86)
	at org.testng.TestNG.runSuitesSequentially(TestNG.java:1224)
	at org.testng.TestNG.runSuitesLocally(TestNG.java:1149)
	at org.testng.TestNG.run(TestNG.java:1057)
	at org.testng.remote.RemoteTestNG.run(RemoteTestNG.java:111)
	at org.testng.remote.RemoteTestNG.initAndRun(RemoteTestNG.java:204)
	at org.testng.remote.RemoteTestNG.main(RemoteTestNG.java:175)
Caused by: org.openqa.selenium.NoSuchElementException: no such element
  (Session info: chrome=46.0.2471.2)
  (Driver info: chromedriver=2.10.267521,platform=Windows NT 6.1 SP1 x86_64) (WARNING: The server did not provide any stacktrace information)
Command duration or timeout: 15.05 seconds
For documentation on this error, please visit: http://seleniumhq.org/exceptions/no_such_element.html
Build info: version: &apos;2.45.0&apos;, revision: &apos;32a636c&apos;, time: &apos;2015-03-05 22:01:35&apos;
System info: host: &apos;DS-000000006173&apos;, ip: &apos;10.112.78.73&apos;, os.name: &apos;Windows 7&apos;, os.arch: &apos;x86&apos;, os.version: &apos;6.1&apos;, java.version: &apos;1.7.0_60&apos;
*** Element info: {Using=xpath, value=//div[@class=&apos;toast-message&apos; and contains(.,&apos;Your invoice has been saved&apos;)]}
Session ID: 0fe8848d421c43e5dada09b46d7f414c
Driver info: org.openqa.selenium.chrome.ChromeDriver
Capabilities [{platform=XP, acceptSslCerts=true, javascriptEnabled=true, browserName=chrome, chrome={userDataDir=C:\Users\shyam_g\AppData\Local\Temp\scoped_dir324_7632}, rotatable=false, locationContextEnabled=true, version=46.0.2471.2, takesHeapSnapshot=true, cssSelectorsEnabled=true, databaseEnabled=false, handlesAlerts=true, browserConnectionEnabled=false, webStorageEnabled=true, nativeEvents=true, applicationCacheEnabled=false, takesScreenshot=true}]
	at sun.reflect.NativeConstructorAccessorImpl.newInstance0(Native Method)
	at sun.reflect.NativeConstructorAccessorImpl.newInstance(Unknown Source)
	at sun.reflect.DelegatingConstructorAccessorImpl.newInstance(Unknown Source)
	at java.lang.reflect.Constructor.newInstance(Unknown Source)
	at org.openqa.selenium.remote.ErrorHandler.createThrowable(ErrorHandler.java:204)
	at org.openqa.selenium.remote.ErrorHandler.throwIfResponseFailed(ErrorHandler.java:156)
	at org.openqa.selenium.remote.RemoteWebDriver.execute(RemoteWebDriver.java:599)
	at org.openqa.selenium.remote.RemoteWebDriver.findElement(RemoteWebDriver.java:352)
	at org.openqa.selenium.remote.RemoteWebDriver.findElementByXPath(RemoteWebDriver.java:449)
	at org.openqa.selenium.By$ByXPath.findElement(By.java:357)
	at org.openqa.selenium.remote.RemoteWebDriver.findElement(RemoteWebDriver.java:344)
	at org.openqa.selenium.support.pagefactory.DefaultElementLocator.findElement(DefaultElementLocator.java:59)
	at org.openqa.selenium.support.pagefactory.internal.LocatingElementHandler.invoke(LocatingElementHandler.java:37)
	at com.sun.proxy.$Proxy13.isDisplayed(Unknown Source)
	at org.openqa.selenium.support.ui.ExpectedConditions.elementIfVisible(ExpectedConditions.java:227)
	at org.openqa.selenium.support.ui.ExpectedConditions.access$1(ExpectedConditions.java:226)
	at org.openqa.selenium.support.ui.ExpectedConditions$7.apply(ExpectedConditions.java:213)
	at org.openqa.selenium.support.ui.ExpectedConditions$7.apply(ExpectedConditions.java:1)
	at org.openqa.selenium.support.ui.FluentWait.until(FluentWait.java:208)
	... 27 more
</pre></div></td>
<td>107</td>
<td>sprint6.US477_Part2ManualPurchase@7ca7f0</td></tr>
<tr>
<td title='sprint7.US367_EnterRawWaste.Sprint7_US367_TC1746()'><b>Sprint7_US367_TC1746</b><br>Test class: sprint7.US367_EnterRawWaste</td>
<td><div><pre>org.openqa.selenium.ElementNotVisibleException: element not visible
  (Session info: chrome=46.0.2471.2)
  (Driver info: chromedriver=2.10.267521,platform=Windows NT 6.1 SP1 x86_64) (WARNING: The server did not provide any stacktrace information)
Command duration or timeout: 280 milliseconds
Build info: version: &apos;2.45.0&apos;, revision: &apos;32a636c&apos;, time: &apos;2015-03-05 22:01:35&apos;
System info: host: &apos;DS-000000006173&apos;, ip: &apos;10.112.78.73&apos;, os.name: &apos;Windows 7&apos;, os.arch: &apos;x86&apos;, os.version: &apos;6.1&apos;, java.version: &apos;1.7.0_60&apos;
Session ID: 37633ccb529fbe40f06894eded92dc99
Driver info: org.openqa.selenium.chrome.ChromeDriver
Capabilities [{platform=XP, acceptSslCerts=true, javascriptEnabled=true, browserName=chrome, chrome={userDataDir=C:\Users\shyam_g\AppData\Local\Temp\scoped_dir6600_27377}, rotatable=false, locationContextEnabled=true, version=46.0.2471.2, takesHeapSnapshot=true, cssSelectorsEnabled=true, databaseEnabled=false, handlesAlerts=true, browserConnectionEnabled=false, webStorageEnabled=true, nativeEvents=true, applicationCacheEnabled=false, takesScreenshot=true}]
	at org.openqa.selenium.remote.ErrorHandler.createThrowable(ErrorHandler.java:204)
	at org.openqa.selenium.remote.ErrorHandler.throwIfResponseFailed(ErrorHandler.java:156)
	at org.openqa.selenium.remote.RemoteWebDriver.execute(RemoteWebDriver.java:599)
	at org.openqa.selenium.remote.RemoteWebElement.execute(RemoteWebElement.java:268)
	at org.openqa.selenium.remote.RemoteWebElement.click(RemoteWebElement.java:79)
	at eInventoryPageClasses.RawItemWastePage.enterCurrentDateAndTimeInRawWasteOccurredAtField(RawItemWastePage.java:120)
	at eInventoryPageClasses.RawItemWastePage.addARawItem(RawItemWastePage.java:139)
	at sprint7.US367_EnterRawWaste.Sprint7_US367_TC1746(US367_EnterRawWaste.java:55)
... Removed 28 stack frames</pre></div><a href='#' onClick='toggleBox("stack-trace14333112", this, "Click to show all stack frames", "Click to hide stack frames")'>Click to show all stack frames</a>
<div class='stack-trace' id='stack-trace14333112'><pre>org.openqa.selenium.ElementNotVisibleException: element not visible
  (Session info: chrome=46.0.2471.2)
  (Driver info: chromedriver=2.10.267521,platform=Windows NT 6.1 SP1 x86_64) (WARNING: The server did not provide any stacktrace information)
Command duration or timeout: 280 milliseconds
Build info: version: &apos;2.45.0&apos;, revision: &apos;32a636c&apos;, time: &apos;2015-03-05 22:01:35&apos;
System info: host: &apos;DS-000000006173&apos;, ip: &apos;10.112.78.73&apos;, os.name: &apos;Windows 7&apos;, os.arch: &apos;x86&apos;, os.version: &apos;6.1&apos;, java.version: &apos;1.7.0_60&apos;
Session ID: 37633ccb529fbe40f06894eded92dc99
Driver info: org.openqa.selenium.chrome.ChromeDriver
Capabilities [{platform=XP, acceptSslCerts=true, javascriptEnabled=true, browserName=chrome, chrome={userDataDir=C:\Users\shyam_g\AppData\Local\Temp\scoped_dir6600_27377}, rotatable=false, locationContextEnabled=true, version=46.0.2471.2, takesHeapSnapshot=true, cssSelectorsEnabled=true, databaseEnabled=false, handlesAlerts=true, browserConnectionEnabled=false, webStorageEnabled=true, nativeEvents=true, applicationCacheEnabled=false, takesScreenshot=true}]
	at sun.reflect.NativeConstructorAccessorImpl.newInstance0(Native Method)
	at sun.reflect.NativeConstructorAccessorImpl.newInstance(Unknown Source)
	at sun.reflect.DelegatingConstructorAccessorImpl.newInstance(Unknown Source)
	at java.lang.reflect.Constructor.newInstance(Unknown Source)
	at org.openqa.selenium.remote.ErrorHandler.createThrowable(ErrorHandler.java:204)
	at org.openqa.selenium.remote.ErrorHandler.throwIfResponseFailed(ErrorHandler.java:156)
	at org.openqa.selenium.remote.RemoteWebDriver.execute(RemoteWebDriver.java:599)
	at org.openqa.selenium.remote.RemoteWebElement.execute(RemoteWebElement.java:268)
	at org.openqa.selenium.remote.RemoteWebElement.click(RemoteWebElement.java:79)
	at eInventoryPageClasses.RawItemWastePage.enterCurrentDateAndTimeInRawWasteOccurredAtField(RawItemWastePage.java:120)
	at eInventoryPageClasses.RawItemWastePage.addARawItem(RawItemWastePage.java:139)
	at sprint7.US367_EnterRawWaste.Sprint7_US367_TC1746(US367_EnterRawWaste.java:55)
	at sun.reflect.NativeMethodAccessorImpl.invoke0(Native Method)
	at sun.reflect.NativeMethodAccessorImpl.invoke(Unknown Source)
	at sun.reflect.DelegatingMethodAccessorImpl.invoke(Unknown Source)
	at java.lang.reflect.Method.invoke(Unknown Source)
	at org.testng.internal.MethodInvocationHelper.invokeMethod(MethodInvocationHelper.java:84)
	at org.testng.internal.Invoker.invokeMethod(Invoker.java:714)
	at org.testng.internal.Invoker.invokeTestMethod(Invoker.java:901)
	at org.testng.internal.Invoker.invokeTestMethods(Invoker.java:1231)
	at org.testng.internal.TestMethodWorker.invokeTestMethods(TestMethodWorker.java:127)
	at org.testng.internal.TestMethodWorker.run(TestMethodWorker.java:111)
	at org.testng.TestRunner.privateRun(TestRunner.java:767)
	at org.testng.TestRunner.run(TestRunner.java:617)
	at org.testng.SuiteRunner.runTest(SuiteRunner.java:334)
	at org.testng.SuiteRunner.runSequentially(SuiteRunner.java:329)
	at org.testng.SuiteRunner.privateRun(SuiteRunner.java:291)
	at org.testng.SuiteRunner.run(SuiteRunner.java:240)
	at org.testng.SuiteRunnerWorker.runSuite(SuiteRunnerWorker.java:52)
	at org.testng.SuiteRunnerWorker.run(SuiteRunnerWorker.java:86)
	at org.testng.TestNG.runSuitesSequentially(TestNG.java:1224)
	at org.testng.TestNG.runSuitesLocally(TestNG.java:1149)
	at org.testng.TestNG.run(TestNG.java:1057)
	at org.testng.remote.RemoteTestNG.run(RemoteTestNG.java:111)
	at org.testng.remote.RemoteTestNG.initAndRun(RemoteTestNG.java:204)
	at org.testng.remote.RemoteTestNG.main(RemoteTestNG.java:175)
</pre></div></td>
<td>20</td>
<td>sprint7.US367_EnterRawWaste@149895</td></tr>
<tr>
<td title='sprint7.US367_EnterRawWaste.Sprint7_US367_TC1748()'><b>Sprint7_US367_TC1748</b><br>Test class: sprint7.US367_EnterRawWaste</td>
<td><div><pre>org.openqa.selenium.ElementNotVisibleException: element not visible
  (Session info: chrome=46.0.2471.2)
  (Driver info: chromedriver=2.10.267521,platform=Windows NT 6.1 SP1 x86_64) (WARNING: The server did not provide any stacktrace information)
Command duration or timeout: 330 milliseconds
Build info: version: &apos;2.45.0&apos;, revision: &apos;32a636c&apos;, time: &apos;2015-03-05 22:01:35&apos;
System info: host: &apos;DS-000000006173&apos;, ip: &apos;10.112.78.73&apos;, os.name: &apos;Windows 7&apos;, os.arch: &apos;x86&apos;, os.version: &apos;6.1&apos;, java.version: &apos;1.7.0_60&apos;
Session ID: 8962c853e3f2fb4e859c05b345160bb4
Driver info: org.openqa.selenium.chrome.ChromeDriver
Capabilities [{platform=XP, acceptSslCerts=true, javascriptEnabled=true, browserName=chrome, chrome={userDataDir=C:\Users\shyam_g\AppData\Local\Temp\scoped_dir7080_28913}, rotatable=false, locationContextEnabled=true, version=46.0.2471.2, takesHeapSnapshot=true, cssSelectorsEnabled=true, databaseEnabled=false, handlesAlerts=true, browserConnectionEnabled=false, webStorageEnabled=true, nativeEvents=true, applicationCacheEnabled=false, takesScreenshot=true}]
	at org.openqa.selenium.remote.ErrorHandler.createThrowable(ErrorHandler.java:204)
	at org.openqa.selenium.remote.ErrorHandler.throwIfResponseFailed(ErrorHandler.java:156)
	at org.openqa.selenium.remote.RemoteWebDriver.execute(RemoteWebDriver.java:599)
	at org.openqa.selenium.remote.RemoteWebElement.execute(RemoteWebElement.java:268)
	at org.openqa.selenium.remote.RemoteWebElement.click(RemoteWebElement.java:79)
	at eInventoryPageClasses.RawItemWastePage.enterCurrentDateAndTimeInRawWasteOccurredAtField(RawItemWastePage.java:120)
	at eInventoryPageClasses.RawItemWastePage.addARawItem(RawItemWastePage.java:139)
	at sprint7.US367_EnterRawWaste.Sprint7_US367_TC1748(US367_EnterRawWaste.java:104)
... Removed 28 stack frames</pre></div><a href='#' onClick='toggleBox("stack-trace18652672", this, "Click to show all stack frames", "Click to hide stack frames")'>Click to show all stack frames</a>
<div class='stack-trace' id='stack-trace18652672'><pre>org.openqa.selenium.ElementNotVisibleException: element not visible
  (Session info: chrome=46.0.2471.2)
  (Driver info: chromedriver=2.10.267521,platform=Windows NT 6.1 SP1 x86_64) (WARNING: The server did not provide any stacktrace information)
Command duration or timeout: 330 milliseconds
Build info: version: &apos;2.45.0&apos;, revision: &apos;32a636c&apos;, time: &apos;2015-03-05 22:01:35&apos;
System info: host: &apos;DS-000000006173&apos;, ip: &apos;10.112.78.73&apos;, os.name: &apos;Windows 7&apos;, os.arch: &apos;x86&apos;, os.version: &apos;6.1&apos;, java.version: &apos;1.7.0_60&apos;
Session ID: 8962c853e3f2fb4e859c05b345160bb4
Driver info: org.openqa.selenium.chrome.ChromeDriver
Capabilities [{platform=XP, acceptSslCerts=true, javascriptEnabled=true, browserName=chrome, chrome={userDataDir=C:\Users\shyam_g\AppData\Local\Temp\scoped_dir7080_28913}, rotatable=false, locationContextEnabled=true, version=46.0.2471.2, takesHeapSnapshot=true, cssSelectorsEnabled=true, databaseEnabled=false, handlesAlerts=true, browserConnectionEnabled=false, webStorageEnabled=true, nativeEvents=true, applicationCacheEnabled=false, takesScreenshot=true}]
	at sun.reflect.NativeConstructorAccessorImpl.newInstance0(Native Method)
	at sun.reflect.NativeConstructorAccessorImpl.newInstance(Unknown Source)
	at sun.reflect.DelegatingConstructorAccessorImpl.newInstance(Unknown Source)
	at java.lang.reflect.Constructor.newInstance(Unknown Source)
	at org.openqa.selenium.remote.ErrorHandler.createThrowable(ErrorHandler.java:204)
	at org.openqa.selenium.remote.ErrorHandler.throwIfResponseFailed(ErrorHandler.java:156)
	at org.openqa.selenium.remote.RemoteWebDriver.execute(RemoteWebDriver.java:599)
	at org.openqa.selenium.remote.RemoteWebElement.execute(RemoteWebElement.java:268)
	at org.openqa.selenium.remote.RemoteWebElement.click(RemoteWebElement.java:79)
	at eInventoryPageClasses.RawItemWastePage.enterCurrentDateAndTimeInRawWasteOccurredAtField(RawItemWastePage.java:120)
	at eInventoryPageClasses.RawItemWastePage.addARawItem(RawItemWastePage.java:139)
	at sprint7.US367_EnterRawWaste.Sprint7_US367_TC1748(US367_EnterRawWaste.java:104)
	at sun.reflect.NativeMethodAccessorImpl.invoke0(Native Method)
	at sun.reflect.NativeMethodAccessorImpl.invoke(Unknown Source)
	at sun.reflect.DelegatingMethodAccessorImpl.invoke(Unknown Source)
	at java.lang.reflect.Method.invoke(Unknown Source)
	at org.testng.internal.MethodInvocationHelper.invokeMethod(MethodInvocationHelper.java:84)
	at org.testng.internal.Invoker.invokeMethod(Invoker.java:714)
	at org.testng.internal.Invoker.invokeTestMethod(Invoker.java:901)
	at org.testng.internal.Invoker.invokeTestMethods(Invoker.java:1231)
	at org.testng.internal.TestMethodWorker.invokeTestMethods(TestMethodWorker.java:127)
	at org.testng.internal.TestMethodWorker.run(TestMethodWorker.java:111)
	at org.testng.TestRunner.privateRun(TestRunner.java:767)
	at org.testng.TestRunner.run(TestRunner.java:617)
	at org.testng.SuiteRunner.runTest(SuiteRunner.java:334)
	at org.testng.SuiteRunner.runSequentially(SuiteRunner.java:329)
	at org.testng.SuiteRunner.privateRun(SuiteRunner.java:291)
	at org.testng.SuiteRunner.run(SuiteRunner.java:240)
	at org.testng.SuiteRunnerWorker.runSuite(SuiteRunnerWorker.java:52)
	at org.testng.SuiteRunnerWorker.run(SuiteRunnerWorker.java:86)
	at org.testng.TestNG.runSuitesSequentially(TestNG.java:1224)
	at org.testng.TestNG.runSuitesLocally(TestNG.java:1149)
	at org.testng.TestNG.run(TestNG.java:1057)
	at org.testng.remote.RemoteTestNG.run(RemoteTestNG.java:111)
	at org.testng.remote.RemoteTestNG.initAndRun(RemoteTestNG.java:204)
	at org.testng.remote.RemoteTestNG.main(RemoteTestNG.java:175)
</pre></div></td>
<td>17</td>
<td>sprint7.US367_EnterRawWaste@149895</td></tr>
<tr>
<td title='sprint7.US367_EnterRawWaste.Sprint7_US367_TC1750()'><b>Sprint7_US367_TC1750</b><br>Test class: sprint7.US367_EnterRawWaste</td>
<td><div><pre>org.openqa.selenium.ElementNotVisibleException: element not visible
  (Session info: chrome=46.0.2471.2)
  (Driver info: chromedriver=2.10.267521,platform=Windows NT 6.1 SP1 x86_64) (WARNING: The server did not provide any stacktrace information)
Command duration or timeout: 329 milliseconds
Build info: version: &apos;2.45.0&apos;, revision: &apos;32a636c&apos;, time: &apos;2015-03-05 22:01:35&apos;
System info: host: &apos;DS-000000006173&apos;, ip: &apos;10.112.78.73&apos;, os.name: &apos;Windows 7&apos;, os.arch: &apos;x86&apos;, os.version: &apos;6.1&apos;, java.version: &apos;1.7.0_60&apos;
Session ID: d6b944f12c7918d044e57a1b52b2f1f3
Driver info: org.openqa.selenium.chrome.ChromeDriver
Capabilities [{platform=XP, acceptSslCerts=true, javascriptEnabled=true, browserName=chrome, chrome={userDataDir=C:\Users\shyam_g\AppData\Local\Temp\scoped_dir4616_24904}, rotatable=false, locationContextEnabled=true, version=46.0.2471.2, takesHeapSnapshot=true, cssSelectorsEnabled=true, databaseEnabled=false, handlesAlerts=true, browserConnectionEnabled=false, webStorageEnabled=true, nativeEvents=true, applicationCacheEnabled=false, takesScreenshot=true}]
	at org.openqa.selenium.remote.ErrorHandler.createThrowable(ErrorHandler.java:204)
	at org.openqa.selenium.remote.ErrorHandler.throwIfResponseFailed(ErrorHandler.java:156)
	at org.openqa.selenium.remote.RemoteWebDriver.execute(RemoteWebDriver.java:599)
	at org.openqa.selenium.remote.RemoteWebElement.execute(RemoteWebElement.java:268)
	at org.openqa.selenium.remote.RemoteWebElement.click(RemoteWebElement.java:79)
	at eInventoryPageClasses.RawItemWastePage.enterCurrentDateAndTimeInRawWasteOccurredAtField(RawItemWastePage.java:120)
	at eInventoryPageClasses.RawItemWastePage.addARawItem(RawItemWastePage.java:139)
	at sprint7.US367_EnterRawWaste.Sprint7_US367_TC1750(US367_EnterRawWaste.java:164)
... Removed 28 stack frames</pre></div><a href='#' onClick='toggleBox("stack-trace29320928", this, "Click to show all stack frames", "Click to hide stack frames")'>Click to show all stack frames</a>
<div class='stack-trace' id='stack-trace29320928'><pre>org.openqa.selenium.ElementNotVisibleException: element not visible
  (Session info: chrome=46.0.2471.2)
  (Driver info: chromedriver=2.10.267521,platform=Windows NT 6.1 SP1 x86_64) (WARNING: The server did not provide any stacktrace information)
Command duration or timeout: 329 milliseconds
Build info: version: &apos;2.45.0&apos;, revision: &apos;32a636c&apos;, time: &apos;2015-03-05 22:01:35&apos;
System info: host: &apos;DS-000000006173&apos;, ip: &apos;10.112.78.73&apos;, os.name: &apos;Windows 7&apos;, os.arch: &apos;x86&apos;, os.version: &apos;6.1&apos;, java.version: &apos;1.7.0_60&apos;
Session ID: d6b944f12c7918d044e57a1b52b2f1f3
Driver info: org.openqa.selenium.chrome.ChromeDriver
Capabilities [{platform=XP, acceptSslCerts=true, javascriptEnabled=true, browserName=chrome, chrome={userDataDir=C:\Users\shyam_g\AppData\Local\Temp\scoped_dir4616_24904}, rotatable=false, locationContextEnabled=true, version=46.0.2471.2, takesHeapSnapshot=true, cssSelectorsEnabled=true, databaseEnabled=false, handlesAlerts=true, browserConnectionEnabled=false, webStorageEnabled=true, nativeEvents=true, applicationCacheEnabled=false, takesScreenshot=true}]
	at sun.reflect.NativeConstructorAccessorImpl.newInstance0(Native Method)
	at sun.reflect.NativeConstructorAccessorImpl.newInstance(Unknown Source)
	at sun.reflect.DelegatingConstructorAccessorImpl.newInstance(Unknown Source)
	at java.lang.reflect.Constructor.newInstance(Unknown Source)
	at org.openqa.selenium.remote.ErrorHandler.createThrowable(ErrorHandler.java:204)
	at org.openqa.selenium.remote.ErrorHandler.throwIfResponseFailed(ErrorHandler.java:156)
	at org.openqa.selenium.remote.RemoteWebDriver.execute(RemoteWebDriver.java:599)
	at org.openqa.selenium.remote.RemoteWebElement.execute(RemoteWebElement.java:268)
	at org.openqa.selenium.remote.RemoteWebElement.click(RemoteWebElement.java:79)
	at eInventoryPageClasses.RawItemWastePage.enterCurrentDateAndTimeInRawWasteOccurredAtField(RawItemWastePage.java:120)
	at eInventoryPageClasses.RawItemWastePage.addARawItem(RawItemWastePage.java:139)
	at sprint7.US367_EnterRawWaste.Sprint7_US367_TC1750(US367_EnterRawWaste.java:164)
	at sun.reflect.NativeMethodAccessorImpl.invoke0(Native Method)
	at sun.reflect.NativeMethodAccessorImpl.invoke(Unknown Source)
	at sun.reflect.DelegatingMethodAccessorImpl.invoke(Unknown Source)
	at java.lang.reflect.Method.invoke(Unknown Source)
	at org.testng.internal.MethodInvocationHelper.invokeMethod(MethodInvocationHelper.java:84)
	at org.testng.internal.Invoker.invokeMethod(Invoker.java:714)
	at org.testng.internal.Invoker.invokeTestMethod(Invoker.java:901)
	at org.testng.internal.Invoker.invokeTestMethods(Invoker.java:1231)
	at org.testng.internal.TestMethodWorker.invokeTestMethods(TestMethodWorker.java:127)
	at org.testng.internal.TestMethodWorker.run(TestMethodWorker.java:111)
	at org.testng.TestRunner.privateRun(TestRunner.java:767)
	at org.testng.TestRunner.run(TestRunner.java:617)
	at org.testng.SuiteRunner.runTest(SuiteRunner.java:334)
	at org.testng.SuiteRunner.runSequentially(SuiteRunner.java:329)
	at org.testng.SuiteRunner.privateRun(SuiteRunner.java:291)
	at org.testng.SuiteRunner.run(SuiteRunner.java:240)
	at org.testng.SuiteRunnerWorker.runSuite(SuiteRunnerWorker.java:52)
	at org.testng.SuiteRunnerWorker.run(SuiteRunnerWorker.java:86)
	at org.testng.TestNG.runSuitesSequentially(TestNG.java:1224)
	at org.testng.TestNG.runSuitesLocally(TestNG.java:1149)
	at org.testng.TestNG.run(TestNG.java:1057)
	at org.testng.remote.RemoteTestNG.run(RemoteTestNG.java:111)
	at org.testng.remote.RemoteTestNG.initAndRun(RemoteTestNG.java:204)
	at org.testng.remote.RemoteTestNG.main(RemoteTestNG.java:175)
</pre></div></td>
<td>25</td>
<td>sprint7.US367_EnterRawWaste@149895</td></tr>
<tr>
<td title='sprint7.US374_EnterRawPromo.Sprint7_US374_TC1751()'><b>Sprint7_US374_TC1751</b><br>Test class: sprint7.US374_EnterRawPromo</td>
<td><div><pre>org.openqa.selenium.ElementNotVisibleException: element not visible
  (Session info: chrome=46.0.2471.2)
  (Driver info: chromedriver=2.10.267521,platform=Windows NT 6.1 SP1 x86_64) (WARNING: The server did not provide any stacktrace information)
Command duration or timeout: 291 milliseconds
Build info: version: &apos;2.45.0&apos;, revision: &apos;32a636c&apos;, time: &apos;2015-03-05 22:01:35&apos;
System info: host: &apos;DS-000000006173&apos;, ip: &apos;10.112.78.73&apos;, os.name: &apos;Windows 7&apos;, os.arch: &apos;x86&apos;, os.version: &apos;6.1&apos;, java.version: &apos;1.7.0_60&apos;
Session ID: 7c6fa3420fd1198acb9090f651fa08ed
Driver info: org.openqa.selenium.chrome.ChromeDriver
Capabilities [{platform=XP, acceptSslCerts=true, javascriptEnabled=true, browserName=chrome, chrome={userDataDir=C:\Users\shyam_g\AppData\Local\Temp\scoped_dir6328_13914}, rotatable=false, locationContextEnabled=true, version=46.0.2471.2, takesHeapSnapshot=true, cssSelectorsEnabled=true, databaseEnabled=false, handlesAlerts=true, browserConnectionEnabled=false, webStorageEnabled=true, nativeEvents=true, applicationCacheEnabled=false, takesScreenshot=true}]
	at org.openqa.selenium.remote.ErrorHandler.createThrowable(ErrorHandler.java:204)
	at org.openqa.selenium.remote.ErrorHandler.throwIfResponseFailed(ErrorHandler.java:156)
	at org.openqa.selenium.remote.RemoteWebDriver.execute(RemoteWebDriver.java:599)
	at org.openqa.selenium.remote.RemoteWebElement.execute(RemoteWebElement.java:268)
	at org.openqa.selenium.remote.RemoteWebElement.click(RemoteWebElement.java:79)
	at eInventoryPageClasses.RawItemPromoPage.enterCurrentDateAndTimeInRawWasteOccurredAtField(RawItemPromoPage.java:130)
	at eInventoryPageClasses.RawItemPromoPage.addARawPromoItem(RawItemPromoPage.java:137)
	at sprint7.US374_EnterRawPromo.Sprint7_US374_TC1751(US374_EnterRawPromo.java:183)
... Removed 28 stack frames</pre></div><a href='#' onClick='toggleBox("stack-trace2064010", this, "Click to show all stack frames", "Click to hide stack frames")'>Click to show all stack frames</a>
<div class='stack-trace' id='stack-trace2064010'><pre>org.openqa.selenium.ElementNotVisibleException: element not visible
  (Session info: chrome=46.0.2471.2)
  (Driver info: chromedriver=2.10.267521,platform=Windows NT 6.1 SP1 x86_64) (WARNING: The server did not provide any stacktrace information)
Command duration or timeout: 291 milliseconds
Build info: version: &apos;2.45.0&apos;, revision: &apos;32a636c&apos;, time: &apos;2015-03-05 22:01:35&apos;
System info: host: &apos;DS-000000006173&apos;, ip: &apos;10.112.78.73&apos;, os.name: &apos;Windows 7&apos;, os.arch: &apos;x86&apos;, os.version: &apos;6.1&apos;, java.version: &apos;1.7.0_60&apos;
Session ID: 7c6fa3420fd1198acb9090f651fa08ed
Driver info: org.openqa.selenium.chrome.ChromeDriver
Capabilities [{platform=XP, acceptSslCerts=true, javascriptEnabled=true, browserName=chrome, chrome={userDataDir=C:\Users\shyam_g\AppData\Local\Temp\scoped_dir6328_13914}, rotatable=false, locationContextEnabled=true, version=46.0.2471.2, takesHeapSnapshot=true, cssSelectorsEnabled=true, databaseEnabled=false, handlesAlerts=true, browserConnectionEnabled=false, webStorageEnabled=true, nativeEvents=true, applicationCacheEnabled=false, takesScreenshot=true}]
	at sun.reflect.NativeConstructorAccessorImpl.newInstance0(Native Method)
	at sun.reflect.NativeConstructorAccessorImpl.newInstance(Unknown Source)
	at sun.reflect.DelegatingConstructorAccessorImpl.newInstance(Unknown Source)
	at java.lang.reflect.Constructor.newInstance(Unknown Source)
	at org.openqa.selenium.remote.ErrorHandler.createThrowable(ErrorHandler.java:204)
	at org.openqa.selenium.remote.ErrorHandler.throwIfResponseFailed(ErrorHandler.java:156)
	at org.openqa.selenium.remote.RemoteWebDriver.execute(RemoteWebDriver.java:599)
	at org.openqa.selenium.remote.RemoteWebElement.execute(RemoteWebElement.java:268)
	at org.openqa.selenium.remote.RemoteWebElement.click(RemoteWebElement.java:79)
	at eInventoryPageClasses.RawItemPromoPage.enterCurrentDateAndTimeInRawWasteOccurredAtField(RawItemPromoPage.java:130)
	at eInventoryPageClasses.RawItemPromoPage.addARawPromoItem(RawItemPromoPage.java:137)
	at sprint7.US374_EnterRawPromo.Sprint7_US374_TC1751(US374_EnterRawPromo.java:183)
	at sun.reflect.NativeMethodAccessorImpl.invoke0(Native Method)
	at sun.reflect.NativeMethodAccessorImpl.invoke(Unknown Source)
	at sun.reflect.DelegatingMethodAccessorImpl.invoke(Unknown Source)
	at java.lang.reflect.Method.invoke(Unknown Source)
	at org.testng.internal.MethodInvocationHelper.invokeMethod(MethodInvocationHelper.java:84)
	at org.testng.internal.Invoker.invokeMethod(Invoker.java:714)
	at org.testng.internal.Invoker.invokeTestMethod(Invoker.java:901)
	at org.testng.internal.Invoker.invokeTestMethods(Invoker.java:1231)
	at org.testng.internal.TestMethodWorker.invokeTestMethods(TestMethodWorker.java:127)
	at org.testng.internal.TestMethodWorker.run(TestMethodWorker.java:111)
	at org.testng.TestRunner.privateRun(TestRunner.java:767)
	at org.testng.TestRunner.run(TestRunner.java:617)
	at org.testng.SuiteRunner.runTest(SuiteRunner.java:334)
	at org.testng.SuiteRunner.runSequentially(SuiteRunner.java:329)
	at org.testng.SuiteRunner.privateRun(SuiteRunner.java:291)
	at org.testng.SuiteRunner.run(SuiteRunner.java:240)
	at org.testng.SuiteRunnerWorker.runSuite(SuiteRunnerWorker.java:52)
	at org.testng.SuiteRunnerWorker.run(SuiteRunnerWorker.java:86)
	at org.testng.TestNG.runSuitesSequentially(TestNG.java:1224)
	at org.testng.TestNG.runSuitesLocally(TestNG.java:1149)
	at org.testng.TestNG.run(TestNG.java:1057)
	at org.testng.remote.RemoteTestNG.run(RemoteTestNG.java:111)
	at org.testng.remote.RemoteTestNG.initAndRun(RemoteTestNG.java:204)
	at org.testng.remote.RemoteTestNG.main(RemoteTestNG.java:175)
</pre></div></td>
<td>19</td>
<td>sprint7.US374_EnterRawPromo@1d60b6a</td></tr>
<tr>
<td title='sprint7.US425_WastePromoLandingPage.Sprint7_US425_TC1737()'><b>Sprint7_US425_TC1737</b><br>Test class: sprint7.US425_WastePromoLandingPage</td>
<td><div><pre>org.openqa.selenium.ElementNotVisibleException: element not visible
  (Session info: chrome=46.0.2471.2)
  (Driver info: chromedriver=2.10.267521,platform=Windows NT 6.1 SP1 x86_64) (WARNING: The server did not provide any stacktrace information)
Command duration or timeout: 321 milliseconds
Build info: version: &apos;2.45.0&apos;, revision: &apos;32a636c&apos;, time: &apos;2015-03-05 22:01:35&apos;
System info: host: &apos;DS-000000006173&apos;, ip: &apos;10.112.78.73&apos;, os.name: &apos;Windows 7&apos;, os.arch: &apos;x86&apos;, os.version: &apos;6.1&apos;, java.version: &apos;1.7.0_60&apos;
Session ID: de6fc49f009d1eb9ba90718c457ac206
Driver info: org.openqa.selenium.chrome.ChromeDriver
Capabilities [{platform=XP, acceptSslCerts=true, javascriptEnabled=true, browserName=chrome, chrome={userDataDir=C:\Users\shyam_g\AppData\Local\Temp\scoped_dir2308_28030}, rotatable=false, locationContextEnabled=true, version=46.0.2471.2, takesHeapSnapshot=true, cssSelectorsEnabled=true, databaseEnabled=false, handlesAlerts=true, browserConnectionEnabled=false, webStorageEnabled=true, nativeEvents=true, applicationCacheEnabled=false, takesScreenshot=true}]
	at org.openqa.selenium.remote.ErrorHandler.createThrowable(ErrorHandler.java:204)
	at org.openqa.selenium.remote.ErrorHandler.throwIfResponseFailed(ErrorHandler.java:156)
	at org.openqa.selenium.remote.RemoteWebDriver.execute(RemoteWebDriver.java:599)
	at org.openqa.selenium.remote.RemoteWebElement.execute(RemoteWebElement.java:268)
	at org.openqa.selenium.remote.RemoteWebElement.click(RemoteWebElement.java:79)
	at eInventoryPageClasses.RawItemWastePage.enterCurrentDateAndTimeInRawWasteOccurredAtField(RawItemWastePage.java:120)
	at eInventoryPageClasses.RawItemWastePage.addARawItem(RawItemWastePage.java:139)
	at sprint7.US425_WastePromoLandingPage.Sprint7_US425_TC1737(US425_WastePromoLandingPage.java:38)
... Removed 28 stack frames</pre></div><a href='#' onClick='toggleBox("stack-trace6922743", this, "Click to show all stack frames", "Click to hide stack frames")'>Click to show all stack frames</a>
<div class='stack-trace' id='stack-trace6922743'><pre>org.openqa.selenium.ElementNotVisibleException: element not visible
  (Session info: chrome=46.0.2471.2)
  (Driver info: chromedriver=2.10.267521,platform=Windows NT 6.1 SP1 x86_64) (WARNING: The server did not provide any stacktrace information)
Command duration or timeout: 321 milliseconds
Build info: version: &apos;2.45.0&apos;, revision: &apos;32a636c&apos;, time: &apos;2015-03-05 22:01:35&apos;
System info: host: &apos;DS-000000006173&apos;, ip: &apos;10.112.78.73&apos;, os.name: &apos;Windows 7&apos;, os.arch: &apos;x86&apos;, os.version: &apos;6.1&apos;, java.version: &apos;1.7.0_60&apos;
Session ID: de6fc49f009d1eb9ba90718c457ac206
Driver info: org.openqa.selenium.chrome.ChromeDriver
Capabilities [{platform=XP, acceptSslCerts=true, javascriptEnabled=true, browserName=chrome, chrome={userDataDir=C:\Users\shyam_g\AppData\Local\Temp\scoped_dir2308_28030}, rotatable=false, locationContextEnabled=true, version=46.0.2471.2, takesHeapSnapshot=true, cssSelectorsEnabled=true, databaseEnabled=false, handlesAlerts=true, browserConnectionEnabled=false, webStorageEnabled=true, nativeEvents=true, applicationCacheEnabled=false, takesScreenshot=true}]
	at sun.reflect.NativeConstructorAccessorImpl.newInstance0(Native Method)
	at sun.reflect.NativeConstructorAccessorImpl.newInstance(Unknown Source)
	at sun.reflect.DelegatingConstructorAccessorImpl.newInstance(Unknown Source)
	at java.lang.reflect.Constructor.newInstance(Unknown Source)
	at org.openqa.selenium.remote.ErrorHandler.createThrowable(ErrorHandler.java:204)
	at org.openqa.selenium.remote.ErrorHandler.throwIfResponseFailed(ErrorHandler.java:156)
	at org.openqa.selenium.remote.RemoteWebDriver.execute(RemoteWebDriver.java:599)
	at org.openqa.selenium.remote.RemoteWebElement.execute(RemoteWebElement.java:268)
	at org.openqa.selenium.remote.RemoteWebElement.click(RemoteWebElement.java:79)
	at eInventoryPageClasses.RawItemWastePage.enterCurrentDateAndTimeInRawWasteOccurredAtField(RawItemWastePage.java:120)
	at eInventoryPageClasses.RawItemWastePage.addARawItem(RawItemWastePage.java:139)
	at sprint7.US425_WastePromoLandingPage.Sprint7_US425_TC1737(US425_WastePromoLandingPage.java:38)
	at sun.reflect.NativeMethodAccessorImpl.invoke0(Native Method)
	at sun.reflect.NativeMethodAccessorImpl.invoke(Unknown Source)
	at sun.reflect.DelegatingMethodAccessorImpl.invoke(Unknown Source)
	at java.lang.reflect.Method.invoke(Unknown Source)
	at org.testng.internal.MethodInvocationHelper.invokeMethod(MethodInvocationHelper.java:84)
	at org.testng.internal.Invoker.invokeMethod(Invoker.java:714)
	at org.testng.internal.Invoker.invokeTestMethod(Invoker.java:901)
	at org.testng.internal.Invoker.invokeTestMethods(Invoker.java:1231)
	at org.testng.internal.TestMethodWorker.invokeTestMethods(TestMethodWorker.java:127)
	at org.testng.internal.TestMethodWorker.run(TestMethodWorker.java:111)
	at org.testng.TestRunner.privateRun(TestRunner.java:767)
	at org.testng.TestRunner.run(TestRunner.java:617)
	at org.testng.SuiteRunner.runTest(SuiteRunner.java:334)
	at org.testng.SuiteRunner.runSequentially(SuiteRunner.java:329)
	at org.testng.SuiteRunner.privateRun(SuiteRunner.java:291)
	at org.testng.SuiteRunner.run(SuiteRunner.java:240)
	at org.testng.SuiteRunnerWorker.runSuite(SuiteRunnerWorker.java:52)
	at org.testng.SuiteRunnerWorker.run(SuiteRunnerWorker.java:86)
	at org.testng.TestNG.runSuitesSequentially(TestNG.java:1224)
	at org.testng.TestNG.runSuitesLocally(TestNG.java:1149)
	at org.testng.TestNG.run(TestNG.java:1057)
	at org.testng.remote.RemoteTestNG.run(RemoteTestNG.java:111)
	at org.testng.remote.RemoteTestNG.initAndRun(RemoteTestNG.java:204)
	at org.testng.remote.RemoteTestNG.main(RemoteTestNG.java:175)
</pre></div></td>
<td>16</td>
<td>sprint7.US425_WastePromoLandingPage@1876a6d</td></tr>
<tr>
<td title='sprint7.US425_WastePromoLandingPage.Sprint7_US425_TC1738()'><b>Sprint7_US425_TC1738</b><br>Test class: sprint7.US425_WastePromoLandingPage</td>
<td><div><pre>org.openqa.selenium.ElementNotVisibleException: element not visible
  (Session info: chrome=46.0.2471.2)
  (Driver info: chromedriver=2.10.267521,platform=Windows NT 6.1 SP1 x86_64) (WARNING: The server did not provide any stacktrace information)
Command duration or timeout: 378 milliseconds
Build info: version: &apos;2.45.0&apos;, revision: &apos;32a636c&apos;, time: &apos;2015-03-05 22:01:35&apos;
System info: host: &apos;DS-000000006173&apos;, ip: &apos;10.112.78.73&apos;, os.name: &apos;Windows 7&apos;, os.arch: &apos;x86&apos;, os.version: &apos;6.1&apos;, java.version: &apos;1.7.0_60&apos;
Session ID: 453b0d5b5b37ce00a9450b2f892f4fcd
Driver info: org.openqa.selenium.chrome.ChromeDriver
Capabilities [{platform=XP, acceptSslCerts=true, javascriptEnabled=true, browserName=chrome, chrome={userDataDir=C:\Users\shyam_g\AppData\Local\Temp\scoped_dir4952_9933}, rotatable=false, locationContextEnabled=true, version=46.0.2471.2, takesHeapSnapshot=true, cssSelectorsEnabled=true, databaseEnabled=false, handlesAlerts=true, browserConnectionEnabled=false, webStorageEnabled=true, nativeEvents=true, applicationCacheEnabled=false, takesScreenshot=true}]
	at org.openqa.selenium.remote.ErrorHandler.createThrowable(ErrorHandler.java:204)
	at org.openqa.selenium.remote.ErrorHandler.throwIfResponseFailed(ErrorHandler.java:156)
	at org.openqa.selenium.remote.RemoteWebDriver.execute(RemoteWebDriver.java:599)
	at org.openqa.selenium.remote.RemoteWebElement.execute(RemoteWebElement.java:268)
	at org.openqa.selenium.remote.RemoteWebElement.click(RemoteWebElement.java:79)
	at eInventoryPageClasses.RawItemWastePage.enterCurrentDateAndTimeInRawWasteOccurredAtField(RawItemWastePage.java:120)
	at eInventoryPageClasses.RawItemWastePage.addARawItem(RawItemWastePage.java:139)
	at sprint7.US425_WastePromoLandingPage.Sprint7_US425_TC1738(US425_WastePromoLandingPage.java:76)
... Removed 28 stack frames</pre></div><a href='#' onClick='toggleBox("stack-trace15132295", this, "Click to show all stack frames", "Click to hide stack frames")'>Click to show all stack frames</a>
<div class='stack-trace' id='stack-trace15132295'><pre>org.openqa.selenium.ElementNotVisibleException: element not visible
  (Session info: chrome=46.0.2471.2)
  (Driver info: chromedriver=2.10.267521,platform=Windows NT 6.1 SP1 x86_64) (WARNING: The server did not provide any stacktrace information)
Command duration or timeout: 378 milliseconds
Build info: version: &apos;2.45.0&apos;, revision: &apos;32a636c&apos;, time: &apos;2015-03-05 22:01:35&apos;
System info: host: &apos;DS-000000006173&apos;, ip: &apos;10.112.78.73&apos;, os.name: &apos;Windows 7&apos;, os.arch: &apos;x86&apos;, os.version: &apos;6.1&apos;, java.version: &apos;1.7.0_60&apos;
Session ID: 453b0d5b5b37ce00a9450b2f892f4fcd
Driver info: org.openqa.selenium.chrome.ChromeDriver
Capabilities [{platform=XP, acceptSslCerts=true, javascriptEnabled=true, browserName=chrome, chrome={userDataDir=C:\Users\shyam_g\AppData\Local\Temp\scoped_dir4952_9933}, rotatable=false, locationContextEnabled=true, version=46.0.2471.2, takesHeapSnapshot=true, cssSelectorsEnabled=true, databaseEnabled=false, handlesAlerts=true, browserConnectionEnabled=false, webStorageEnabled=true, nativeEvents=true, applicationCacheEnabled=false, takesScreenshot=true}]
	at sun.reflect.NativeConstructorAccessorImpl.newInstance0(Native Method)
	at sun.reflect.NativeConstructorAccessorImpl.newInstance(Unknown Source)
	at sun.reflect.DelegatingConstructorAccessorImpl.newInstance(Unknown Source)
	at java.lang.reflect.Constructor.newInstance(Unknown Source)
	at org.openqa.selenium.remote.ErrorHandler.createThrowable(ErrorHandler.java:204)
	at org.openqa.selenium.remote.ErrorHandler.throwIfResponseFailed(ErrorHandler.java:156)
	at org.openqa.selenium.remote.RemoteWebDriver.execute(RemoteWebDriver.java:599)
	at org.openqa.selenium.remote.RemoteWebElement.execute(RemoteWebElement.java:268)
	at org.openqa.selenium.remote.RemoteWebElement.click(RemoteWebElement.java:79)
	at eInventoryPageClasses.RawItemWastePage.enterCurrentDateAndTimeInRawWasteOccurredAtField(RawItemWastePage.java:120)
	at eInventoryPageClasses.RawItemWastePage.addARawItem(RawItemWastePage.java:139)
	at sprint7.US425_WastePromoLandingPage.Sprint7_US425_TC1738(US425_WastePromoLandingPage.java:76)
	at sun.reflect.NativeMethodAccessorImpl.invoke0(Native Method)
	at sun.reflect.NativeMethodAccessorImpl.invoke(Unknown Source)
	at sun.reflect.DelegatingMethodAccessorImpl.invoke(Unknown Source)
	at java.lang.reflect.Method.invoke(Unknown Source)
	at org.testng.internal.MethodInvocationHelper.invokeMethod(MethodInvocationHelper.java:84)
	at org.testng.internal.Invoker.invokeMethod(Invoker.java:714)
	at org.testng.internal.Invoker.invokeTestMethod(Invoker.java:901)
	at org.testng.internal.Invoker.invokeTestMethods(Invoker.java:1231)
	at org.testng.internal.TestMethodWorker.invokeTestMethods(TestMethodWorker.java:127)
	at org.testng.internal.TestMethodWorker.run(TestMethodWorker.java:111)
	at org.testng.TestRunner.privateRun(TestRunner.java:767)
	at org.testng.TestRunner.run(TestRunner.java:617)
	at org.testng.SuiteRunner.runTest(SuiteRunner.java:334)
	at org.testng.SuiteRunner.runSequentially(SuiteRunner.java:329)
	at org.testng.SuiteRunner.privateRun(SuiteRunner.java:291)
	at org.testng.SuiteRunner.run(SuiteRunner.java:240)
	at org.testng.SuiteRunnerWorker.runSuite(SuiteRunnerWorker.java:52)
	at org.testng.SuiteRunnerWorker.run(SuiteRunnerWorker.java:86)
	at org.testng.TestNG.runSuitesSequentially(TestNG.java:1224)
	at org.testng.TestNG.runSuitesLocally(TestNG.java:1149)
	at org.testng.TestNG.run(TestNG.java:1057)
	at org.testng.remote.RemoteTestNG.run(RemoteTestNG.java:111)
	at org.testng.remote.RemoteTestNG.initAndRun(RemoteTestNG.java:204)
	at org.testng.remote.RemoteTestNG.main(RemoteTestNG.java:175)
</pre></div></td>
<td>16</td>
<td>sprint7.US425_WastePromoLandingPage@1876a6d</td></tr>
<tr>
<td title='sprint7.US425_WastePromoLandingPage.Sprint7_US425_TC1743()'><b>Sprint7_US425_TC1743</b><br>Test class: sprint7.US425_WastePromoLandingPage</td>
<td><div><pre>org.openqa.selenium.TimeoutException: Timed out after 60 seconds waiting for visibility of Proxy element for: org.openqa.selenium.support.pagefactory.DefaultElementLocator@13f9c6b
Build info: version: &apos;2.45.0&apos;, revision: &apos;32a636c&apos;, time: &apos;2015-03-05 22:01:35&apos;
System info: host: &apos;DS-000000006173&apos;, ip: &apos;10.112.78.73&apos;, os.name: &apos;Windows 7&apos;, os.arch: &apos;x86&apos;, os.version: &apos;6.1&apos;, java.version: &apos;1.7.0_60&apos;
Session ID: fc1d7fb13672e36a55dc59e04e8bb413
Driver info: org.openqa.selenium.chrome.ChromeDriver
Capabilities [{platform=XP, acceptSslCerts=true, javascriptEnabled=true, browserName=chrome, chrome={userDataDir=C:\Users\shyam_g\AppData\Local\Temp\scoped_dir5712_26814}, rotatable=false, locationContextEnabled=true, version=46.0.2471.2, takesHeapSnapshot=true, cssSelectorsEnabled=true, databaseEnabled=false, handlesAlerts=true, browserConnectionEnabled=false, webStorageEnabled=true, nativeEvents=true, applicationCacheEnabled=false, takesScreenshot=true}]
	at org.openqa.selenium.support.ui.WebDriverWait.timeoutException(WebDriverWait.java:79)
	at org.openqa.selenium.support.ui.FluentWait.until(FluentWait.java:228)
	at sprint7.US425_WastePromoLandingPage.Sprint7_US425_TC1743(US425_WastePromoLandingPage.java:214)
Caused by: org.openqa.selenium.NoSuchElementException: no such element
  (Session info: chrome=46.0.2471.2)
  (Driver info: chromedriver=2.10.267521,platform=Windows NT 6.1 SP1 x86_64) (WARNING: The server did not provide any stacktrace information)
Command duration or timeout: 15.04 seconds
For documentation on this error, please visit: http://seleniumhq.org/exceptions/no_such_element.html
Build info: version: &apos;2.45.0&apos;, revision: &apos;32a636c&apos;, time: &apos;2015-03-05 22:01:35&apos;
System info: host: &apos;DS-000000006173&apos;, ip: &apos;10.112.78.73&apos;, os.name: &apos;Windows 7&apos;, os.arch: &apos;x86&apos;, os.version: &apos;6.1&apos;, java.version: &apos;1.7.0_60&apos;
*** Element info: {Using=xpath, value=//th[text()=&apos;WRIN&apos;]}
Session ID: fc1d7fb13672e36a55dc59e04e8bb413
Driver info: org.openqa.selenium.chrome.ChromeDriver
Capabilities [{platform=XP, acceptSslCerts=true, javascriptEnabled=true, browserName=chrome, chrome={userDataDir=C:\Users\shyam_g\AppData\Local\Temp\scoped_dir5712_26814}, rotatable=false, locationContextEnabled=true, version=46.0.2471.2, takesHeapSnapshot=true, cssSelectorsEnabled=true, databaseEnabled=false, handlesAlerts=true, browserConnectionEnabled=false, webStorageEnabled=true, nativeEvents=true, applicationCacheEnabled=false, takesScreenshot=true}]
	at org.openqa.selenium.remote.ErrorHandler.createThrowable(ErrorHandler.java:204)
	at org.openqa.selenium.remote.ErrorHandler.throwIfResponseFailed(ErrorHandler.java:156)
	at org.openqa.selenium.remote.RemoteWebDriver.execute(RemoteWebDriver.java:599)
	at org.openqa.selenium.remote.RemoteWebDriver.findElement(RemoteWebDriver.java:352)
	at org.openqa.selenium.remote.RemoteWebDriver.findElementByXPath(RemoteWebDriver.java:449)
	at org.openqa.selenium.By$ByXPath.findElement(By.java:357)
	at org.openqa.selenium.remote.RemoteWebDriver.findElement(RemoteWebDriver.java:344)
	at org.openqa.selenium.support.pagefactory.DefaultElementLocator.findElement(DefaultElementLocator.java:59)
	at org.openqa.selenium.support.pagefactory.internal.LocatingElementHandler.invoke(LocatingElementHandler.java:37)
	at com.sun.proxy.$Proxy13.isDisplayed(Unknown Source)
	at org.openqa.selenium.support.ui.ExpectedConditions.elementIfVisible(ExpectedConditions.java:227)
	at org.openqa.selenium.support.ui.ExpectedConditions.access$1(ExpectedConditions.java:226)
	at org.openqa.selenium.support.ui.ExpectedConditions$7.apply(ExpectedConditions.java:213)
	at org.openqa.selenium.support.ui.ExpectedConditions$7.apply(ExpectedConditions.java:1)
	at org.openqa.selenium.support.ui.FluentWait.until(FluentWait.java:208)
	... 25 more
... Removed 28 stack frames</pre></div><a href='#' onClick='toggleBox("stack-trace13802268", this, "Click to show all stack frames", "Click to hide stack frames")'>Click to show all stack frames</a>
<div class='stack-trace' id='stack-trace13802268'><pre>org.openqa.selenium.TimeoutException: Timed out after 60 seconds waiting for visibility of Proxy element for: org.openqa.selenium.support.pagefactory.DefaultElementLocator@13f9c6b
Build info: version: &apos;2.45.0&apos;, revision: &apos;32a636c&apos;, time: &apos;2015-03-05 22:01:35&apos;
System info: host: &apos;DS-000000006173&apos;, ip: &apos;10.112.78.73&apos;, os.name: &apos;Windows 7&apos;, os.arch: &apos;x86&apos;, os.version: &apos;6.1&apos;, java.version: &apos;1.7.0_60&apos;
Session ID: fc1d7fb13672e36a55dc59e04e8bb413
Driver info: org.openqa.selenium.chrome.ChromeDriver
Capabilities [{platform=XP, acceptSslCerts=true, javascriptEnabled=true, browserName=chrome, chrome={userDataDir=C:\Users\shyam_g\AppData\Local\Temp\scoped_dir5712_26814}, rotatable=false, locationContextEnabled=true, version=46.0.2471.2, takesHeapSnapshot=true, cssSelectorsEnabled=true, databaseEnabled=false, handlesAlerts=true, browserConnectionEnabled=false, webStorageEnabled=true, nativeEvents=true, applicationCacheEnabled=false, takesScreenshot=true}]
	at org.openqa.selenium.support.ui.WebDriverWait.timeoutException(WebDriverWait.java:79)
	at org.openqa.selenium.support.ui.FluentWait.until(FluentWait.java:228)
	at sprint7.US425_WastePromoLandingPage.Sprint7_US425_TC1743(US425_WastePromoLandingPage.java:214)
	at sun.reflect.NativeMethodAccessorImpl.invoke0(Native Method)
	at sun.reflect.NativeMethodAccessorImpl.invoke(Unknown Source)
	at sun.reflect.DelegatingMethodAccessorImpl.invoke(Unknown Source)
	at java.lang.reflect.Method.invoke(Unknown Source)
	at org.testng.internal.MethodInvocationHelper.invokeMethod(MethodInvocationHelper.java:84)
	at org.testng.internal.Invoker.invokeMethod(Invoker.java:714)
	at org.testng.internal.Invoker.invokeTestMethod(Invoker.java:901)
	at org.testng.internal.Invoker.invokeTestMethods(Invoker.java:1231)
	at org.testng.internal.TestMethodWorker.invokeTestMethods(TestMethodWorker.java:127)
	at org.testng.internal.TestMethodWorker.run(TestMethodWorker.java:111)
	at org.testng.TestRunner.privateRun(TestRunner.java:767)
	at org.testng.TestRunner.run(TestRunner.java:617)
	at org.testng.SuiteRunner.runTest(SuiteRunner.java:334)
	at org.testng.SuiteRunner.runSequentially(SuiteRunner.java:329)
	at org.testng.SuiteRunner.privateRun(SuiteRunner.java:291)
	at org.testng.SuiteRunner.run(SuiteRunner.java:240)
	at org.testng.SuiteRunnerWorker.runSuite(SuiteRunnerWorker.java:52)
	at org.testng.SuiteRunnerWorker.run(SuiteRunnerWorker.java:86)
	at org.testng.TestNG.runSuitesSequentially(TestNG.java:1224)
	at org.testng.TestNG.runSuitesLocally(TestNG.java:1149)
	at org.testng.TestNG.run(TestNG.java:1057)
	at org.testng.remote.RemoteTestNG.run(RemoteTestNG.java:111)
	at org.testng.remote.RemoteTestNG.initAndRun(RemoteTestNG.java:204)
	at org.testng.remote.RemoteTestNG.main(RemoteTestNG.java:175)
Caused by: org.openqa.selenium.NoSuchElementException: no such element
  (Session info: chrome=46.0.2471.2)
  (Driver info: chromedriver=2.10.267521,platform=Windows NT 6.1 SP1 x86_64) (WARNING: The server did not provide any stacktrace information)
Command duration or timeout: 15.04 seconds
For documentation on this error, please visit: http://seleniumhq.org/exceptions/no_such_element.html
Build info: version: &apos;2.45.0&apos;, revision: &apos;32a636c&apos;, time: &apos;2015-03-05 22:01:35&apos;
System info: host: &apos;DS-000000006173&apos;, ip: &apos;10.112.78.73&apos;, os.name: &apos;Windows 7&apos;, os.arch: &apos;x86&apos;, os.version: &apos;6.1&apos;, java.version: &apos;1.7.0_60&apos;
*** Element info: {Using=xpath, value=//th[text()=&apos;WRIN&apos;]}
Session ID: fc1d7fb13672e36a55dc59e04e8bb413
Driver info: org.openqa.selenium.chrome.ChromeDriver
Capabilities [{platform=XP, acceptSslCerts=true, javascriptEnabled=true, browserName=chrome, chrome={userDataDir=C:\Users\shyam_g\AppData\Local\Temp\scoped_dir5712_26814}, rotatable=false, locationContextEnabled=true, version=46.0.2471.2, takesHeapSnapshot=true, cssSelectorsEnabled=true, databaseEnabled=false, handlesAlerts=true, browserConnectionEnabled=false, webStorageEnabled=true, nativeEvents=true, applicationCacheEnabled=false, takesScreenshot=true}]
	at sun.reflect.NativeConstructorAccessorImpl.newInstance0(Native Method)
	at sun.reflect.NativeConstructorAccessorImpl.newInstance(Unknown Source)
	at sun.reflect.DelegatingConstructorAccessorImpl.newInstance(Unknown Source)
	at java.lang.reflect.Constructor.newInstance(Unknown Source)
	at org.openqa.selenium.remote.ErrorHandler.createThrowable(ErrorHandler.java:204)
	at org.openqa.selenium.remote.ErrorHandler.throwIfResponseFailed(ErrorHandler.java:156)
	at org.openqa.selenium.remote.RemoteWebDriver.execute(RemoteWebDriver.java:599)
	at org.openqa.selenium.remote.RemoteWebDriver.findElement(RemoteWebDriver.java:352)
	at org.openqa.selenium.remote.RemoteWebDriver.findElementByXPath(RemoteWebDriver.java:449)
	at org.openqa.selenium.By$ByXPath.findElement(By.java:357)
	at org.openqa.selenium.remote.RemoteWebDriver.findElement(RemoteWebDriver.java:344)
	at org.openqa.selenium.support.pagefactory.DefaultElementLocator.findElement(DefaultElementLocator.java:59)
	at org.openqa.selenium.support.pagefactory.internal.LocatingElementHandler.invoke(LocatingElementHandler.java:37)
	at com.sun.proxy.$Proxy13.isDisplayed(Unknown Source)
	at org.openqa.selenium.support.ui.ExpectedConditions.elementIfVisible(ExpectedConditions.java:227)
	at org.openqa.selenium.support.ui.ExpectedConditions.access$1(ExpectedConditions.java:226)
	at org.openqa.selenium.support.ui.ExpectedConditions$7.apply(ExpectedConditions.java:213)
	at org.openqa.selenium.support.ui.ExpectedConditions$7.apply(ExpectedConditions.java:1)
	at org.openqa.selenium.support.ui.FluentWait.until(FluentWait.java:208)
	... 25 more
</pre></div></td>
<td>94</td>
<td>sprint7.US425_WastePromoLandingPage@1876a6d</td></tr>
<tr>
<td title='sprint7.US758_ManualPurchasePart3.Sprint7_US758_TC1367()'><b>Sprint7_US758_TC1367</b><br>Test class: sprint7.US758_ManualPurchasePart3</td>
<td><div><pre>org.openqa.selenium.StaleElementReferenceException: stale element reference: element is not attached to the page document
  (Session info: chrome=46.0.2471.2)
  (Driver info: chromedriver=2.10.267521,platform=Windows NT 6.1 SP1 x86_64) (WARNING: The server did not provide any stacktrace information)
Command duration or timeout: 18 milliseconds
For documentation on this error, please visit: http://seleniumhq.org/exceptions/stale_element_reference.html
Build info: version: &apos;2.45.0&apos;, revision: &apos;32a636c&apos;, time: &apos;2015-03-05 22:01:35&apos;
System info: host: &apos;DS-000000006173&apos;, ip: &apos;10.112.78.73&apos;, os.name: &apos;Windows 7&apos;, os.arch: &apos;x86&apos;, os.version: &apos;6.1&apos;, java.version: &apos;1.7.0_60&apos;
Session ID: 1ad4b72a37b88637dd09b3bd398bf813
Driver info: org.openqa.selenium.chrome.ChromeDriver
Capabilities [{platform=XP, acceptSslCerts=true, javascriptEnabled=true, browserName=chrome, chrome={userDataDir=C:\Users\shyam_g\AppData\Local\Temp\scoped_dir4992_28304}, rotatable=false, locationContextEnabled=true, version=46.0.2471.2, takesHeapSnapshot=true, cssSelectorsEnabled=true, databaseEnabled=false, handlesAlerts=true, browserConnectionEnabled=false, webStorageEnabled=true, nativeEvents=true, applicationCacheEnabled=false, takesScreenshot=true}]
	at org.openqa.selenium.remote.ErrorHandler.createThrowable(ErrorHandler.java:204)
	at org.openqa.selenium.remote.ErrorHandler.throwIfResponseFailed(ErrorHandler.java:156)
	at org.openqa.selenium.remote.RemoteWebDriver.execute(RemoteWebDriver.java:599)
	at org.openqa.selenium.remote.RemoteWebElement.execute(RemoteWebElement.java:268)
	at org.openqa.selenium.remote.RemoteWebElement.getAttribute(RemoteWebElement.java:123)
	at org.openqa.selenium.support.pagefactory.internal.LocatingElementHandler.invoke(LocatingElementHandler.java:50)
	at com.sun.proxy.$Proxy13.getAttribute(Unknown Source)
	at sprint7.US758_ManualPurchasePart3.Sprint7_US758_TC1367(US758_ManualPurchasePart3.java:133)
... Removed 31 stack frames</pre></div><a href='#' onClick='toggleBox("stack-trace3992470", this, "Click to show all stack frames", "Click to hide stack frames")'>Click to show all stack frames</a>
<div class='stack-trace' id='stack-trace3992470'><pre>org.openqa.selenium.StaleElementReferenceException: stale element reference: element is not attached to the page document
  (Session info: chrome=46.0.2471.2)
  (Driver info: chromedriver=2.10.267521,platform=Windows NT 6.1 SP1 x86_64) (WARNING: The server did not provide any stacktrace information)
Command duration or timeout: 18 milliseconds
For documentation on this error, please visit: http://seleniumhq.org/exceptions/stale_element_reference.html
Build info: version: &apos;2.45.0&apos;, revision: &apos;32a636c&apos;, time: &apos;2015-03-05 22:01:35&apos;
System info: host: &apos;DS-000000006173&apos;, ip: &apos;10.112.78.73&apos;, os.name: &apos;Windows 7&apos;, os.arch: &apos;x86&apos;, os.version: &apos;6.1&apos;, java.version: &apos;1.7.0_60&apos;
Session ID: 1ad4b72a37b88637dd09b3bd398bf813
Driver info: org.openqa.selenium.chrome.ChromeDriver
Capabilities [{platform=XP, acceptSslCerts=true, javascriptEnabled=true, browserName=chrome, chrome={userDataDir=C:\Users\shyam_g\AppData\Local\Temp\scoped_dir4992_28304}, rotatable=false, locationContextEnabled=true, version=46.0.2471.2, takesHeapSnapshot=true, cssSelectorsEnabled=true, databaseEnabled=false, handlesAlerts=true, browserConnectionEnabled=false, webStorageEnabled=true, nativeEvents=true, applicationCacheEnabled=false, takesScreenshot=true}]
	at sun.reflect.NativeConstructorAccessorImpl.newInstance0(Native Method)
	at sun.reflect.NativeConstructorAccessorImpl.newInstance(Unknown Source)
	at sun.reflect.DelegatingConstructorAccessorImpl.newInstance(Unknown Source)
	at java.lang.reflect.Constructor.newInstance(Unknown Source)
	at org.openqa.selenium.remote.ErrorHandler.createThrowable(ErrorHandler.java:204)
	at org.openqa.selenium.remote.ErrorHandler.throwIfResponseFailed(ErrorHandler.java:156)
	at org.openqa.selenium.remote.RemoteWebDriver.execute(RemoteWebDriver.java:599)
	at org.openqa.selenium.remote.RemoteWebElement.execute(RemoteWebElement.java:268)
	at org.openqa.selenium.remote.RemoteWebElement.getAttribute(RemoteWebElement.java:123)
	at sun.reflect.GeneratedMethodAccessor42.invoke(Unknown Source)
	at sun.reflect.DelegatingMethodAccessorImpl.invoke(Unknown Source)
	at java.lang.reflect.Method.invoke(Unknown Source)
	at org.openqa.selenium.support.pagefactory.internal.LocatingElementHandler.invoke(LocatingElementHandler.java:50)
	at com.sun.proxy.$Proxy13.getAttribute(Unknown Source)
	at sprint7.US758_ManualPurchasePart3.Sprint7_US758_TC1367(US758_ManualPurchasePart3.java:133)
	at sun.reflect.NativeMethodAccessorImpl.invoke0(Native Method)
	at sun.reflect.NativeMethodAccessorImpl.invoke(Unknown Source)
	at sun.reflect.DelegatingMethodAccessorImpl.invoke(Unknown Source)
	at java.lang.reflect.Method.invoke(Unknown Source)
	at org.testng.internal.MethodInvocationHelper.invokeMethod(MethodInvocationHelper.java:84)
	at org.testng.internal.Invoker.invokeMethod(Invoker.java:714)
	at org.testng.internal.Invoker.invokeTestMethod(Invoker.java:901)
	at org.testng.internal.Invoker.invokeTestMethods(Invoker.java:1231)
	at org.testng.internal.TestMethodWorker.invokeTestMethods(TestMethodWorker.java:127)
	at org.testng.internal.TestMethodWorker.run(TestMethodWorker.java:111)
	at org.testng.TestRunner.privateRun(TestRunner.java:767)
	at org.testng.TestRunner.run(TestRunner.java:617)
	at org.testng.SuiteRunner.runTest(SuiteRunner.java:334)
	at org.testng.SuiteRunner.runSequentially(SuiteRunner.java:329)
	at org.testng.SuiteRunner.privateRun(SuiteRunner.java:291)
	at org.testng.SuiteRunner.run(SuiteRunner.java:240)
	at org.testng.SuiteRunnerWorker.runSuite(SuiteRunnerWorker.java:52)
	at org.testng.SuiteRunnerWorker.run(SuiteRunnerWorker.java:86)
	at org.testng.TestNG.runSuitesSequentially(TestNG.java:1224)
	at org.testng.TestNG.runSuitesLocally(TestNG.java:1149)
	at org.testng.TestNG.run(TestNG.java:1057)
	at org.testng.remote.RemoteTestNG.run(RemoteTestNG.java:111)
	at org.testng.remote.RemoteTestNG.initAndRun(RemoteTestNG.java:204)
	at org.testng.remote.RemoteTestNG.main(RemoteTestNG.java:175)
</pre></div></td>
<td>22</td>
<td>sprint7.US758_ManualPurchasePart3@1132f26</td></tr>
<tr>
<td title='sprint7.US758_ManualPurchasePart3.Sprint7_US758_TC1370()'><b>Sprint7_US758_TC1370</b><br>Test class: sprint7.US758_ManualPurchasePart3</td>
<td><div><pre>org.openqa.selenium.WebDriverException: unknown error: Element is not clickable at point (365, 54). Other element would receive the click: &lt;div class=&quot;modal-backdrop fade in&quot; style=&quot;height: 671px;&quot;&gt;&lt;/div&gt;
  (Session info: chrome=46.0.2471.2)
  (Driver info: chromedriver=2.10.267521,platform=Windows NT 6.1 SP1 x86_64) (WARNING: The server did not provide any stacktrace information)
Command duration or timeout: 40 milliseconds
Build info: version: &apos;2.45.0&apos;, revision: &apos;32a636c&apos;, time: &apos;2015-03-05 22:01:35&apos;
System info: host: &apos;DS-000000006173&apos;, ip: &apos;10.112.78.73&apos;, os.name: &apos;Windows 7&apos;, os.arch: &apos;x86&apos;, os.version: &apos;6.1&apos;, java.version: &apos;1.7.0_60&apos;
Session ID: b79abf14a348154c45fe3a3306527248
Driver info: org.openqa.selenium.chrome.ChromeDriver
Capabilities [{platform=XP, acceptSslCerts=true, javascriptEnabled=true, browserName=chrome, chrome={userDataDir=C:\Users\shyam_g\AppData\Local\Temp\scoped_dir7640_12695}, rotatable=false, locationContextEnabled=true, version=46.0.2471.2, takesHeapSnapshot=true, cssSelectorsEnabled=true, databaseEnabled=false, handlesAlerts=true, browserConnectionEnabled=false, webStorageEnabled=true, nativeEvents=true, applicationCacheEnabled=false, takesScreenshot=true}]
	at org.openqa.selenium.remote.ErrorHandler.createThrowable(ErrorHandler.java:204)
	at org.openqa.selenium.remote.ErrorHandler.throwIfResponseFailed(ErrorHandler.java:156)
	at org.openqa.selenium.remote.RemoteWebDriver.execute(RemoteWebDriver.java:599)
	at org.openqa.selenium.remote.RemoteWebElement.execute(RemoteWebElement.java:268)
	at org.openqa.selenium.remote.RemoteWebElement.click(RemoteWebElement.java:79)
	at org.openqa.selenium.support.pagefactory.internal.LocatingElementHandler.invoke(LocatingElementHandler.java:50)
	at com.sun.proxy.$Proxy13.click(Unknown Source)
	at eInventoryPageClasses.AbstractPage.goToPurchaseLandingPage(AbstractPage.java:32)
	at sprint7.US758_ManualPurchasePart3.Sprint7_US758_TC1370(US758_ManualPurchasePart3.java:165)
... Removed 31 stack frames</pre></div><a href='#' onClick='toggleBox("stack-trace20698387", this, "Click to show all stack frames", "Click to hide stack frames")'>Click to show all stack frames</a>
<div class='stack-trace' id='stack-trace20698387'><pre>org.openqa.selenium.WebDriverException: unknown error: Element is not clickable at point (365, 54). Other element would receive the click: &lt;div class=&quot;modal-backdrop fade in&quot; style=&quot;height: 671px;&quot;&gt;&lt;/div&gt;
  (Session info: chrome=46.0.2471.2)
  (Driver info: chromedriver=2.10.267521,platform=Windows NT 6.1 SP1 x86_64) (WARNING: The server did not provide any stacktrace information)
Command duration or timeout: 40 milliseconds
Build info: version: &apos;2.45.0&apos;, revision: &apos;32a636c&apos;, time: &apos;2015-03-05 22:01:35&apos;
System info: host: &apos;DS-000000006173&apos;, ip: &apos;10.112.78.73&apos;, os.name: &apos;Windows 7&apos;, os.arch: &apos;x86&apos;, os.version: &apos;6.1&apos;, java.version: &apos;1.7.0_60&apos;
Session ID: b79abf14a348154c45fe3a3306527248
Driver info: org.openqa.selenium.chrome.ChromeDriver
Capabilities [{platform=XP, acceptSslCerts=true, javascriptEnabled=true, browserName=chrome, chrome={userDataDir=C:\Users\shyam_g\AppData\Local\Temp\scoped_dir7640_12695}, rotatable=false, locationContextEnabled=true, version=46.0.2471.2, takesHeapSnapshot=true, cssSelectorsEnabled=true, databaseEnabled=false, handlesAlerts=true, browserConnectionEnabled=false, webStorageEnabled=true, nativeEvents=true, applicationCacheEnabled=false, takesScreenshot=true}]
	at sun.reflect.NativeConstructorAccessorImpl.newInstance0(Native Method)
	at sun.reflect.NativeConstructorAccessorImpl.newInstance(Unknown Source)
	at sun.reflect.DelegatingConstructorAccessorImpl.newInstance(Unknown Source)
	at java.lang.reflect.Constructor.newInstance(Unknown Source)
	at org.openqa.selenium.remote.ErrorHandler.createThrowable(ErrorHandler.java:204)
	at org.openqa.selenium.remote.ErrorHandler.throwIfResponseFailed(ErrorHandler.java:156)
	at org.openqa.selenium.remote.RemoteWebDriver.execute(RemoteWebDriver.java:599)
	at org.openqa.selenium.remote.RemoteWebElement.execute(RemoteWebElement.java:268)
	at org.openqa.selenium.remote.RemoteWebElement.click(RemoteWebElement.java:79)
	at sun.reflect.GeneratedMethodAccessor10.invoke(Unknown Source)
	at sun.reflect.DelegatingMethodAccessorImpl.invoke(Unknown Source)
	at java.lang.reflect.Method.invoke(Unknown Source)
	at org.openqa.selenium.support.pagefactory.internal.LocatingElementHandler.invoke(LocatingElementHandler.java:50)
	at com.sun.proxy.$Proxy13.click(Unknown Source)
	at eInventoryPageClasses.AbstractPage.goToPurchaseLandingPage(AbstractPage.java:32)
	at sprint7.US758_ManualPurchasePart3.Sprint7_US758_TC1370(US758_ManualPurchasePart3.java:165)
	at sun.reflect.NativeMethodAccessorImpl.invoke0(Native Method)
	at sun.reflect.NativeMethodAccessorImpl.invoke(Unknown Source)
	at sun.reflect.DelegatingMethodAccessorImpl.invoke(Unknown Source)
	at java.lang.reflect.Method.invoke(Unknown Source)
	at org.testng.internal.MethodInvocationHelper.invokeMethod(MethodInvocationHelper.java:84)
	at org.testng.internal.Invoker.invokeMethod(Invoker.java:714)
	at org.testng.internal.Invoker.invokeTestMethod(Invoker.java:901)
	at org.testng.internal.Invoker.invokeTestMethods(Invoker.java:1231)
	at org.testng.internal.TestMethodWorker.invokeTestMethods(TestMethodWorker.java:127)
	at org.testng.internal.TestMethodWorker.run(TestMethodWorker.java:111)
	at org.testng.TestRunner.privateRun(TestRunner.java:767)
	at org.testng.TestRunner.run(TestRunner.java:617)
	at org.testng.SuiteRunner.runTest(SuiteRunner.java:334)
	at org.testng.SuiteRunner.runSequentially(SuiteRunner.java:329)
	at org.testng.SuiteRunner.privateRun(SuiteRunner.java:291)
	at org.testng.SuiteRunner.run(SuiteRunner.java:240)
	at org.testng.SuiteRunnerWorker.runSuite(SuiteRunnerWorker.java:52)
	at org.testng.SuiteRunnerWorker.run(SuiteRunnerWorker.java:86)
	at org.testng.TestNG.runSuitesSequentially(TestNG.java:1224)
	at org.testng.TestNG.runSuitesLocally(TestNG.java:1149)
	at org.testng.TestNG.run(TestNG.java:1057)
	at org.testng.remote.RemoteTestNG.run(RemoteTestNG.java:111)
	at org.testng.remote.RemoteTestNG.initAndRun(RemoteTestNG.java:204)
	at org.testng.remote.RemoteTestNG.main(RemoteTestNG.java:175)
</pre></div></td>
<td>26</td>
<td>sprint7.US758_ManualPurchasePart3@1132f26</td></tr>
</table><p>
<table width='100%' border='1' class='invocation-passed'>
<tr><td colspan='4' align='center'><b>PASSED TESTS</b></td></tr>
<tr><td><b>Test method</b></td>
<td width="30%"><b>Exception</b></td>
<td width="10%"><b>Time (seconds)</b></td>
<td><b>Instance</b></td>
</tr>
<tr>
<td title='sprint2.US178_EnterAManualPurachase.Sprint2_US178_TC393()'><b>Sprint2_US178_TC393</b><br>Test class: sprint2.US178_EnterAManualPurachase</td>
<td></td>
<td>11</td>
<td>sprint2.US178_EnterAManualPurachase@15c1ae3</td></tr>
<tr>
<td title='sprint2.US178_EnterAManualPurachase.Sprint2_US178_TC397()'><b>Sprint2_US178_TC397</b><br>Test class: sprint2.US178_EnterAManualPurachase</td>
<td></td>
<td>22</td>
<td>sprint2.US178_EnterAManualPurachase@15c1ae3</td></tr>
<tr>
<td title='sprint2.US178_EnterAManualPurachase.Sprint2_US178_TC398()'><b>Sprint2_US178_TC398</b><br>Test class: sprint2.US178_EnterAManualPurachase</td>
<td></td>
<td>24</td>
<td>sprint2.US178_EnterAManualPurachase@15c1ae3</td></tr>
<tr>
<td title='sprint2.US178_EnterAManualPurachase.Sprint2_US178_TC399()'><b>Sprint2_US178_TC399</b><br>Test class: sprint2.US178_EnterAManualPurachase</td>
<td></td>
<td>22</td>
<td>sprint2.US178_EnterAManualPurachase@15c1ae3</td></tr>
<tr>
<td title='sprint2.US178_EnterAManualPurachase.Sprint2_US178_TC400()'><b>Sprint2_US178_TC400</b><br>Test class: sprint2.US178_EnterAManualPurachase</td>
<td></td>
<td>14</td>
<td>sprint2.US178_EnterAManualPurachase@15c1ae3</td></tr>
<tr>
<td title='sprint2.US178_EnterAManualPurachase.Sprint2_US178_TC401()'><b>Sprint2_US178_TC401</b><br>Test class: sprint2.US178_EnterAManualPurachase</td>
<td></td>
<td>27</td>
<td>sprint2.US178_EnterAManualPurachase@15c1ae3</td></tr>
<tr>
<td title='sprint2.US178_EnterAManualPurachase.Sprint2_US178_TC402()'><b>Sprint2_US178_TC402</b><br>Test class: sprint2.US178_EnterAManualPurachase</td>
<td></td>
<td>47</td>
<td>sprint2.US178_EnterAManualPurachase@15c1ae3</td></tr>
<tr>
<td title='sprint2.US178_EnterAManualPurachase.Sprint2_US178_TC403()'><b>Sprint2_US178_TC403</b><br>Test class: sprint2.US178_EnterAManualPurachase</td>
<td></td>
<td>21</td>
<td>sprint2.US178_EnterAManualPurachase@15c1ae3</td></tr>
<tr>
<td title='sprint2.US179_PostAManualPurchase.Sprint2_US179_TC452()'><b>Sprint2_US179_TC452</b><br>Test class: sprint2.US179_PostAManualPurchase</td>
<td></td>
<td>28</td>
<td>sprint2.US179_PostAManualPurchase@19c5ce6</td></tr>
<tr>
<td title='sprint2.US179_PostAManualPurchase.Sprint2_US179_TC453()'><b>Sprint2_US179_TC453</b><br>Test class: sprint2.US179_PostAManualPurchase</td>
<td></td>
<td>65</td>
<td>sprint2.US179_PostAManualPurchase@19c5ce6</td></tr>
<tr>
<td title='sprint2.US179_PostAManualPurchase.Sprint2_US179_TC530()'><b>Sprint2_US179_TC530</b><br>Test class: sprint2.US179_PostAManualPurchase</td>
<td></td>
<td>27</td>
<td>sprint2.US179_PostAManualPurchase@19c5ce6</td></tr>
<tr>
<td title='sprint2.US186_EditManualPurchase.Sprint2_US186_TC1540()'><b>Sprint2_US186_TC1540</b><br>Test class: sprint2.US186_EditManualPurchase</td>
<td></td>
<td>36</td>
<td>sprint2.US186_EditManualPurchase@9dfb04</td></tr>
<tr>
<td title='sprint2.US186_EditManualPurchase.Sprint2_US186_TC1541()'><b>Sprint2_US186_TC1541</b><br>Test class: sprint2.US186_EditManualPurchase</td>
<td></td>
<td>49</td>
<td>sprint2.US186_EditManualPurchase@9dfb04</td></tr>
<tr>
<td title='sprint2.US186_EditManualPurchase.Sprint2_US186_TC1542()'><b>Sprint2_US186_TC1542</b><br>Test class: sprint2.US186_EditManualPurchase</td>
<td></td>
<td>36</td>
<td>sprint2.US186_EditManualPurchase@9dfb04</td></tr>
<tr>
<td title='sprint2.US186_EditManualPurchase.Sprint2_US186_TC1543()'><b>Sprint2_US186_TC1543</b><br>Test class: sprint2.US186_EditManualPurchase</td>
<td></td>
<td>39</td>
<td>sprint2.US186_EditManualPurchase@9dfb04</td></tr>
<tr>
<td title='sprint2.US186_EditManualPurchase.Sprint2_US186_TC1544()'><b>Sprint2_US186_TC1544</b><br>Test class: sprint2.US186_EditManualPurchase</td>
<td></td>
<td>42</td>
<td>sprint2.US186_EditManualPurchase@9dfb04</td></tr>
<tr>
<td title='sprint2.US186_EditManualPurchase.Sprint2_US186_TC1545()'><b>Sprint2_US186_TC1545</b><br>Test class: sprint2.US186_EditManualPurchase</td>
<td></td>
<td>41</td>
<td>sprint2.US186_EditManualPurchase@9dfb04</td></tr>
<tr>
<td title='sprint2.US186_EditManualPurchase.Sprint2_US186_TC1546()'><b>Sprint2_US186_TC1546</b><br>Test class: sprint2.US186_EditManualPurchase</td>
<td></td>
<td>69</td>
<td>sprint2.US186_EditManualPurchase@9dfb04</td></tr>
<tr>
<td title='sprint2.US186_EditManualPurchase.Sprint2_US186_TC1547()'><b>Sprint2_US186_TC1547</b><br>Test class: sprint2.US186_EditManualPurchase</td>
<td></td>
<td>62</td>
<td>sprint2.US186_EditManualPurchase@9dfb04</td></tr>
<tr>
<td title='sprint2.US186_EditManualPurchase.Sprint2_US186_TC411()'><b>Sprint2_US186_TC411</b><br>Test class: sprint2.US186_EditManualPurchase</td>
<td></td>
<td>8</td>
<td>sprint2.US186_EditManualPurchase@9dfb04</td></tr>
<tr>
<td title='sprint2.US189_PurchasesLandingPage.Sprint2_US189_TC469()'><b>Sprint2_US189_TC469</b><br>Test class: sprint2.US189_PurchasesLandingPage</td>
<td></td>
<td>35</td>
<td>sprint2.US189_PurchasesLandingPage@1857eeb</td></tr>
<tr>
<td title='sprint2.US189_PurchasesLandingPage.Sprint2_US189_TC471()'><b>Sprint2_US189_TC471</b><br>Test class: sprint2.US189_PurchasesLandingPage</td>
<td></td>
<td>31</td>
<td>sprint2.US189_PurchasesLandingPage@1857eeb</td></tr>
<tr>
<td title='sprint2.US189_PurchasesLandingPage.Sprint2_US189_TC473()'><b>Sprint2_US189_TC473</b><br>Test class: sprint2.US189_PurchasesLandingPage</td>
<td></td>
<td>13</td>
<td>sprint2.US189_PurchasesLandingPage@1857eeb</td></tr>
<tr>
<td title='sprint2.US189_PurchasesLandingPage.Sprint2_US189_TC474()'><b>Sprint2_US189_TC474</b><br>Test class: sprint2.US189_PurchasesLandingPage</td>
<td></td>
<td>31</td>
<td>sprint2.US189_PurchasesLandingPage@1857eeb</td></tr>
<tr>
<td title='sprint2.US189_PurchasesLandingPage.Sprint2_US189_TC475()'><b>Sprint2_US189_TC475</b><br>Test class: sprint2.US189_PurchasesLandingPage</td>
<td></td>
<td>78</td>
<td>sprint2.US189_PurchasesLandingPage@1857eeb</td></tr>
<tr>
<td title='sprint2.US345_GenerateMonthlyBillLedgerSpreadsheet.Sprint2_US345_TC532()'><b>Sprint2_US345_TC532</b><br>Test class: sprint2.US345_GenerateMonthlyBillLedgerSpreadsheet</td>
<td></td>
<td>9</td>
<td>sprint2.US345_GenerateMonthlyBillLedgerSpreadsheet@5d33e1</td></tr>
<tr>
<td title='sprint2.US345_GenerateMonthlyBillLedgerSpreadsheet.Sprint2_US345_TC533()'><b>Sprint2_US345_TC533</b><br>Test class: sprint2.US345_GenerateMonthlyBillLedgerSpreadsheet</td>
<td></td>
<td>39</td>
<td>sprint2.US345_GenerateMonthlyBillLedgerSpreadsheet@5d33e1</td></tr>
<tr>
<td title='sprint2.US345_GenerateMonthlyBillLedgerSpreadsheet.Sprint2_US345_TC534()'><b>Sprint2_US345_TC534</b><br>Test class: sprint2.US345_GenerateMonthlyBillLedgerSpreadsheet</td>
<td></td>
<td>14</td>
<td>sprint2.US345_GenerateMonthlyBillLedgerSpreadsheet@5d33e1</td></tr>
<tr>
<td title='sprint2.US345_GenerateMonthlyBillLedgerSpreadsheet.Sprint2_US345_TC535()'><b>Sprint2_US345_TC535</b><br>Test class: sprint2.US345_GenerateMonthlyBillLedgerSpreadsheet</td>
<td></td>
<td>29</td>
<td>sprint2.US345_GenerateMonthlyBillLedgerSpreadsheet@5d33e1</td></tr>
<tr>
<td title='sprint2.US400_ListOfRawItemsOnTheManualPurchasePage.Sprint2_US400_TC518()'><b>Sprint2_US400_TC518</b><br>Test class: sprint2.US400_ListOfRawItemsOnTheManualPurchasePage</td>
<td></td>
<td>20</td>
<td>sprint2.US400_ListOfRawItemsOnTheManualPurchasePage@121cef5</td></tr>
<tr>
<td title='sprint2.US400_ListOfRawItemsOnTheManualPurchasePage.Sprint2_US400_TC519()'><b>Sprint2_US400_TC519</b><br>Test class: sprint2.US400_ListOfRawItemsOnTheManualPurchasePage</td>
<td></td>
<td>31</td>
<td>sprint2.US400_ListOfRawItemsOnTheManualPurchasePage@121cef5</td></tr>
<tr>
<td title='sprint7.US602_ViewMenuItemInformation.Sprint2_US602_TC1349()'><b>Sprint2_US602_TC1349</b><br>Test class: sprint7.US602_ViewMenuItemInformation</td>
<td></td>
<td>14</td>
<td>sprint7.US602_ViewMenuItemInformation@1a4250a</td></tr>
<tr>
<td title='sprint7.US602_ViewMenuItemInformation.Sprint2_US602_TC1350()'><b>Sprint2_US602_TC1350</b><br>Test class: sprint7.US602_ViewMenuItemInformation</td>
<td></td>
<td>18</td>
<td>sprint7.US602_ViewMenuItemInformation@1a4250a</td></tr>
<tr>
<td title='sprint7.US602_ViewMenuItemInformation.Sprint2_US602_TC1351()'><b>Sprint2_US602_TC1351</b><br>Test class: sprint7.US602_ViewMenuItemInformation</td>
<td></td>
<td>15</td>
<td>sprint7.US602_ViewMenuItemInformation@1a4250a</td></tr>
<tr>
<td title='sprint7.US602_ViewMenuItemInformation.Sprint2_US602_TC1373()'><b>Sprint2_US602_TC1373</b><br>Test class: sprint7.US602_ViewMenuItemInformation</td>
<td></td>
<td>46</td>
<td>sprint7.US602_ViewMenuItemInformation@1a4250a</td></tr>
<tr>
<td title='sprint5.US279_ViewAndEditRawItemInformationPage.Sprint5_US279_TC1173()'><b>Sprint5_US279_TC1173</b><br>Test class: sprint5.US279_ViewAndEditRawItemInformationPage</td>
<td></td>
<td>21</td>
<td>sprint5.US279_ViewAndEditRawItemInformationPage@8b49e4</td></tr>
<tr>
<td title='sprint5.US279_ViewAndEditRawItemInformationPage.Sprint5_US279_TC1174()'><b>Sprint5_US279_TC1174</b><br>Test class: sprint5.US279_ViewAndEditRawItemInformationPage</td>
<td></td>
<td>71</td>
<td>sprint5.US279_ViewAndEditRawItemInformationPage@8b49e4</td></tr>
<tr>
<td title='sprint5.US279_ViewAndEditRawItemInformationPage.Sprint5_US279_TC1175()'><b>Sprint5_US279_TC1175</b><br>Test class: sprint5.US279_ViewAndEditRawItemInformationPage</td>
<td></td>
<td>33</td>
<td>sprint5.US279_ViewAndEditRawItemInformationPage@8b49e4</td></tr>
<tr>
<td title='sprint5.US279_ViewAndEditRawItemInformationPage.Sprint5_US279_TC768()'><b>Sprint5_US279_TC768</b><br>Test class: sprint5.US279_ViewAndEditRawItemInformationPage</td>
<td></td>
<td>4</td>
<td>sprint5.US279_ViewAndEditRawItemInformationPage@8b49e4</td></tr>
<tr>
<td title='sprint5.US279_ViewAndEditRawItemInformationPage.Sprint5_US279_TC769()'><b>Sprint5_US279_TC769</b><br>Test class: sprint5.US279_ViewAndEditRawItemInformationPage</td>
<td></td>
<td>14</td>
<td>sprint5.US279_ViewAndEditRawItemInformationPage@8b49e4</td></tr>
<tr>
<td title='sprint5.US290_RawItemDetailPage.Sprint5_US290_TC859()'><b>Sprint5_US290_TC859</b><br>Test class: sprint5.US290_RawItemDetailPage</td>
<td></td>
<td>7</td>
<td>sprint5.US290_RawItemDetailPage@f917bd</td></tr>
<tr>
<td title='sprint5.US290_RawItemDetailPage.Sprint5_US290_TC861()'><b>Sprint5_US290_TC861</b><br>Test class: sprint5.US290_RawItemDetailPage</td>
<td></td>
<td>11</td>
<td>sprint5.US290_RawItemDetailPage@f917bd</td></tr>
<tr>
<td title='sprint5.US290_RawItemDetailPage.Sprint5_US290_TC862()'><b>Sprint5_US290_TC862</b><br>Test class: sprint5.US290_RawItemDetailPage</td>
<td></td>
<td>14</td>
<td>sprint5.US290_RawItemDetailPage@f917bd</td></tr>
<tr>
<td title='sprint5.US290_RawItemDetailPage.Sprint5_US290_TC863()'><b>Sprint5_US290_TC863</b><br>Test class: sprint5.US290_RawItemDetailPage</td>
<td></td>
<td>15</td>
<td>sprint5.US290_RawItemDetailPage@f917bd</td></tr>
<tr>
<td title='sprint5.US529_TransferLandingPage.Sprint5_US529_TC798()'><b>Sprint5_US529_TC798</b><br>Test class: sprint5.US529_TransferLandingPage</td>
<td></td>
<td>11</td>
<td>sprint5.US529_TransferLandingPage@1d6c8b9</td></tr>
<tr>
<td title='sprint5.US529_TransferLandingPage.Sprint5_US529_TC799()'><b>Sprint5_US529_TC799</b><br>Test class: sprint5.US529_TransferLandingPage</td>
<td></td>
<td>8</td>
<td>sprint5.US529_TransferLandingPage@1d6c8b9</td></tr>
<tr>
<td title='sprint5.US529_TransferLandingPage.Sprint5_US529_TC876()'><b>Sprint5_US529_TC876</b><br>Test class: sprint5.US529_TransferLandingPage</td>
<td></td>
<td>15</td>
<td>sprint5.US529_TransferLandingPage@1d6c8b9</td></tr>
<tr>
<td title='sprint5.US553_InitiateAndSubmitTransfer.Sprint5_US553_TC778()'><b>Sprint5_US553_TC778</b><br>Test class: sprint5.US553_InitiateAndSubmitTransfer</td>
<td></td>
<td>35</td>
<td>sprint5.US553_InitiateAndSubmitTransfer@16a16ae</td></tr>
<tr>
<td title='sprint5.US553_InitiateAndSubmitTransfer.Sprint5_US553_TC781()'><b>Sprint5_US553_TC781</b><br>Test class: sprint5.US553_InitiateAndSubmitTransfer</td>
<td></td>
<td>17</td>
<td>sprint5.US553_InitiateAndSubmitTransfer@16a16ae</td></tr>
<tr>
<td title='sprint5.US553_InitiateAndSubmitTransfer.Sprint5_US553_TC794()'><b>Sprint5_US553_TC794</b><br>Test class: sprint5.US553_InitiateAndSubmitTransfer</td>
<td></td>
<td>27</td>
<td>sprint5.US553_InitiateAndSubmitTransfer@16a16ae</td></tr>
<tr>
<td title='sprint5.US553_InitiateAndSubmitTransfer.Sprint5_US553_TC795()'><b>Sprint5_US553_TC795</b><br>Test class: sprint5.US553_InitiateAndSubmitTransfer</td>
<td></td>
<td>21</td>
<td>sprint5.US553_InitiateAndSubmitTransfer@16a16ae</td></tr>
<tr>
<td title='sprint5.US553_InitiateAndSubmitTransfer.Sprint5_US553_TC874()'><b>Sprint5_US553_TC874</b><br>Test class: sprint5.US553_InitiateAndSubmitTransfer</td>
<td></td>
<td>8</td>
<td>sprint5.US553_InitiateAndSubmitTransfer@16a16ae</td></tr>
<tr>
<td title='sprint5.US610_MaintainenceLandingPage.Sprint5_US610_TC772()'><b>Sprint5_US610_TC772</b><br>Test class: sprint5.US610_MaintainenceLandingPage</td>
<td></td>
<td>7</td>
<td>sprint5.US610_MaintainenceLandingPage@1f5ba55</td></tr>
<tr>
<td title='sprint5.US610_MaintainenceLandingPage.Sprint5_US610_TC773()'><b>Sprint5_US610_TC773</b><br>Test class: sprint5.US610_MaintainenceLandingPage</td>
<td></td>
<td>9</td>
<td>sprint5.US610_MaintainenceLandingPage@1f5ba55</td></tr>
<tr>
<td title='sprint6.US405_EditRawItemInformationAndManualPurchaseRawItems.Sprint6_US405_TC1210()'><b>Sprint6_US405_TC1210</b><br>Test class: sprint6.US405_EditRawItemInformationAndManualPurchaseRawItems</td>
<td></td>
<td>19</td>
<td>sprint6.US405_EditRawItemInformationAndManualPurchaseRawItems@13cc996</td></tr>
<tr>
<td title='sprint6.US405_EditRawItemInformationAndManualPurchaseRawItems.Sprint6_US405_TC1249()'><b>Sprint6_US405_TC1249</b><br>Test class: sprint6.US405_EditRawItemInformationAndManualPurchaseRawItems</td>
<td></td>
<td>20</td>
<td>sprint6.US405_EditRawItemInformationAndManualPurchaseRawItems@13cc996</td></tr>
<tr>
<td title='sprint6.US405_EditRawItemInformationAndManualPurchaseRawItems.Sprint6_US405_TC1250()'><b>Sprint6_US405_TC1250</b><br>Test class: sprint6.US405_EditRawItemInformationAndManualPurchaseRawItems</td>
<td></td>
<td>13</td>
<td>sprint6.US405_EditRawItemInformationAndManualPurchaseRawItems@13cc996</td></tr>
<tr>
<td title='sprint6.US405_EditRawItemInformationAndManualPurchaseRawItems.Sprint6_US405_TC1251()'><b>Sprint6_US405_TC1251</b><br>Test class: sprint6.US405_EditRawItemInformationAndManualPurchaseRawItems</td>
<td></td>
<td>18</td>
<td>sprint6.US405_EditRawItemInformationAndManualPurchaseRawItems@13cc996</td></tr>
<tr>
<td title='sprint6.US405_EditRawItemInformationAndManualPurchaseRawItems.Sprint6_US405_TC1314()'><b>Sprint6_US405_TC1314</b><br>Test class: sprint6.US405_EditRawItemInformationAndManualPurchaseRawItems</td>
<td></td>
<td>22</td>
<td>sprint6.US405_EditRawItemInformationAndManualPurchaseRawItems@13cc996</td></tr>
<tr>
<td title='sprint6.US459_GroupWRINsByWRINPrefixOnThePhysicalInventoryPageAndPrintableInventorySheet.Sprint6_US459_TC1245()'><b>Sprint6_US459_TC1245</b><br>Test class: sprint6.US459_GroupWRINsByWRINPrefixOnThePhysicalInventoryPageAndPrintableInventorySheet</td>
<td></td>
<td>40</td>
<td>sprint6.US459_GroupWRINsByWRINPrefixOnThePhysicalInventoryPageAndPrintableInventorySheet@17bc0ac</td></tr>
<tr>
<td title='sprint6.US460_SearchOnThePhysicalInventoryPageToShowSearchResultsForTheEntireListOfWRINs.Sprint6_US460_TC1252()'><b>Sprint6_US460_TC1252</b><br>Test class: sprint6.US460_SearchOnThePhysicalInventoryPageToShowSearchResultsForTheEntireListOfWRINs</td>
<td></td>
<td>18</td>
<td>sprint6.US460_SearchOnThePhysicalInventoryPageToShowSearchResultsForTheEntireListOfWRINs@14fab65</td></tr>
<tr>
<td title='sprint6.US461_ShowProductCategoryDollerAmountsOnAnElectronicInvoiceAndOnManualPurchaseDetailPage.Sprint6_US461_TC1269()'><b>Sprint6_US461_TC1269</b><br>Test class: sprint6.US461_ShowProductCategoryDollerAmountsOnAnElectronicInvoiceAndOnManualPurchaseDetailPage</td>
<td></td>
<td>27</td>
<td>sprint6.US461_ShowProductCategoryDollerAmountsOnAnElectronicInvoiceAndOnManualPurchaseDetailPage@19d44df</td></tr>
<tr>
<td title='sprint6.US461_ShowProductCategoryDollerAmountsOnAnElectronicInvoiceAndOnManualPurchaseDetailPage.Sprint6_US461_TC1271()'><b>Sprint6_US461_TC1271</b><br>Test class: sprint6.US461_ShowProductCategoryDollerAmountsOnAnElectronicInvoiceAndOnManualPurchaseDetailPage</td>
<td></td>
<td>76</td>
<td>sprint6.US461_ShowProductCategoryDollerAmountsOnAnElectronicInvoiceAndOnManualPurchaseDetailPage@19d44df</td></tr>
<tr>
<td title='sprint6.US477_Part2ManualPurchase.Sprint6_US477_TC1214()'><b>Sprint6_US477_TC1214</b><br>Test class: sprint6.US477_Part2ManualPurchase</td>
<td></td>
<td>64</td>
<td>sprint6.US477_Part2ManualPurchase@7ca7f0</td></tr>
<tr>
<td title='sprint6.US477_Part2ManualPurchase.Sprint6_US477_TC1262()'><b>Sprint6_US477_TC1262</b><br>Test class: sprint6.US477_Part2ManualPurchase</td>
<td></td>
<td>16</td>
<td>sprint6.US477_Part2ManualPurchase@7ca7f0</td></tr>
<tr>
<td title='sprint6.US477_Part2ManualPurchase.Sprint6_US477_TC1264()'><b>Sprint6_US477_TC1264</b><br>Test class: sprint6.US477_Part2ManualPurchase</td>
<td></td>
<td>17</td>
<td>sprint6.US477_Part2ManualPurchase@7ca7f0</td></tr>
<tr>
<td title='sprint6.US477_Part2ManualPurchase.Sprint6_US477_TC1312()'><b>Sprint6_US477_TC1312</b><br>Test class: sprint6.US477_Part2ManualPurchase</td>
<td></td>
<td>26</td>
<td>sprint6.US477_Part2ManualPurchase@7ca7f0</td></tr>
<tr>
<td title='sprint6.US478_Part2BillLedger.Sprint6_US478_TC1274()'><b>Sprint6_US478_TC1274</b><br>Test class: sprint6.US478_Part2BillLedger</td>
<td></td>
<td>38</td>
<td>sprint6.US478_Part2BillLedger@f4bb6c</td></tr>
<tr>
<td title='sprint6.US579_UpdateCasePriceForManualPurchaseRawItemsOnTheManualPurchasePage.Sprint6_US579_TC1243()'><b>Sprint6_US579_TC1243</b><br>Test class: sprint6.US579_UpdateCasePriceForManualPurchaseRawItemsOnTheManualPurchasePage</td>
<td></td>
<td>22</td>
<td>sprint6.US579_UpdateCasePriceForManualPurchaseRawItemsOnTheManualPurchasePage@1aac78d</td></tr>
<tr>
<td title='sprint6.US579_UpdateCasePriceForManualPurchaseRawItemsOnTheManualPurchasePage.Sprint6_US579_TC1279()'><b>Sprint6_US579_TC1279</b><br>Test class: sprint6.US579_UpdateCasePriceForManualPurchaseRawItemsOnTheManualPurchasePage</td>
<td></td>
<td>31</td>
<td>sprint6.US579_UpdateCasePriceForManualPurchaseRawItemsOnTheManualPurchasePage@1aac78d</td></tr>
<tr>
<td title='sprint6.US579_UpdateCasePriceForManualPurchaseRawItemsOnTheManualPurchasePage.Sprint6_US579_TC1309()'><b>Sprint6_US579_TC1309</b><br>Test class: sprint6.US579_UpdateCasePriceForManualPurchaseRawItemsOnTheManualPurchasePage</td>
<td></td>
<td>22</td>
<td>sprint6.US579_UpdateCasePriceForManualPurchaseRawItemsOnTheManualPurchasePage@1aac78d</td></tr>
<tr>
<td title='sprint6.US672_AbilityToCreateManualPurchaseVendors.Sprint6_US672_TC1212()'><b>Sprint6_US672_TC1212</b><br>Test class: sprint6.US672_AbilityToCreateManualPurchaseVendors</td>
<td></td>
<td>8</td>
<td>sprint6.US672_AbilityToCreateManualPurchaseVendors@197cf78</td></tr>
<tr>
<td title='sprint6.US672_AbilityToCreateManualPurchaseVendors.Sprint6_US672_TC1220()'><b>Sprint6_US672_TC1220</b><br>Test class: sprint6.US672_AbilityToCreateManualPurchaseVendors</td>
<td></td>
<td>17</td>
<td>sprint6.US672_AbilityToCreateManualPurchaseVendors@197cf78</td></tr>
<tr>
<td title='sprint6.US672_AbilityToCreateManualPurchaseVendors.Sprint6_US672_TC1282()'><b>Sprint6_US672_TC1282</b><br>Test class: sprint6.US672_AbilityToCreateManualPurchaseVendors</td>
<td></td>
<td>25</td>
<td>sprint6.US672_AbilityToCreateManualPurchaseVendors@197cf78</td></tr>
<tr>
<td title='sprint6.US672_AbilityToCreateManualPurchaseVendors.Sprint6_US672_TC1292()'><b>Sprint6_US672_TC1292</b><br>Test class: sprint6.US672_AbilityToCreateManualPurchaseVendors</td>
<td></td>
<td>20</td>
<td>sprint6.US672_AbilityToCreateManualPurchaseVendors@197cf78</td></tr>
<tr>
<td title='sprint6.US672_AbilityToCreateManualPurchaseVendors.Sprint6_US672_TC1295()'><b>Sprint6_US672_TC1295</b><br>Test class: sprint6.US672_AbilityToCreateManualPurchaseVendors</td>
<td></td>
<td>16</td>
<td>sprint6.US672_AbilityToCreateManualPurchaseVendors@197cf78</td></tr>
<tr>
<td title='sprint6.US672_AbilityToCreateManualPurchaseVendors.Sprint6_US672_TC1297()'><b>Sprint6_US672_TC1297</b><br>Test class: sprint6.US672_AbilityToCreateManualPurchaseVendors</td>
<td></td>
<td>40</td>
<td>sprint6.US672_AbilityToCreateManualPurchaseVendors@197cf78</td></tr>
<tr>
<td title='sprint7.US425_WastePromoLandingPage.Sprint7_US425_TC1739()'><b>Sprint7_US425_TC1739</b><br>Test class: sprint7.US425_WastePromoLandingPage</td>
<td></td>
<td>10</td>
<td>sprint7.US425_WastePromoLandingPage@1876a6d</td></tr>
<tr>
<td title='sprint7.US425_WastePromoLandingPage.Sprint7_US425_TC1741()'><b>Sprint7_US425_TC1741</b><br>Test class: sprint7.US425_WastePromoLandingPage</td>
<td></td>
<td>24</td>
<td>sprint7.US425_WastePromoLandingPage@1876a6d</td></tr>
<tr>
<td title='sprint7.US671_MenuItemMaintenanceDropdownOptions.Sprint7_US671_TC1450()'><b>Sprint7_US671_TC1450</b><br>Test class: sprint7.US671_MenuItemMaintenanceDropdownOptions</td>
<td></td>
<td>11</td>
<td>sprint7.US671_MenuItemMaintenanceDropdownOptions@c1e10c</td></tr>
<tr>
<td title='sprint7.US671_MenuItemMaintenanceDropdownOptions.Sprint7_US671_TC1451()'><b>Sprint7_US671_TC1451</b><br>Test class: sprint7.US671_MenuItemMaintenanceDropdownOptions</td>
<td></td>
<td>10</td>
<td>sprint7.US671_MenuItemMaintenanceDropdownOptions@c1e10c</td></tr>
<tr>
<td title='sprint7.US758_ManualPurchasePart3.Sprint7_US758_TC1356()'><b>Sprint7_US758_TC1356</b><br>Test class: sprint7.US758_ManualPurchasePart3</td>
<td></td>
<td>29</td>
<td>sprint7.US758_ManualPurchasePart3@1132f26</td></tr>
<tr>
<td title='sprint7.US758_ManualPurchasePart3.Sprint7_US758_TC1369()'><b>Sprint7_US758_TC1369</b><br>Test class: sprint7.US758_ManualPurchasePart3</td>
<td></td>
<td>28</td>
<td>sprint7.US758_ManualPurchasePart3@1132f26</td></tr>
<tr>
<td title='sprint7.US758_ManualPurchasePart3.Sprint7_US758_TC1483()'><b>Sprint7_US758_TC1483</b><br>Test class: sprint7.US758_ManualPurchasePart3</td>
<td></td>
<td>37</td>
<td>sprint7.US758_ManualPurchasePart3@1132f26</td></tr>
<tr>
<td title='sprint7.US759_StoreLedgerPart3.Sprint7_US759_TC1549()'><b>Sprint7_US759_TC1549</b><br>Test class: sprint7.US759_StoreLedgerPart3</td>
<td></td>
<td>50</td>
<td>sprint7.US759_StoreLedgerPart3@17dabf4</td></tr>
<tr>
<td title='sprint7.US764_AbilityToInitiateAndSubmitTransferForOffice.Sprint7_US764_TC1417()'><b>Sprint7_US764_TC1417</b><br>Test class: sprint7.US764_AbilityToInitiateAndSubmitTransferForOffice</td>
<td></td>
<td>39</td>
<td>sprint7.US764_AbilityToInitiateAndSubmitTransferForOffice@1b5d53a</td></tr>
</table><p>
</body>
</html>