<html>
<head>
<title>TestNG:  Test1</title>
<link href="../testng.css" rel="stylesheet" type="text/css" />
<link href="../my-testng.css" rel="stylesheet" type="text/css" />

<style type="text/css">
.log { display: none;} 
.stack-trace { display: none;} 
</style>
<script type="text/javascript">
<!--
function flip(e) {
  current = e.style.display;
  if (current == 'block') {
    e.style.display = 'none';
    return 0;
  }
  else {
    e.style.display = 'block';
    return 1;
  }
}

function toggleBox(szDivId, elem, msg1, msg2)
{
  var res = -1;  if (document.getElementById) {
    res = flip(document.getElementById(szDivId));
  }
  else if (document.all) {
    // this is the way old msie versions work
    res = flip(document.all[szDivId]);
  }
  if(elem) {
    if(res == 0) elem.innerHTML = msg1; else elem.innerHTML = msg2;
  }

}

function toggleAllBoxes() {
  if (document.getElementsByTagName) {
    d = document.getElementsByTagName('div');
    for (i = 0; i < d.length; i++) {
      if (d[i].className == 'log') {
        flip(d[i]);
      }
    }
  }
}

// -->
</script>

</head>
<body>
<h2 align='center'>Test1</h2><table border='1' align="center">
<tr>
<td>Tests passed/Failed/Skipped:</td><td>0/0/5</td>
</tr><tr>
<td>Started on:</td><td>Thu May 07 18:47:16 IST 2015</td>
</tr>
<tr><td>Total time:</td><td>3 seconds (3389 ms)</td>
</tr><tr>
<td>Included groups:</td><td></td>
</tr><tr>
<td>Excluded groups:</td><td></td>
</tr>
</table><p/>
<small><i>(Hover the method name to see the test class name)</i></small><p/>
<table width='100%' border='1' class='invocation-failed'>
<tr><td colspan='4' align='center'><b>FAILED CONFIGURATIONS</b></td></tr>
<tr><td><b>Test method</b></td>
<td width="30%"><b>Exception</b></td>
<td width="10%"><b>Time (seconds)</b></td>
<td><b>Instance</b></td>
</tr>
<tr>
<td title='sprint2.US178_EnterAManualPurachase.beforeMethod()'><b>beforeMethod</b><br>Test class: sprint2.US178_EnterAManualPurachase<br>Parameters: IE</td>
<td><div><pre>org.openqa.selenium.WebDriverException: Failed to navigate to http://qa.mcdebos.com/. This usually means that a call to the COM method IWebBrowser2::Navigate2() failed. (WARNING: The server did not provide any stacktrace information)
Command duration or timeout: 17 milliseconds
Build info: version: &apos;2.45.0&apos;, revision: &apos;32a636c&apos;, time: &apos;2015-03-05 22:01:35&apos;
System info: host: &apos;DS-000000006173&apos;, ip: &apos;10.112.67.78&apos;, os.name: &apos;Windows 7&apos;, os.arch: &apos;x86&apos;, os.version: &apos;6.1&apos;, java.version: &apos;1.7.0_60&apos;
Session ID: a05d578a-4e5e-4f2a-9712-cf42917788f9
Driver info: org.openqa.selenium.ie.InternetExplorerDriver
Capabilities [{platform=WINDOWS, javascriptEnabled=true, elementScrollBehavior=0, ignoreZoomSetting=false, enablePersistentHover=true, ie.ensureCleanSession=false, browserName=internet explorer, enableElementCacheCleanup=true, unexpectedAlertBehaviour=dismiss, version=10, ie.usePerProcessProxy=false, ignoreProtectedModeSettings=false, cssSelectorsEnabled=true, requireWindowFocus=false, initialBrowserUrl=http://localhost:3468/, handlesAlerts=true, ie.forceCreateProcessApi=false, nativeEvents=true, browserAttachTimeout=0, ie.browserCommandLineSwitches=, takesScreenshot=true}]
	at org.openqa.selenium.remote.ErrorHandler.createThrowable(ErrorHandler.java:204)
	at org.openqa.selenium.remote.ErrorHandler.throwIfResponseFailed(ErrorHandler.java:156)
	at org.openqa.selenium.remote.RemoteWebDriver.execute(RemoteWebDriver.java:599)
	at org.openqa.selenium.remote.RemoteWebDriver.get(RemoteWebDriver.java:304)
	at sprint2.AbstractTest.beforeMethod(AbstractTest.java:82)
... Removed 30 stack frames</pre></div><a href='#' onClick='toggleBox("stack-trace11764184", this, "Click to show all stack frames", "Click to hide stack frames")'>Click to show all stack frames</a>
<div class='stack-trace' id='stack-trace11764184'><pre>org.openqa.selenium.WebDriverException: Failed to navigate to http://qa.mcdebos.com/. This usually means that a call to the COM method IWebBrowser2::Navigate2() failed. (WARNING: The server did not provide any stacktrace information)
Command duration or timeout: 17 milliseconds
Build info: version: &apos;2.45.0&apos;, revision: &apos;32a636c&apos;, time: &apos;2015-03-05 22:01:35&apos;
System info: host: &apos;DS-000000006173&apos;, ip: &apos;10.112.67.78&apos;, os.name: &apos;Windows 7&apos;, os.arch: &apos;x86&apos;, os.version: &apos;6.1&apos;, java.version: &apos;1.7.0_60&apos;
Session ID: a05d578a-4e5e-4f2a-9712-cf42917788f9
Driver info: org.openqa.selenium.ie.InternetExplorerDriver
Capabilities [{platform=WINDOWS, javascriptEnabled=true, elementScrollBehavior=0, ignoreZoomSetting=false, enablePersistentHover=true, ie.ensureCleanSession=false, browserName=internet explorer, enableElementCacheCleanup=true, unexpectedAlertBehaviour=dismiss, version=10, ie.usePerProcessProxy=false, ignoreProtectedModeSettings=false, cssSelectorsEnabled=true, requireWindowFocus=false, initialBrowserUrl=http://localhost:3468/, handlesAlerts=true, ie.forceCreateProcessApi=false, nativeEvents=true, browserAttachTimeout=0, ie.browserCommandLineSwitches=, takesScreenshot=true}]
	at sun.reflect.NativeConstructorAccessorImpl.newInstance0(Native Method)
	at sun.reflect.NativeConstructorAccessorImpl.newInstance(Unknown Source)
	at sun.reflect.DelegatingConstructorAccessorImpl.newInstance(Unknown Source)
	at java.lang.reflect.Constructor.newInstance(Unknown Source)
	at org.openqa.selenium.remote.ErrorHandler.createThrowable(ErrorHandler.java:204)
	at org.openqa.selenium.remote.ErrorHandler.throwIfResponseFailed(ErrorHandler.java:156)
	at org.openqa.selenium.remote.RemoteWebDriver.execute(RemoteWebDriver.java:599)
	at org.openqa.selenium.remote.RemoteWebDriver.get(RemoteWebDriver.java:304)
	at sprint2.AbstractTest.beforeMethod(AbstractTest.java:82)
	at sun.reflect.NativeMethodAccessorImpl.invoke0(Native Method)
	at sun.reflect.NativeMethodAccessorImpl.invoke(Unknown Source)
	at sun.reflect.DelegatingMethodAccessorImpl.invoke(Unknown Source)
	at java.lang.reflect.Method.invoke(Unknown Source)
	at org.testng.internal.MethodInvocationHelper.invokeMethod(MethodInvocationHelper.java:84)
	at org.testng.internal.Invoker.invokeConfigurationMethod(Invoker.java:564)
	at org.testng.internal.Invoker.invokeConfigurations(Invoker.java:213)
	at org.testng.internal.Invoker.invokeMethod(Invoker.java:653)
	at org.testng.internal.Invoker.invokeTestMethod(Invoker.java:901)
	at org.testng.internal.Invoker.invokeTestMethods(Invoker.java:1231)
	at org.testng.internal.TestMethodWorker.invokeTestMethods(TestMethodWorker.java:127)
	at org.testng.internal.TestMethodWorker.run(TestMethodWorker.java:111)
	at org.testng.TestRunner.privateRun(TestRunner.java:767)
	at org.testng.TestRunner.run(TestRunner.java:617)
	at org.testng.SuiteRunner.runTest(SuiteRunner.java:334)
	at org.testng.SuiteRunner.runSequentially(SuiteRunner.java:329)
	at org.testng.SuiteRunner.privateRun(SuiteRunner.java:291)
	at org.testng.SuiteRunner.run(SuiteRunner.java:240)
	at org.testng.SuiteRunnerWorker.runSuite(SuiteRunnerWorker.java:52)
	at org.testng.SuiteRunnerWorker.run(SuiteRunnerWorker.java:86)
	at org.testng.TestNG.runSuitesSequentially(TestNG.java:1224)
	at org.testng.TestNG.runSuitesLocally(TestNG.java:1149)
	at org.testng.TestNG.run(TestNG.java:1057)
	at org.testng.remote.RemoteTestNG.run(RemoteTestNG.java:111)
	at org.testng.remote.RemoteTestNG.initAndRun(RemoteTestNG.java:204)
	at org.testng.remote.RemoteTestNG.main(RemoteTestNG.java:175)
</pre></div></td>
<td>0</td>
<td>sprint2.US178_EnterAManualPurachase@d39ac</td></tr>
</table><p>
<table width='100%' border='1' class='invocation-skipped'>
<tr><td colspan='4' align='center'><b>SKIPPED CONFIGURATIONS</b></td></tr>
<tr><td><b>Test method</b></td>
<td width="30%"><b>Exception</b></td>
<td width="10%"><b>Time (seconds)</b></td>
<td><b>Instance</b></td>
</tr>
<tr>
<td title='sprint2.US178_EnterAManualPurachase.beforeMethod()'><b>beforeMethod</b><br>Test class: sprint2.US178_EnterAManualPurachase</td>
<td></td>
<td>0</td>
<td>sprint2.US178_EnterAManualPurachase@d39ac</td></tr>
<tr>
<td title='sprint2.US179_PostAManualPurchase.beforeMethod()'><b>beforeMethod</b><br>Test class: sprint2.US179_PostAManualPurchase</td>
<td></td>
<td>0</td>
<td>sprint2.US179_PostAManualPurchase@1114133</td></tr>
<tr>
<td title='sprint2.US179_PostAManualPurchase.beforeMethod()'><b>beforeMethod</b><br>Test class: sprint2.US179_PostAManualPurchase</td>
<td></td>
<td>0</td>
<td>sprint2.US179_PostAManualPurchase@1114133</td></tr>
<tr>
<td title='sprint2.US179_PostAManualPurchase.beforeMethod()'><b>beforeMethod</b><br>Test class: sprint2.US179_PostAManualPurchase</td>
<td></td>
<td>0</td>
<td>sprint2.US179_PostAManualPurchase@1114133</td></tr>
<tr>
<td title='sprint2.US178_EnterAManualPurachase.afterMethod()'><b>afterMethod</b><br>Test class: sprint2.US178_EnterAManualPurachase</td>
<td></td>
<td>0</td>
<td>sprint2.US178_EnterAManualPurachase@d39ac</td></tr>
<tr>
<td title='sprint2.US178_EnterAManualPurachase.afterMethod()'><b>afterMethod</b><br>Test class: sprint2.US178_EnterAManualPurachase</td>
<td></td>
<td>0</td>
<td>sprint2.US178_EnterAManualPurachase@d39ac</td></tr>
<tr>
<td title='sprint2.US179_PostAManualPurchase.afterMethod()'><b>afterMethod</b><br>Test class: sprint2.US179_PostAManualPurchase</td>
<td></td>
<td>0</td>
<td>sprint2.US179_PostAManualPurchase@1114133</td></tr>
<tr>
<td title='sprint2.US179_PostAManualPurchase.afterMethod()'><b>afterMethod</b><br>Test class: sprint2.US179_PostAManualPurchase</td>
<td></td>
<td>0</td>
<td>sprint2.US179_PostAManualPurchase@1114133</td></tr>
<tr>
<td title='sprint2.US179_PostAManualPurchase.afterMethod()'><b>afterMethod</b><br>Test class: sprint2.US179_PostAManualPurchase</td>
<td></td>
<td>0</td>
<td>sprint2.US179_PostAManualPurchase@1114133</td></tr>
<tr>
<td title='sprint2.US179_PostAManualPurchase.afterTest()'><b>afterTest</b><br>Test class: sprint2.US179_PostAManualPurchase</td>
<td></td>
<td>0</td>
<td>null</td></tr>
</table><p>
<table width='100%' border='1' class='invocation-skipped'>
<tr><td colspan='4' align='center'><b>SKIPPED TESTS</b></td></tr>
<tr><td><b>Test method</b></td>
<td width="30%"><b>Exception</b></td>
<td width="10%"><b>Time (seconds)</b></td>
<td><b>Instance</b></td>
</tr>
<tr>
<td title='sprint2.US178_EnterAManualPurachase.Sprint2_US178_TC393()'><b>Sprint2_US178_TC393</b><br>Test class: sprint2.US178_EnterAManualPurachase</td>
<td></td>
<td>0</td>
<td>sprint2.US178_EnterAManualPurachase@d39ac</td></tr>
<tr>
<td title='sprint2.US178_EnterAManualPurachase.Sprint2_US178_TC397()'><b>Sprint2_US178_TC397</b><br>Test class: sprint2.US178_EnterAManualPurachase</td>
<td></td>
<td>0</td>
<td>sprint2.US178_EnterAManualPurachase@d39ac</td></tr>
<tr>
<td title='sprint2.US179_PostAManualPurchase.Sprint2_US179_TC452()'><b>Sprint2_US179_TC452</b><br>Test class: sprint2.US179_PostAManualPurchase</td>
<td></td>
<td>0</td>
<td>sprint2.US179_PostAManualPurchase@1114133</td></tr>
<tr>
<td title='sprint2.US179_PostAManualPurchase.Sprint2_US179_TC453()'><b>Sprint2_US179_TC453</b><br>Test class: sprint2.US179_PostAManualPurchase</td>
<td></td>
<td>0</td>
<td>sprint2.US179_PostAManualPurchase@1114133</td></tr>
<tr>
<td title='sprint2.US179_PostAManualPurchase.Sprint2_US179_TC530()'><b>Sprint2_US179_TC530</b><br>Test class: sprint2.US179_PostAManualPurchase</td>
<td></td>
<td>0</td>
<td>sprint2.US179_PostAManualPurchase@1114133</td></tr>
</table><p>
</body>
</html>