<?xml version="1.0" encoding="UTF-8"?>
<!-- Generated by org.testng.reporters.JUnitXMLReporter -->
<testsuite hostname="DS-000000006173" name="Test1" tests="5" failures="0" timestamp="7 May 2015 13:17:19 GMT" time="3.389" errors="0">
  <testcase name="@BeforeMethod beforeMethod" time="0.0" classname="sprint2.US178_EnterAManualPurachase">
    <failure type="org.openqa.selenium.WebDriverException" message="Failed to navigate to http://qa.mcdebos.com/. This usually means that a call to the COM method IWebBrowser2::Navigate2() failed. (WARNING: The server did not provide any stacktrace information)
Command duration or timeout: 17 milliseconds
Build info: version: &amp;apos;2.45.0&amp;apos;, revision: &amp;apos;32a636c&amp;apos;, time: &amp;apos;2015-03-05 22:01:35&amp;apos;
System info: host: &amp;apos;DS-000000006173&amp;apos;, ip: &amp;apos;10.112.67.78&amp;apos;, os.name: &amp;apos;Windows 7&amp;apos;, os.arch: &amp;apos;x86&amp;apos;, os.version: &amp;apos;6.1&amp;apos;, java.version: &amp;apos;1.7.0_60&amp;apos;
Session ID: a05d578a-4e5e-4f2a-9712-cf42917788f9
Driver info: org.openqa.selenium.ie.InternetExplorerDriver
Capabilities [{platform=WINDOWS, javascriptEnabled=true, elementScrollBehavior=0, ignoreZoomSetting=false, enablePersistentHover=true, ie.ensureCleanSession=false, browserName=internet explorer, enableElementCacheCleanup=true, unexpectedAlertBehaviour=dismiss, version=10, ie.usePerProcessProxy=false, ignoreProtectedModeSettings=false, cssSelectorsEnabled=true, requireWindowFocus=false, initialBrowserUrl=http://localhost:3468/, handlesAlerts=true, ie.forceCreateProcessApi=false, nativeEvents=true, browserAttachTimeout=0, ie.browserCommandLineSwitches=, takesScreenshot=true}]">
      <![CDATA[org.openqa.selenium.WebDriverException: Failed to navigate to http://qa.mcdebos.com/. This usually means that a call to the COM method IWebBrowser2::Navigate2() failed. (WARNING: The server did not provide any stacktrace information)
Command duration or timeout: 17 milliseconds
Build info: version: '2.45.0', revision: '32a636c', time: '2015-03-05 22:01:35'
System info: host: 'DS-000000006173', ip: '10.112.67.78', os.name: 'Windows 7', os.arch: 'x86', os.version: '6.1', java.version: '1.7.0_60'
Session ID: a05d578a-4e5e-4f2a-9712-cf42917788f9
Driver info: org.openqa.selenium.ie.InternetExplorerDriver
Capabilities [{platform=WINDOWS, javascriptEnabled=true, elementScrollBehavior=0, ignoreZoomSetting=false, enablePersistentHover=true, ie.ensureCleanSession=false, browserName=internet explorer, enableElementCacheCleanup=true, unexpectedAlertBehaviour=dismiss, version=10, ie.usePerProcessProxy=false, ignoreProtectedModeSettings=false, cssSelectorsEnabled=true, requireWindowFocus=false, initialBrowserUrl=http://localhost:3468/, handlesAlerts=true, ie.forceCreateProcessApi=false, nativeEvents=true, browserAttachTimeout=0, ie.browserCommandLineSwitches=, takesScreenshot=true}]
	at org.openqa.selenium.remote.ErrorHandler.createThrowable(ErrorHandler.java:204)
	at org.openqa.selenium.remote.ErrorHandler.throwIfResponseFailed(ErrorHandler.java:156)
	at org.openqa.selenium.remote.RemoteWebDriver.execute(RemoteWebDriver.java:599)
	at org.openqa.selenium.remote.RemoteWebDriver.get(RemoteWebDriver.java:304)
	at sprint2.AbstractTest.beforeMethod(AbstractTest.java:82)
... Removed 30 stack frames]]>
    </failure>
  </testcase> <!-- @BeforeMethod beforeMethod -->
  <testcase name="@AfterMethod afterMethod" time="0.0" classname="sprint2.US178_EnterAManualPurachase">
    <skipped/>
  </testcase> <!-- @AfterMethod afterMethod -->
  <testcase name="@BeforeMethod beforeMethod" time="0.0" classname="sprint2.US178_EnterAManualPurachase">
    <skipped/>
  </testcase> <!-- @BeforeMethod beforeMethod -->
  <testcase name="@AfterMethod afterMethod" time="0.0" classname="sprint2.US178_EnterAManualPurachase">
    <skipped/>
  </testcase> <!-- @AfterMethod afterMethod -->
  <testcase name="@BeforeMethod beforeMethod" time="0.0" classname="sprint2.US179_PostAManualPurchase">
    <skipped/>
  </testcase> <!-- @BeforeMethod beforeMethod -->
  <testcase name="@AfterMethod afterMethod" time="0.0" classname="sprint2.US179_PostAManualPurchase">
    <skipped/>
  </testcase> <!-- @AfterMethod afterMethod -->
  <testcase name="@BeforeMethod beforeMethod" time="0.0" classname="sprint2.US179_PostAManualPurchase">
    <skipped/>
  </testcase> <!-- @BeforeMethod beforeMethod -->
  <testcase name="@AfterMethod afterMethod" time="0.0" classname="sprint2.US179_PostAManualPurchase">
    <skipped/>
  </testcase> <!-- @AfterMethod afterMethod -->
  <testcase name="@BeforeMethod beforeMethod" time="0.0" classname="sprint2.US179_PostAManualPurchase">
    <skipped/>
  </testcase> <!-- @BeforeMethod beforeMethod -->
  <testcase name="@AfterMethod afterMethod" time="0.0" classname="sprint2.US179_PostAManualPurchase">
    <skipped/>
  </testcase> <!-- @AfterMethod afterMethod -->
  <testcase name="@AfterTest afterTest" time="0.0" classname="sprint2.US179_PostAManualPurchase">
    <skipped/>
  </testcase> <!-- @AfterTest afterTest -->
  <testcase name="Sprint2_US178_TC393" time="0.0" classname="sprint2.US178_EnterAManualPurachase">
    <skipped/>
  </testcase> <!-- Sprint2_US178_TC393 -->
  <testcase name="Sprint2_US178_TC397" time="0.0" classname="sprint2.US178_EnterAManualPurachase">
    <skipped/>
  </testcase> <!-- Sprint2_US178_TC397 -->
  <testcase name="Sprint2_US179_TC452" time="0.001" classname="sprint2.US179_PostAManualPurchase">
    <skipped/>
  </testcase> <!-- Sprint2_US179_TC452 -->
  <testcase name="Sprint2_US179_TC453" time="0.002" classname="sprint2.US179_PostAManualPurchase">
    <skipped/>
  </testcase> <!-- Sprint2_US179_TC453 -->
  <testcase name="Sprint2_US179_TC530" time="0.0" classname="sprint2.US179_PostAManualPurchase">
    <skipped/>
  </testcase> <!-- Sprint2_US179_TC530 -->
</testsuite> <!-- Test1 -->
